Building DAG of jobs...
Using shell: /usr/bin/bash
Provided cores: 8
Rules claiming more threads will be scaled down.
Job stats:
job          count    min threads    max threads
---------  -------  -------------  -------------
all              1              1              1
bamqc_ALL       28              1              1
total           29              1              1

Select jobs to execute...

[Mon Oct 14 11:01:53 2024]
rule bamqc_ALL:
    input: data/alignment/cmv_mouse/K27ac_2-12-3_liver.ALL.bam, data/alignment/cmv_mouse/K27ac_2-12-3_liver.FILT.bam, data/alignment/cmv_mouse/K27ac_2-12-3_liver.SIZE.bam, data/alignment/cmv_mouse/K27ac_2-12-3_liver.FILT.SIZE.bam
    output: data/alignment/cmv_mouse/QC/K27ac_2-12-3_liver.ALL, data/alignment/cmv_mouse/QC/K27ac_2-12-3_liver.FILT, data/alignment/cmv_mouse/QC/K27ac_2-12-3_liver.SIZE, data/alignment/cmv_mouse/QC/K27ac_2-12-3_liver.FILT.SIZE, data/alignment/cmv_mouse/QC/K27ac_2-12-3_liver.ALL/genome_results.txt, data/alignment/cmv_mouse/QC/K27ac_2-12-3_liver.FILT/genome_results.txt, data/alignment/cmv_mouse/QC/K27ac_2-12-3_liver.SIZE/genome_results.txt, data/alignment/cmv_mouse/QC/K27ac_2-12-3_liver.FILT.SIZE/genome_results.txt
    jobid: 91
    reason: Forced execution
    wildcards: genome=cmv_mouse, sample=K27ac_2-12-3_liver
    resources: tmpdir=/tmp

[Mon Oct 14 11:01:53 2024]
rule bamqc_ALL:
    input: data/alignment/cmv/K27ac_2-2-2_liver.ALL.bam, data/alignment/cmv/K27ac_2-2-2_liver.FILT.bam, data/alignment/cmv/K27ac_2-2-2_liver.SIZE.bam, data/alignment/cmv/K27ac_2-2-2_liver.FILT.SIZE.bam
    output: data/alignment/cmv/QC/K27ac_2-2-2_liver.ALL, data/alignment/cmv/QC/K27ac_2-2-2_liver.FILT, data/alignment/cmv/QC/K27ac_2-2-2_liver.SIZE, data/alignment/cmv/QC/K27ac_2-2-2_liver.FILT.SIZE, data/alignment/cmv/QC/K27ac_2-2-2_liver.ALL/genome_results.txt, data/alignment/cmv/QC/K27ac_2-2-2_liver.FILT/genome_results.txt, data/alignment/cmv/QC/K27ac_2-2-2_liver.SIZE/genome_results.txt, data/alignment/cmv/QC/K27ac_2-2-2_liver.FILT.SIZE/genome_results.txt
    jobid: 151
    reason: Forced execution
    wildcards: genome=cmv, sample=K27ac_2-2-2_liver
    resources: tmpdir=/tmp

[Mon Oct 14 11:01:53 2024]
rule bamqc_ALL:
    input: data/alignment/cmv_mouse/K27ac_9-2-1_liver.ALL.bam, data/alignment/cmv_mouse/K27ac_9-2-1_liver.FILT.bam, data/alignment/cmv_mouse/K27ac_9-2-1_liver.SIZE.bam, data/alignment/cmv_mouse/K27ac_9-2-1_liver.FILT.SIZE.bam
    output: data/alignment/cmv_mouse/QC/K27ac_9-2-1_liver.ALL, data/alignment/cmv_mouse/QC/K27ac_9-2-1_liver.FILT, data/alignment/cmv_mouse/QC/K27ac_9-2-1_liver.SIZE, data/alignment/cmv_mouse/QC/K27ac_9-2-1_liver.FILT.SIZE, data/alignment/cmv_mouse/QC/K27ac_9-2-1_liver.ALL/genome_results.txt, data/alignment/cmv_mouse/QC/K27ac_9-2-1_liver.FILT/genome_results.txt, data/alignment/cmv_mouse/QC/K27ac_9-2-1_liver.SIZE/genome_results.txt, data/alignment/cmv_mouse/QC/K27ac_9-2-1_liver.FILT.SIZE/genome_results.txt
    jobid: 46
    reason: Forced execution
    wildcards: genome=cmv_mouse, sample=K27ac_9-2-1_liver
    resources: tmpdir=/tmp

[Mon Oct 14 11:01:54 2024]
rule bamqc_ALL:
    input: data/alignment/cmv/K27ac_2-6-3_liver.ALL.bam, data/alignment/cmv/K27ac_2-6-3_liver.FILT.bam, data/alignment/cmv/K27ac_2-6-3_liver.SIZE.bam, data/alignment/cmv/K27ac_2-6-3_liver.FILT.SIZE.bam
    output: data/alignment/cmv/QC/K27ac_2-6-3_liver.ALL, data/alignment/cmv/QC/K27ac_2-6-3_liver.FILT, data/alignment/cmv/QC/K27ac_2-6-3_liver.SIZE, data/alignment/cmv/QC/K27ac_2-6-3_liver.FILT.SIZE, data/alignment/cmv/QC/K27ac_2-6-3_liver.ALL/genome_results.txt, data/alignment/cmv/QC/K27ac_2-6-3_liver.FILT/genome_results.txt, data/alignment/cmv/QC/K27ac_2-6-3_liver.SIZE/genome_results.txt, data/alignment/cmv/QC/K27ac_2-6-3_liver.FILT.SIZE/genome_results.txt
    jobid: 127
    reason: Forced execution
    wildcards: genome=cmv, sample=K27ac_2-6-3_liver
    resources: tmpdir=/tmp

[Mon Oct 14 11:01:54 2024]
rule bamqc_ALL:
    input: data/alignment/cmv/K27ac_2-2-3_liver.ALL.bam, data/alignment/cmv/K27ac_2-2-3_liver.FILT.bam, data/alignment/cmv/K27ac_2-2-3_liver.SIZE.bam, data/alignment/cmv/K27ac_2-2-3_liver.FILT.SIZE.bam
    output: data/alignment/cmv/QC/K27ac_2-2-3_liver.ALL, data/alignment/cmv/QC/K27ac_2-2-3_liver.FILT, data/alignment/cmv/QC/K27ac_2-2-3_liver.SIZE, data/alignment/cmv/QC/K27ac_2-2-3_liver.FILT.SIZE, data/alignment/cmv/QC/K27ac_2-2-3_liver.ALL/genome_results.txt, data/alignment/cmv/QC/K27ac_2-2-3_liver.FILT/genome_results.txt, data/alignment/cmv/QC/K27ac_2-2-3_liver.SIZE/genome_results.txt, data/alignment/cmv/QC/K27ac_2-2-3_liver.FILT.SIZE/genome_results.txt
    jobid: 159
    reason: Forced execution
    wildcards: genome=cmv, sample=K27ac_2-2-3_liver
    resources: tmpdir=/tmp

[Mon Oct 14 11:01:54 2024]
rule bamqc_ALL:
    input: data/alignment/cmv/K27ac_9-6-3_liver.ALL.bam, data/alignment/cmv/K27ac_9-6-3_liver.FILT.bam, data/alignment/cmv/K27ac_9-6-3_liver.SIZE.bam, data/alignment/cmv/K27ac_9-6-3_liver.FILT.SIZE.bam
    output: data/alignment/cmv/QC/K27ac_9-6-3_liver.ALL, data/alignment/cmv/QC/K27ac_9-6-3_liver.FILT, data/alignment/cmv/QC/K27ac_9-6-3_liver.SIZE, data/alignment/cmv/QC/K27ac_9-6-3_liver.FILT.SIZE, data/alignment/cmv/QC/K27ac_9-6-3_liver.ALL/genome_results.txt, data/alignment/cmv/QC/K27ac_9-6-3_liver.FILT/genome_results.txt, data/alignment/cmv/QC/K27ac_9-6-3_liver.SIZE/genome_results.txt, data/alignment/cmv/QC/K27ac_9-6-3_liver.FILT.SIZE/genome_results.txt
    jobid: 135
    reason: Forced execution
    wildcards: genome=cmv, sample=K27ac_9-6-3_liver
    resources: tmpdir=/tmp

[Mon Oct 14 11:01:54 2024]
rule bamqc_ALL:
    input: data/alignment/cmv/K27ac_2-2-1_liver.ALL.bam, data/alignment/cmv/K27ac_2-2-1_liver.FILT.bam, data/alignment/cmv/K27ac_2-2-1_liver.SIZE.bam, data/alignment/cmv/K27ac_2-2-1_liver.FILT.SIZE.bam
    output: data/alignment/cmv/QC/K27ac_2-2-1_liver.ALL, data/alignment/cmv/QC/K27ac_2-2-1_liver.FILT, data/alignment/cmv/QC/K27ac_2-2-1_liver.SIZE, data/alignment/cmv/QC/K27ac_2-2-1_liver.FILT.SIZE, data/alignment/cmv/QC/K27ac_2-2-1_liver.ALL/genome_results.txt, data/alignment/cmv/QC/K27ac_2-2-1_liver.FILT/genome_results.txt, data/alignment/cmv/QC/K27ac_2-2-1_liver.SIZE/genome_results.txt, data/alignment/cmv/QC/K27ac_2-2-1_liver.FILT.SIZE/genome_results.txt
    jobid: 143
    reason: Forced execution
    wildcards: genome=cmv, sample=K27ac_2-2-1_liver
    resources: tmpdir=/tmp

[Mon Oct 14 11:01:54 2024]
rule bamqc_ALL:
    input: data/alignment/cmv/K27ac_2-12-3_liver.ALL.bam, data/alignment/cmv/K27ac_2-12-3_liver.FILT.bam, data/alignment/cmv/K27ac_2-12-3_liver.SIZE.bam, data/alignment/cmv/K27ac_2-12-3_liver.FILT.SIZE.bam
    output: data/alignment/cmv/QC/K27ac_2-12-3_liver.ALL, data/alignment/cmv/QC/K27ac_2-12-3_liver.FILT, data/alignment/cmv/QC/K27ac_2-12-3_liver.SIZE, data/alignment/cmv/QC/K27ac_2-12-3_liver.FILT.SIZE, data/alignment/cmv/QC/K27ac_2-12-3_liver.ALL/genome_results.txt, data/alignment/cmv/QC/K27ac_2-12-3_liver.FILT/genome_results.txt, data/alignment/cmv/QC/K27ac_2-12-3_liver.SIZE/genome_results.txt, data/alignment/cmv/QC/K27ac_2-12-3_liver.FILT.SIZE/genome_results.txt
    jobid: 207
    reason: Forced execution
    wildcards: genome=cmv, sample=K27ac_2-12-3_liver
    resources: tmpdir=/tmp

[Mon Oct 14 11:26:12 2024]
Finished job 135.
1 of 29 steps (3%) done
Select jobs to execute...

[Mon Oct 14 11:26:13 2024]
rule bamqc_ALL:
    input: data/alignment/cmv_mouse/K27ac_2-2-3_liver.ALL.bam, data/alignment/cmv_mouse/K27ac_2-2-3_liver.FILT.bam, data/alignment/cmv_mouse/K27ac_2-2-3_liver.SIZE.bam, data/alignment/cmv_mouse/K27ac_2-2-3_liver.FILT.SIZE.bam
    output: data/alignment/cmv_mouse/QC/K27ac_2-2-3_liver.ALL, data/alignment/cmv_mouse/QC/K27ac_2-2-3_liver.FILT, data/alignment/cmv_mouse/QC/K27ac_2-2-3_liver.SIZE, data/alignment/cmv_mouse/QC/K27ac_2-2-3_liver.FILT.SIZE, data/alignment/cmv_mouse/QC/K27ac_2-2-3_liver.ALL/genome_results.txt, data/alignment/cmv_mouse/QC/K27ac_2-2-3_liver.FILT/genome_results.txt, data/alignment/cmv_mouse/QC/K27ac_2-2-3_liver.SIZE/genome_results.txt, data/alignment/cmv_mouse/QC/K27ac_2-2-3_liver.FILT.SIZE/genome_results.txt
    jobid: 37
    reason: Code has changed since last execution
    wildcards: genome=cmv_mouse, sample=K27ac_2-2-3_liver
    resources: tmpdir=/tmp

[Mon Oct 14 11:33:49 2024]
Finished job 151.
2 of 29 steps (7%) done
Select jobs to execute...

[Mon Oct 14 11:33:50 2024]
rule bamqc_ALL:
    input: data/alignment/cmv_mouse/K27ac_2-12-2_liver.ALL.bam, data/alignment/cmv_mouse/K27ac_2-12-2_liver.FILT.bam, data/alignment/cmv_mouse/K27ac_2-12-2_liver.SIZE.bam, data/alignment/cmv_mouse/K27ac_2-12-2_liver.FILT.SIZE.bam
    output: data/alignment/cmv_mouse/QC/K27ac_2-12-2_liver.ALL, data/alignment/cmv_mouse/QC/K27ac_2-12-2_liver.FILT, data/alignment/cmv_mouse/QC/K27ac_2-12-2_liver.SIZE, data/alignment/cmv_mouse/QC/K27ac_2-12-2_liver.FILT.SIZE, data/alignment/cmv_mouse/QC/K27ac_2-12-2_liver.ALL/genome_results.txt, data/alignment/cmv_mouse/QC/K27ac_2-12-2_liver.FILT/genome_results.txt, data/alignment/cmv_mouse/QC/K27ac_2-12-2_liver.SIZE/genome_results.txt, data/alignment/cmv_mouse/QC/K27ac_2-12-2_liver.FILT.SIZE/genome_results.txt
    jobid: 82
    reason: Code has changed since last execution
    wildcards: genome=cmv_mouse, sample=K27ac_2-12-2_liver
    resources: tmpdir=/tmp

[Mon Oct 14 11:40:54 2024]
Finished job 159.
3 of 29 steps (10%) done
Select jobs to execute...

[Mon Oct 14 11:40:55 2024]
rule bamqc_ALL:
    input: data/alignment/cmv_mouse/K27ac_2-6-3_liver.ALL.bam, data/alignment/cmv_mouse/K27ac_2-6-3_liver.FILT.bam, data/alignment/cmv_mouse/K27ac_2-6-3_liver.SIZE.bam, data/alignment/cmv_mouse/K27ac_2-6-3_liver.FILT.SIZE.bam
    output: data/alignment/cmv_mouse/QC/K27ac_2-6-3_liver.ALL, data/alignment/cmv_mouse/QC/K27ac_2-6-3_liver.FILT, data/alignment/cmv_mouse/QC/K27ac_2-6-3_liver.SIZE, data/alignment/cmv_mouse/QC/K27ac_2-6-3_liver.FILT.SIZE, data/alignment/cmv_mouse/QC/K27ac_2-6-3_liver.ALL/genome_results.txt, data/alignment/cmv_mouse/QC/K27ac_2-6-3_liver.FILT/genome_results.txt, data/alignment/cmv_mouse/QC/K27ac_2-6-3_liver.SIZE/genome_results.txt, data/alignment/cmv_mouse/QC/K27ac_2-6-3_liver.FILT.SIZE/genome_results.txt
    jobid: 1
    reason: Code has changed since last execution
    wildcards: genome=cmv_mouse, sample=K27ac_2-6-3_liver
    resources: tmpdir=/tmp

[Mon Oct 14 11:41:18 2024]
Finished job 207.
4 of 29 steps (14%) done
Select jobs to execute...

[Mon Oct 14 11:41:19 2024]
rule bamqc_ALL:
    input: data/alignment/cmv/K27ac_2-12-2_liver.ALL.bam, data/alignment/cmv/K27ac_2-12-2_liver.FILT.bam, data/alignment/cmv/K27ac_2-12-2_liver.SIZE.bam, data/alignment/cmv/K27ac_2-12-2_liver.FILT.SIZE.bam
    output: data/alignment/cmv/QC/K27ac_2-12-2_liver.ALL, data/alignment/cmv/QC/K27ac_2-12-2_liver.FILT, data/alignment/cmv/QC/K27ac_2-12-2_liver.SIZE, data/alignment/cmv/QC/K27ac_2-12-2_liver.FILT.SIZE, data/alignment/cmv/QC/K27ac_2-12-2_liver.ALL/genome_results.txt, data/alignment/cmv/QC/K27ac_2-12-2_liver.FILT/genome_results.txt, data/alignment/cmv/QC/K27ac_2-12-2_liver.SIZE/genome_results.txt, data/alignment/cmv/QC/K27ac_2-12-2_liver.FILT.SIZE/genome_results.txt
    jobid: 199
    reason: Code has changed since last execution
    wildcards: genome=cmv, sample=K27ac_2-12-2_liver
    resources: tmpdir=/tmp

[Mon Oct 14 11:42:24 2024]
Finished job 127.
5 of 29 steps (17%) done
Select jobs to execute...

[Mon Oct 14 11:42:26 2024]
rule bamqc_ALL:
    input: data/alignment/cmv_mouse/K27ac_2-2-1_liver.ALL.bam, data/alignment/cmv_mouse/K27ac_2-2-1_liver.FILT.bam, data/alignment/cmv_mouse/K27ac_2-2-1_liver.SIZE.bam, data/alignment/cmv_mouse/K27ac_2-2-1_liver.FILT.SIZE.bam
    output: data/alignment/cmv_mouse/QC/K27ac_2-2-1_liver.ALL, data/alignment/cmv_mouse/QC/K27ac_2-2-1_liver.FILT, data/alignment/cmv_mouse/QC/K27ac_2-2-1_liver.SIZE, data/alignment/cmv_mouse/QC/K27ac_2-2-1_liver.FILT.SIZE, data/alignment/cmv_mouse/QC/K27ac_2-2-1_liver.ALL/genome_results.txt, data/alignment/cmv_mouse/QC/K27ac_2-2-1_liver.FILT/genome_results.txt, data/alignment/cmv_mouse/QC/K27ac_2-2-1_liver.SIZE/genome_results.txt, data/alignment/cmv_mouse/QC/K27ac_2-2-1_liver.FILT.SIZE/genome_results.txt
    jobid: 19
    reason: Missing output files: data/alignment/cmv_mouse/QC/K27ac_2-2-1_liver.ALL/genome_results.txt
    wildcards: genome=cmv_mouse, sample=K27ac_2-2-1_liver
    resources: tmpdir=/tmp

[Mon Oct 14 11:45:31 2024]
Finished job 143.
6 of 29 steps (21%) done
Select jobs to execute...

[Mon Oct 14 11:45:32 2024]
rule bamqc_ALL:
    input: data/alignment/cmv_mouse/K27ac_9-2-3_liver.ALL.bam, data/alignment/cmv_mouse/K27ac_9-2-3_liver.FILT.bam, data/alignment/cmv_mouse/K27ac_9-2-3_liver.SIZE.bam, data/alignment/cmv_mouse/K27ac_9-2-3_liver.FILT.SIZE.bam
    output: data/alignment/cmv_mouse/QC/K27ac_9-2-3_liver.ALL, data/alignment/cmv_mouse/QC/K27ac_9-2-3_liver.FILT, data/alignment/cmv_mouse/QC/K27ac_9-2-3_liver.SIZE, data/alignment/cmv_mouse/QC/K27ac_9-2-3_liver.FILT.SIZE, data/alignment/cmv_mouse/QC/K27ac_9-2-3_liver.ALL/genome_results.txt, data/alignment/cmv_mouse/QC/K27ac_9-2-3_liver.FILT/genome_results.txt, data/alignment/cmv_mouse/QC/K27ac_9-2-3_liver.SIZE/genome_results.txt, data/alignment/cmv_mouse/QC/K27ac_9-2-3_liver.FILT.SIZE/genome_results.txt
    jobid: 64
    reason: Code has changed since last execution
    wildcards: genome=cmv_mouse, sample=K27ac_9-2-3_liver
    resources: tmpdir=/tmp

[Mon Oct 14 12:02:41 2024]
Finished job 199.
7 of 29 steps (24%) done
Select jobs to execute...

[Mon Oct 14 12:02:41 2024]
rule bamqc_ALL:
    input: data/alignment/cmv_mouse/K27ac_9-12-2_liver.ALL.bam, data/alignment/cmv_mouse/K27ac_9-12-2_liver.FILT.bam, data/alignment/cmv_mouse/K27ac_9-12-2_liver.SIZE.bam, data/alignment/cmv_mouse/K27ac_9-12-2_liver.FILT.SIZE.bam
    output: data/alignment/cmv_mouse/QC/K27ac_9-12-2_liver.ALL, data/alignment/cmv_mouse/QC/K27ac_9-12-2_liver.FILT, data/alignment/cmv_mouse/QC/K27ac_9-12-2_liver.SIZE, data/alignment/cmv_mouse/QC/K27ac_9-12-2_liver.FILT.SIZE, data/alignment/cmv_mouse/QC/K27ac_9-12-2_liver.ALL/genome_results.txt, data/alignment/cmv_mouse/QC/K27ac_9-12-2_liver.FILT/genome_results.txt, data/alignment/cmv_mouse/QC/K27ac_9-12-2_liver.SIZE/genome_results.txt, data/alignment/cmv_mouse/QC/K27ac_9-12-2_liver.FILT.SIZE/genome_results.txt
    jobid: 109
    reason: Code has changed since last execution
    wildcards: genome=cmv_mouse, sample=K27ac_9-12-2_liver
    resources: tmpdir=/tmp

[Mon Oct 14 13:30:22 2024]
Finished job 82.
8 of 29 steps (28%) done
Select jobs to execute...

[Mon Oct 14 13:30:23 2024]
rule bamqc_ALL:
    input: data/alignment/cmv/K27ac_9-12-3_liver.ALL.bam, data/alignment/cmv/K27ac_9-12-3_liver.FILT.bam, data/alignment/cmv/K27ac_9-12-3_liver.SIZE.bam, data/alignment/cmv/K27ac_9-12-3_liver.FILT.SIZE.bam
    output: data/alignment/cmv/QC/K27ac_9-12-3_liver.ALL, data/alignment/cmv/QC/K27ac_9-12-3_liver.FILT, data/alignment/cmv/QC/K27ac_9-12-3_liver.SIZE, data/alignment/cmv/QC/K27ac_9-12-3_liver.FILT.SIZE, data/alignment/cmv/QC/K27ac_9-12-3_liver.ALL/genome_results.txt, data/alignment/cmv/QC/K27ac_9-12-3_liver.FILT/genome_results.txt, data/alignment/cmv/QC/K27ac_9-12-3_liver.SIZE/genome_results.txt, data/alignment/cmv/QC/K27ac_9-12-3_liver.FILT.SIZE/genome_results.txt
    jobid: 231
    reason: Code has changed since last execution
    wildcards: genome=cmv, sample=K27ac_9-12-3_liver
    resources: tmpdir=/tmp

[Mon Oct 14 14:03:21 2024]
Finished job 109.
9 of 29 steps (31%) done
Select jobs to execute...

[Mon Oct 14 14:03:22 2024]
rule bamqc_ALL:
    input: data/alignment/cmv_mouse/K27ac_9-12-1_liver.ALL.bam, data/alignment/cmv_mouse/K27ac_9-12-1_liver.FILT.bam, data/alignment/cmv_mouse/K27ac_9-12-1_liver.SIZE.bam, data/alignment/cmv_mouse/K27ac_9-12-1_liver.FILT.SIZE.bam
    output: data/alignment/cmv_mouse/QC/K27ac_9-12-1_liver.ALL, data/alignment/cmv_mouse/QC/K27ac_9-12-1_liver.FILT, data/alignment/cmv_mouse/QC/K27ac_9-12-1_liver.SIZE, data/alignment/cmv_mouse/QC/K27ac_9-12-1_liver.FILT.SIZE, data/alignment/cmv_mouse/QC/K27ac_9-12-1_liver.ALL/genome_results.txt, data/alignment/cmv_mouse/QC/K27ac_9-12-1_liver.FILT/genome_results.txt, data/alignment/cmv_mouse/QC/K27ac_9-12-1_liver.SIZE/genome_results.txt, data/alignment/cmv_mouse/QC/K27ac_9-12-1_liver.FILT.SIZE/genome_results.txt
    jobid: 100
    reason: Code has changed since last execution
    wildcards: genome=cmv_mouse, sample=K27ac_9-12-1_liver
    resources: tmpdir=/tmp

[Mon Oct 14 14:04:14 2024]
Finished job 231.
10 of 29 steps (34%) done
Select jobs to execute...

[Mon Oct 14 14:04:15 2024]
rule bamqc_ALL:
    input: data/alignment/cmv_mouse/K27ac_9-6-3_liver.ALL.bam, data/alignment/cmv_mouse/K27ac_9-6-3_liver.FILT.bam, data/alignment/cmv_mouse/K27ac_9-6-3_liver.SIZE.bam, data/alignment/cmv_mouse/K27ac_9-6-3_liver.FILT.SIZE.bam
    output: data/alignment/cmv_mouse/QC/K27ac_9-6-3_liver.ALL, data/alignment/cmv_mouse/QC/K27ac_9-6-3_liver.FILT, data/alignment/cmv_mouse/QC/K27ac_9-6-3_liver.SIZE, data/alignment/cmv_mouse/QC/K27ac_9-6-3_liver.FILT.SIZE, data/alignment/cmv_mouse/QC/K27ac_9-6-3_liver.ALL/genome_results.txt, data/alignment/cmv_mouse/QC/K27ac_9-6-3_liver.FILT/genome_results.txt, data/alignment/cmv_mouse/QC/K27ac_9-6-3_liver.SIZE/genome_results.txt, data/alignment/cmv_mouse/QC/K27ac_9-6-3_liver.FILT.SIZE/genome_results.txt
    jobid: 10
    reason: Code has changed since last execution
    wildcards: genome=cmv_mouse, sample=K27ac_9-6-3_liver
    resources: tmpdir=/tmp

[Mon Oct 14 14:57:35 2024]
Finished job 46.
11 of 29 steps (38%) done
Select jobs to execute...

[Mon Oct 14 14:57:36 2024]
rule bamqc_ALL:
    input: data/alignment/cmv/K27ac_9-2-2_liver.ALL.bam, data/alignment/cmv/K27ac_9-2-2_liver.FILT.bam, data/alignment/cmv/K27ac_9-2-2_liver.SIZE.bam, data/alignment/cmv/K27ac_9-2-2_liver.FILT.SIZE.bam
    output: data/alignment/cmv/QC/K27ac_9-2-2_liver.ALL, data/alignment/cmv/QC/K27ac_9-2-2_liver.FILT, data/alignment/cmv/QC/K27ac_9-2-2_liver.SIZE, data/alignment/cmv/QC/K27ac_9-2-2_liver.FILT.SIZE, data/alignment/cmv/QC/K27ac_9-2-2_liver.ALL/genome_results.txt, data/alignment/cmv/QC/K27ac_9-2-2_liver.FILT/genome_results.txt, data/alignment/cmv/QC/K27ac_9-2-2_liver.SIZE/genome_results.txt, data/alignment/cmv/QC/K27ac_9-2-2_liver.FILT.SIZE/genome_results.txt
    jobid: 175
    reason: Code has changed since last execution
    wildcards: genome=cmv, sample=K27ac_9-2-2_liver
    resources: tmpdir=/tmp

[Mon Oct 14 15:11:30 2024]
Finished job 91.
12 of 29 steps (41%) done
Select jobs to execute...

[Mon Oct 14 15:11:31 2024]
rule bamqc_ALL:
    input: data/alignment/cmv_mouse/K27ac_9-2-2_liver.ALL.bam, data/alignment/cmv_mouse/K27ac_9-2-2_liver.FILT.bam, data/alignment/cmv_mouse/K27ac_9-2-2_liver.SIZE.bam, data/alignment/cmv_mouse/K27ac_9-2-2_liver.FILT.SIZE.bam
    output: data/alignment/cmv_mouse/QC/K27ac_9-2-2_liver.ALL, data/alignment/cmv_mouse/QC/K27ac_9-2-2_liver.FILT, data/alignment/cmv_mouse/QC/K27ac_9-2-2_liver.SIZE, data/alignment/cmv_mouse/QC/K27ac_9-2-2_liver.FILT.SIZE, data/alignment/cmv_mouse/QC/K27ac_9-2-2_liver.ALL/genome_results.txt, data/alignment/cmv_mouse/QC/K27ac_9-2-2_liver.FILT/genome_results.txt, data/alignment/cmv_mouse/QC/K27ac_9-2-2_liver.SIZE/genome_results.txt, data/alignment/cmv_mouse/QC/K27ac_9-2-2_liver.FILT.SIZE/genome_results.txt
    jobid: 55
    reason: Code has changed since last execution
    wildcards: genome=cmv_mouse, sample=K27ac_9-2-2_liver
    resources: tmpdir=/tmp

[Mon Oct 14 15:35:48 2024]
Finished job 175.
13 of 29 steps (45%) done
Select jobs to execute...

[Mon Oct 14 15:35:49 2024]
rule bamqc_ALL:
    input: data/alignment/cmv/K27ac_9-2-1_liver.ALL.bam, data/alignment/cmv/K27ac_9-2-1_liver.FILT.bam, data/alignment/cmv/K27ac_9-2-1_liver.SIZE.bam, data/alignment/cmv/K27ac_9-2-1_liver.FILT.SIZE.bam
    output: data/alignment/cmv/QC/K27ac_9-2-1_liver.ALL, data/alignment/cmv/QC/K27ac_9-2-1_liver.FILT, data/alignment/cmv/QC/K27ac_9-2-1_liver.SIZE, data/alignment/cmv/QC/K27ac_9-2-1_liver.FILT.SIZE, data/alignment/cmv/QC/K27ac_9-2-1_liver.ALL/genome_results.txt, data/alignment/cmv/QC/K27ac_9-2-1_liver.FILT/genome_results.txt, data/alignment/cmv/QC/K27ac_9-2-1_liver.SIZE/genome_results.txt, data/alignment/cmv/QC/K27ac_9-2-1_liver.FILT.SIZE/genome_results.txt
    jobid: 167
    reason: Code has changed since last execution
    wildcards: genome=cmv, sample=K27ac_9-2-1_liver
    resources: tmpdir=/tmp

[Mon Oct 14 15:47:25 2024]
Finished job 37.
14 of 29 steps (48%) done
Select jobs to execute...

[Mon Oct 14 15:47:26 2024]
rule bamqc_ALL:
    input: data/alignment/cmv_mouse/K27ac_9-12-3_liver.ALL.bam, data/alignment/cmv_mouse/K27ac_9-12-3_liver.FILT.bam, data/alignment/cmv_mouse/K27ac_9-12-3_liver.SIZE.bam, data/alignment/cmv_mouse/K27ac_9-12-3_liver.FILT.SIZE.bam
    output: data/alignment/cmv_mouse/QC/K27ac_9-12-3_liver.ALL, data/alignment/cmv_mouse/QC/K27ac_9-12-3_liver.FILT, data/alignment/cmv_mouse/QC/K27ac_9-12-3_liver.SIZE, data/alignment/cmv_mouse/QC/K27ac_9-12-3_liver.FILT.SIZE, data/alignment/cmv_mouse/QC/K27ac_9-12-3_liver.ALL/genome_results.txt, data/alignment/cmv_mouse/QC/K27ac_9-12-3_liver.FILT/genome_results.txt, data/alignment/cmv_mouse/QC/K27ac_9-12-3_liver.SIZE/genome_results.txt, data/alignment/cmv_mouse/QC/K27ac_9-12-3_liver.FILT.SIZE/genome_results.txt
    jobid: 118
    reason: Code has changed since last execution
    wildcards: genome=cmv_mouse, sample=K27ac_9-12-3_liver
    resources: tmpdir=/tmp

[Mon Oct 14 16:13:07 2024]
Finished job 167.
15 of 29 steps (52%) done
Select jobs to execute...

[Mon Oct 14 16:13:09 2024]
rule bamqc_ALL:
    input: data/alignment/cmv_mouse/K27ac_2-12-1_liver.ALL.bam, data/alignment/cmv_mouse/K27ac_2-12-1_liver.FILT.bam, data/alignment/cmv_mouse/K27ac_2-12-1_liver.SIZE.bam, data/alignment/cmv_mouse/K27ac_2-12-1_liver.FILT.SIZE.bam
    output: data/alignment/cmv_mouse/QC/K27ac_2-12-1_liver.ALL, data/alignment/cmv_mouse/QC/K27ac_2-12-1_liver.FILT, data/alignment/cmv_mouse/QC/K27ac_2-12-1_liver.SIZE, data/alignment/cmv_mouse/QC/K27ac_2-12-1_liver.FILT.SIZE, data/alignment/cmv_mouse/QC/K27ac_2-12-1_liver.ALL/genome_results.txt, data/alignment/cmv_mouse/QC/K27ac_2-12-1_liver.FILT/genome_results.txt, data/alignment/cmv_mouse/QC/K27ac_2-12-1_liver.SIZE/genome_results.txt, data/alignment/cmv_mouse/QC/K27ac_2-12-1_liver.FILT.SIZE/genome_results.txt
    jobid: 73
    reason: Code has changed since last execution
    wildcards: genome=cmv_mouse, sample=K27ac_2-12-1_liver
    resources: tmpdir=/tmp

[Mon Oct 14 16:22:17 2024]
Finished job 64.
16 of 29 steps (55%) done
Select jobs to execute...

[Mon Oct 14 16:22:18 2024]
rule bamqc_ALL:
    input: data/alignment/cmv/K27ac_9-12-2_liver.ALL.bam, data/alignment/cmv/K27ac_9-12-2_liver.FILT.bam, data/alignment/cmv/K27ac_9-12-2_liver.SIZE.bam, data/alignment/cmv/K27ac_9-12-2_liver.FILT.SIZE.bam
    output: data/alignment/cmv/QC/K27ac_9-12-2_liver.ALL, data/alignment/cmv/QC/K27ac_9-12-2_liver.FILT, data/alignment/cmv/QC/K27ac_9-12-2_liver.SIZE, data/alignment/cmv/QC/K27ac_9-12-2_liver.FILT.SIZE, data/alignment/cmv/QC/K27ac_9-12-2_liver.ALL/genome_results.txt, data/alignment/cmv/QC/K27ac_9-12-2_liver.FILT/genome_results.txt, data/alignment/cmv/QC/K27ac_9-12-2_liver.SIZE/genome_results.txt, data/alignment/cmv/QC/K27ac_9-12-2_liver.FILT.SIZE/genome_results.txt
    jobid: 223
    reason: Code has changed since last execution
    wildcards: genome=cmv, sample=K27ac_9-12-2_liver
    resources: tmpdir=/tmp

[Mon Oct 14 16:41:50 2024]
Finished job 10.
17 of 29 steps (59%) done
Select jobs to execute...

[Mon Oct 14 16:41:51 2024]
rule bamqc_ALL:
    input: data/alignment/cmv/K27ac_9-2-3_liver.ALL.bam, data/alignment/cmv/K27ac_9-2-3_liver.FILT.bam, data/alignment/cmv/K27ac_9-2-3_liver.SIZE.bam, data/alignment/cmv/K27ac_9-2-3_liver.FILT.SIZE.bam
    output: data/alignment/cmv/QC/K27ac_9-2-3_liver.ALL, data/alignment/cmv/QC/K27ac_9-2-3_liver.FILT, data/alignment/cmv/QC/K27ac_9-2-3_liver.SIZE, data/alignment/cmv/QC/K27ac_9-2-3_liver.FILT.SIZE, data/alignment/cmv/QC/K27ac_9-2-3_liver.ALL/genome_results.txt, data/alignment/cmv/QC/K27ac_9-2-3_liver.FILT/genome_results.txt, data/alignment/cmv/QC/K27ac_9-2-3_liver.SIZE/genome_results.txt, data/alignment/cmv/QC/K27ac_9-2-3_liver.FILT.SIZE/genome_results.txt
    jobid: 183
    reason: Code has changed since last execution
    wildcards: genome=cmv, sample=K27ac_9-2-3_liver
    resources: tmpdir=/tmp

[Mon Oct 14 16:42:26 2024]
Finished job 223.
18 of 29 steps (62%) done
Select jobs to execute...

[Mon Oct 14 16:42:27 2024]
rule bamqc_ALL:
    input: data/alignment/cmv/K27ac_2-12-1_liver.ALL.bam, data/alignment/cmv/K27ac_2-12-1_liver.FILT.bam, data/alignment/cmv/K27ac_2-12-1_liver.SIZE.bam, data/alignment/cmv/K27ac_2-12-1_liver.FILT.SIZE.bam
    output: data/alignment/cmv/QC/K27ac_2-12-1_liver.ALL, data/alignment/cmv/QC/K27ac_2-12-1_liver.FILT, data/alignment/cmv/QC/K27ac_2-12-1_liver.SIZE, data/alignment/cmv/QC/K27ac_2-12-1_liver.FILT.SIZE, data/alignment/cmv/QC/K27ac_2-12-1_liver.ALL/genome_results.txt, data/alignment/cmv/QC/K27ac_2-12-1_liver.FILT/genome_results.txt, data/alignment/cmv/QC/K27ac_2-12-1_liver.SIZE/genome_results.txt, data/alignment/cmv/QC/K27ac_2-12-1_liver.FILT.SIZE/genome_results.txt
    jobid: 191
    reason: Code has changed since last execution
    wildcards: genome=cmv, sample=K27ac_2-12-1_liver
    resources: tmpdir=/tmp

[Mon Oct 14 16:49:23 2024]
Finished job 1.
19 of 29 steps (66%) done
Select jobs to execute...

[Mon Oct 14 16:49:23 2024]
rule bamqc_ALL:
    input: data/alignment/cmv_mouse/K27ac_2-2-2_liver.ALL.bam, data/alignment/cmv_mouse/K27ac_2-2-2_liver.FILT.bam, data/alignment/cmv_mouse/K27ac_2-2-2_liver.SIZE.bam, data/alignment/cmv_mouse/K27ac_2-2-2_liver.FILT.SIZE.bam
    output: data/alignment/cmv_mouse/QC/K27ac_2-2-2_liver.ALL, data/alignment/cmv_mouse/QC/K27ac_2-2-2_liver.FILT, data/alignment/cmv_mouse/QC/K27ac_2-2-2_liver.SIZE, data/alignment/cmv_mouse/QC/K27ac_2-2-2_liver.FILT.SIZE, data/alignment/cmv_mouse/QC/K27ac_2-2-2_liver.ALL/genome_results.txt, data/alignment/cmv_mouse/QC/K27ac_2-2-2_liver.FILT/genome_results.txt, data/alignment/cmv_mouse/QC/K27ac_2-2-2_liver.SIZE/genome_results.txt, data/alignment/cmv_mouse/QC/K27ac_2-2-2_liver.FILT.SIZE/genome_results.txt
    jobid: 28
    reason: Code has changed since last execution
    wildcards: genome=cmv_mouse, sample=K27ac_2-2-2_liver
    resources: tmpdir=/tmp

[Mon Oct 14 16:51:58 2024]
Finished job 19.
20 of 29 steps (69%) done
Select jobs to execute...

[Mon Oct 14 16:52:00 2024]
rule bamqc_ALL:
    input: data/alignment/cmv/K27ac_9-12-1_liver.ALL.bam, data/alignment/cmv/K27ac_9-12-1_liver.FILT.bam, data/alignment/cmv/K27ac_9-12-1_liver.SIZE.bam, data/alignment/cmv/K27ac_9-12-1_liver.FILT.SIZE.bam
    output: data/alignment/cmv/QC/K27ac_9-12-1_liver.ALL, data/alignment/cmv/QC/K27ac_9-12-1_liver.FILT, data/alignment/cmv/QC/K27ac_9-12-1_liver.SIZE, data/alignment/cmv/QC/K27ac_9-12-1_liver.FILT.SIZE, data/alignment/cmv/QC/K27ac_9-12-1_liver.ALL/genome_results.txt, data/alignment/cmv/QC/K27ac_9-12-1_liver.FILT/genome_results.txt, data/alignment/cmv/QC/K27ac_9-12-1_liver.SIZE/genome_results.txt, data/alignment/cmv/QC/K27ac_9-12-1_liver.FILT.SIZE/genome_results.txt
    jobid: 215
    reason: Code has changed since last execution
    wildcards: genome=cmv, sample=K27ac_9-12-1_liver
    resources: tmpdir=/tmp

[Mon Oct 14 17:00:48 2024]
Finished job 191.
21 of 29 steps (72%) done
[Mon Oct 14 17:18:33 2024]
Finished job 183.
22 of 29 steps (76%) done
[Mon Oct 14 17:20:59 2024]
Finished job 73.
23 of 29 steps (79%) done
[Mon Oct 14 17:28:18 2024]
Finished job 215.
24 of 29 steps (83%) done
[Mon Oct 14 17:55:46 2024]
Finished job 100.
25 of 29 steps (86%) done
[Mon Oct 14 18:17:30 2024]
Finished job 118.
26 of 29 steps (90%) done
[Mon Oct 14 18:22:12 2024]
Finished job 55.
27 of 29 steps (93%) done
[Mon Oct 14 18:32:03 2024]
Finished job 28.
28 of 29 steps (97%) done
Select jobs to execute...

[Mon Oct 14 18:32:03 2024]
localrule all:
    input: data/alignment/cmv_mouse/QC/K27ac_2-6-3_liver.ALL/genome_results.txt, data/alignment/cmv_mouse/QC/K27ac_9-6-3_liver.ALL/genome_results.txt, data/alignment/cmv_mouse/QC/K27ac_2-2-1_liver.ALL/genome_results.txt, data/alignment/cmv_mouse/QC/K27ac_2-2-2_liver.ALL/genome_results.txt, data/alignment/cmv_mouse/QC/K27ac_2-2-3_liver.ALL/genome_results.txt, data/alignment/cmv_mouse/QC/K27ac_9-2-1_liver.ALL/genome_results.txt, data/alignment/cmv_mouse/QC/K27ac_9-2-2_liver.ALL/genome_results.txt, data/alignment/cmv_mouse/QC/K27ac_9-2-3_liver.ALL/genome_results.txt, data/alignment/cmv_mouse/QC/K27ac_2-12-1_liver.ALL/genome_results.txt, data/alignment/cmv_mouse/QC/K27ac_2-12-2_liver.ALL/genome_results.txt, data/alignment/cmv_mouse/QC/K27ac_2-12-3_liver.ALL/genome_results.txt, data/alignment/cmv_mouse/QC/K27ac_9-12-1_liver.ALL/genome_results.txt, data/alignment/cmv_mouse/QC/K27ac_9-12-2_liver.ALL/genome_results.txt, data/alignment/cmv_mouse/QC/K27ac_9-12-3_liver.ALL/genome_results.txt, data/alignment/cmv/QC/K27ac_2-6-3_liver.ALL/genome_results.txt, data/alignment/cmv/QC/K27ac_9-6-3_liver.ALL/genome_results.txt, data/alignment/cmv/QC/K27ac_2-2-1_liver.ALL/genome_results.txt, data/alignment/cmv/QC/K27ac_2-2-2_liver.ALL/genome_results.txt, data/alignment/cmv/QC/K27ac_2-2-3_liver.ALL/genome_results.txt, data/alignment/cmv/QC/K27ac_9-2-1_liver.ALL/genome_results.txt, data/alignment/cmv/QC/K27ac_9-2-2_liver.ALL/genome_results.txt, data/alignment/cmv/QC/K27ac_9-2-3_liver.ALL/genome_results.txt, data/alignment/cmv/QC/K27ac_2-12-1_liver.ALL/genome_results.txt, data/alignment/cmv/QC/K27ac_2-12-2_liver.ALL/genome_results.txt, data/alignment/cmv/QC/K27ac_2-12-3_liver.ALL/genome_results.txt, data/alignment/cmv/QC/K27ac_9-12-1_liver.ALL/genome_results.txt, data/alignment/cmv/QC/K27ac_9-12-2_liver.ALL/genome_results.txt, data/alignment/cmv/QC/K27ac_9-12-3_liver.ALL/genome_results.txt
    jobid: 0
    reason: Input files updated by another job: data/alignment/cmv_mouse/QC/K27ac_2-2-2_liver.ALL/genome_results.txt, data/alignment/cmv/QC/K27ac_9-2-2_liver.ALL/genome_results.txt, data/alignment/cmv/QC/K27ac_9-12-2_liver.ALL/genome_results.txt, data/alignment/cmv_mouse/QC/K27ac_2-2-3_liver.ALL/genome_results.txt, data/alignment/cmv/QC/K27ac_2-12-3_liver.ALL/genome_results.txt, data/alignment/cmv/QC/K27ac_2-6-3_liver.ALL/genome_results.txt, data/alignment/cmv/QC/K27ac_2-12-2_liver.ALL/genome_results.txt, data/alignment/cmv/QC/K27ac_9-2-1_liver.ALL/genome_results.txt, data/alignment/cmv_mouse/QC/K27ac_2-12-3_liver.ALL/genome_results.txt, data/alignment/cmv/QC/K27ac_9-2-3_liver.ALL/genome_results.txt, data/alignment/cmv/QC/K27ac_2-2-2_liver.ALL/genome_results.txt, data/alignment/cmv_mouse/QC/K27ac_2-12-1_liver.ALL/genome_results.txt, data/alignment/cmv_mouse/QC/K27ac_9-12-3_liver.ALL/genome_results.txt, data/alignment/cmv/QC/K27ac_2-2-1_liver.ALL/genome_results.txt, data/alignment/cmv/QC/K27ac_9-6-3_liver.ALL/genome_results.txt, data/alignment/cmv_mouse/QC/K27ac_2-2-1_liver.ALL/genome_results.txt, data/alignment/cmv_mouse/QC/K27ac_9-12-1_liver.ALL/genome_results.txt, data/alignment/cmv_mouse/QC/K27ac_9-2-3_liver.ALL/genome_results.txt, data/alignment/cmv/QC/K27ac_9-12-3_liver.ALL/genome_results.txt, data/alignment/cmv/QC/K27ac_2-12-1_liver.ALL/genome_results.txt, data/alignment/cmv/QC/K27ac_9-12-1_liver.ALL/genome_results.txt, data/alignment/cmv_mouse/QC/K27ac_9-12-2_liver.ALL/genome_results.txt, data/alignment/cmv_mouse/QC/K27ac_2-12-2_liver.ALL/genome_results.txt, data/alignment/cmv_mouse/QC/K27ac_9-2-1_liver.ALL/genome_results.txt, data/alignment/cmv_mouse/QC/K27ac_9-6-3_liver.ALL/genome_results.txt, data/alignment/cmv_mouse/QC/K27ac_9-2-2_liver.ALL/genome_results.txt, data/alignment/cmv/QC/K27ac_2-2-3_liver.ALL/genome_results.txt, data/alignment/cmv_mouse/QC/K27ac_2-6-3_liver.ALL/genome_results.txt
    resources: tmpdir=/tmp

[Mon Oct 14 18:32:03 2024]
Finished job 0.
29 of 29 steps (100%) done
Complete log: .snakemake/log/2024-10-14T110152.387634.snakemake.log
