Building DAG of jobs...
Using shell: /usr/bin/bash
Provided cores: 16
Rules claiming more threads will be scaled down.
Job stats:
job      count    min threads    max threads
-----  -------  -------------  -------------
SEACR       16              1              1
all          1              1              1
total       17              1              1

Select jobs to execute...

[Wed Nov 13 10:56:37 2024]
rule SEACR:
    input: data/alignment/cmv/K27ac_2-2-3_liver.ALL.bedgraph, data/alignment/cmv/K27ac_2-2-3_liver.FILT.SIZE.bedgraph
    output: data/alignment/cmv/K27ac_2-2-3_liver.ALL.SEACR.stringent.bed, data/alignment/cmv/K27ac_2-2-3_liver.FILT.SIZE.SEACR.stringent.bed
    jobid: 177
    reason: Missing output files: data/alignment/cmv/K27ac_2-2-3_liver.ALL.SEACR.stringent.bed
    wildcards: genome=cmv, sample=K27ac_2-2-3_liver
    resources: tmpdir=/tmp

[Wed Nov 13 10:56:37 2024]
rule SEACR:
    input: data/alignment/cmv/K27ac_2-12-1_liver.ALL.bedgraph, data/alignment/cmv/K27ac_2-12-1_liver.FILT.SIZE.bedgraph
    output: data/alignment/cmv/K27ac_2-12-1_liver.ALL.SEACR.stringent.bed, data/alignment/cmv/K27ac_2-12-1_liver.FILT.SIZE.SEACR.stringent.bed
    jobid: 213
    reason: Missing output files: data/alignment/cmv/K27ac_2-12-1_liver.ALL.SEACR.stringent.bed
    wildcards: genome=cmv, sample=K27ac_2-12-1_liver
    resources: tmpdir=/tmp

[Wed Nov 13 10:56:37 2024]
rule SEACR:
    input: data/alignment/cmv/K27ac_9-12-3_liver.ALL.bedgraph, data/alignment/cmv/K27ac_9-12-3_liver.FILT.SIZE.bedgraph
    output: data/alignment/cmv/K27ac_9-12-3_liver.ALL.SEACR.stringent.bed, data/alignment/cmv/K27ac_9-12-3_liver.FILT.SIZE.SEACR.stringent.bed
    jobid: 258
    reason: Missing output files: data/alignment/cmv/K27ac_9-12-3_liver.ALL.SEACR.stringent.bed
    wildcards: genome=cmv, sample=K27ac_9-12-3_liver
    resources: tmpdir=/tmp

[Wed Nov 13 10:56:37 2024]
rule SEACR:
    input: data/alignment/cmv/K27ac_2-2-2_liver.ALL.bedgraph, data/alignment/cmv/K27ac_2-2-2_liver.FILT.SIZE.bedgraph
    output: data/alignment/cmv/K27ac_2-2-2_liver.ALL.SEACR.stringent.bed, data/alignment/cmv/K27ac_2-2-2_liver.FILT.SIZE.SEACR.stringent.bed
    jobid: 168
    reason: Missing output files: data/alignment/cmv/K27ac_2-2-2_liver.ALL.SEACR.stringent.bed
    wildcards: genome=cmv, sample=K27ac_2-2-2_liver
    resources: tmpdir=/tmp

[Wed Nov 13 10:56:37 2024]
rule SEACR:
    input: data/alignment/cmv/K27ac_2-2-1_liver.ALL.bedgraph, data/alignment/cmv/K27ac_2-2-1_liver.FILT.SIZE.bedgraph
    output: data/alignment/cmv/K27ac_2-2-1_liver.ALL.SEACR.stringent.bed, data/alignment/cmv/K27ac_2-2-1_liver.FILT.SIZE.SEACR.stringent.bed
    jobid: 159
    reason: Missing output files: data/alignment/cmv/K27ac_2-2-1_liver.ALL.SEACR.stringent.bed
    wildcards: genome=cmv, sample=K27ac_2-2-1_liver
    resources: tmpdir=/tmp

[Wed Nov 13 10:56:37 2024]
rule SEACR:
    input: data/alignment/cmv/K27ac_9-2-3_liver.ALL.bedgraph, data/alignment/cmv/K27ac_9-2-3_liver.FILT.SIZE.bedgraph
    output: data/alignment/cmv/K27ac_9-2-3_liver.ALL.SEACR.stringent.bed, data/alignment/cmv/K27ac_9-2-3_liver.FILT.SIZE.SEACR.stringent.bed
    jobid: 204
    reason: Missing output files: data/alignment/cmv/K27ac_9-2-3_liver.ALL.SEACR.stringent.bed
    wildcards: genome=cmv, sample=K27ac_9-2-3_liver
    resources: tmpdir=/tmp

[Wed Nov 13 10:56:37 2024]
rule SEACR:
    input: data/alignment/cmv/K27ac_9-12-2_liver.ALL.bedgraph, data/alignment/cmv/K27ac_9-12-2_liver.FILT.SIZE.bedgraph
    output: data/alignment/cmv/K27ac_9-12-2_liver.ALL.SEACR.stringent.bed, data/alignment/cmv/K27ac_9-12-2_liver.FILT.SIZE.SEACR.stringent.bed
    jobid: 249
    reason: Missing output files: data/alignment/cmv/K27ac_9-12-2_liver.ALL.SEACR.stringent.bed
    wildcards: genome=cmv, sample=K27ac_9-12-2_liver
    resources: tmpdir=/tmp

[Wed Nov 13 10:56:37 2024]
rule SEACR:
    input: data/alignment/cmv_mouse/K27ac_9-2-3_liver.ALL.bedgraph, data/alignment/cmv_mouse/K27ac_9-2-3_liver.FILT.SIZE.bedgraph
    output: data/alignment/cmv_mouse/K27ac_9-2-3_liver.ALL.SEACR.stringent.bed, data/alignment/cmv_mouse/K27ac_9-2-3_liver.FILT.SIZE.SEACR.stringent.bed
    jobid: 71
    reason: Missing output files: data/alignment/cmv_mouse/K27ac_9-2-3_liver.ALL.SEACR.stringent.bed
    wildcards: genome=cmv_mouse, sample=K27ac_9-2-3_liver
    resources: tmpdir=/tmp

[Wed Nov 13 10:56:37 2024]
rule SEACR:
    input: data/alignment/cmv_mouse/K27ac_9-6-3_liver.ALL.bedgraph, data/alignment/cmv_mouse/K27ac_9-6-3_liver.FILT.SIZE.bedgraph
    output: data/alignment/cmv_mouse/K27ac_9-6-3_liver.ALL.SEACR.stringent.bed, data/alignment/cmv_mouse/K27ac_9-6-3_liver.FILT.SIZE.SEACR.stringent.bed
    jobid: 11
    reason: Missing output files: data/alignment/cmv_mouse/K27ac_9-6-3_liver.ALL.SEACR.stringent.bed
    wildcards: genome=cmv_mouse, sample=K27ac_9-6-3_liver
    resources: tmpdir=/tmp

[Wed Nov 13 10:56:37 2024]
rule SEACR:
    input: data/alignment/cmv/K27ac_9-6-3_liver.ALL.bedgraph, data/alignment/cmv/K27ac_9-6-3_liver.FILT.SIZE.bedgraph
    output: data/alignment/cmv/K27ac_9-6-3_liver.ALL.SEACR.stringent.bed, data/alignment/cmv/K27ac_9-6-3_liver.FILT.SIZE.SEACR.stringent.bed
    jobid: 150
    reason: Missing output files: data/alignment/cmv/K27ac_9-6-3_liver.ALL.SEACR.stringent.bed
    wildcards: genome=cmv, sample=K27ac_9-6-3_liver
    resources: tmpdir=/tmp

[Wed Nov 13 10:56:37 2024]
rule SEACR:
    input: data/alignment/cmv/K27ac_9-2-2_liver.ALL.bedgraph, data/alignment/cmv/K27ac_9-2-2_liver.FILT.SIZE.bedgraph
    output: data/alignment/cmv/K27ac_9-2-2_liver.ALL.SEACR.stringent.bed, data/alignment/cmv/K27ac_9-2-2_liver.FILT.SIZE.SEACR.stringent.bed
    jobid: 195
    reason: Missing output files: data/alignment/cmv/K27ac_9-2-2_liver.ALL.SEACR.stringent.bed
    wildcards: genome=cmv, sample=K27ac_9-2-2_liver
    resources: tmpdir=/tmp

[Wed Nov 13 10:56:37 2024]
rule SEACR:
    input: data/alignment/cmv/K27ac_9-12-1_liver.ALL.bedgraph, data/alignment/cmv/K27ac_9-12-1_liver.FILT.SIZE.bedgraph
    output: data/alignment/cmv/K27ac_9-12-1_liver.ALL.SEACR.stringent.bed, data/alignment/cmv/K27ac_9-12-1_liver.FILT.SIZE.SEACR.stringent.bed
    jobid: 240
    reason: Missing output files: data/alignment/cmv/K27ac_9-12-1_liver.ALL.SEACR.stringent.bed
    wildcards: genome=cmv, sample=K27ac_9-12-1_liver
    resources: tmpdir=/tmp

[Wed Nov 13 10:56:37 2024]
rule SEACR:
    input: data/alignment/cmv/K27ac_2-6-3_liver.ALL.bedgraph, data/alignment/cmv/K27ac_2-6-3_liver.FILT.SIZE.bedgraph
    output: data/alignment/cmv/K27ac_2-6-3_liver.ALL.SEACR.stringent.bed, data/alignment/cmv/K27ac_2-6-3_liver.FILT.SIZE.SEACR.stringent.bed
    jobid: 141
    reason: Missing output files: data/alignment/cmv/K27ac_2-6-3_liver.ALL.SEACR.stringent.bed
    wildcards: genome=cmv, sample=K27ac_2-6-3_liver
    resources: tmpdir=/tmp

[Wed Nov 13 10:56:37 2024]
rule SEACR:
    input: data/alignment/cmv/K27ac_9-2-1_liver.ALL.bedgraph, data/alignment/cmv/K27ac_9-2-1_liver.FILT.SIZE.bedgraph
    output: data/alignment/cmv/K27ac_9-2-1_liver.ALL.SEACR.stringent.bed, data/alignment/cmv/K27ac_9-2-1_liver.FILT.SIZE.SEACR.stringent.bed
    jobid: 186
    reason: Missing output files: data/alignment/cmv/K27ac_9-2-1_liver.ALL.SEACR.stringent.bed
    wildcards: genome=cmv, sample=K27ac_9-2-1_liver
    resources: tmpdir=/tmp

[Wed Nov 13 10:56:37 2024]
rule SEACR:
    input: data/alignment/cmv/K27ac_2-12-3_liver.ALL.bedgraph, data/alignment/cmv/K27ac_2-12-3_liver.FILT.SIZE.bedgraph
    output: data/alignment/cmv/K27ac_2-12-3_liver.ALL.SEACR.stringent.bed, data/alignment/cmv/K27ac_2-12-3_liver.FILT.SIZE.SEACR.stringent.bed
    jobid: 231
    reason: Missing output files: data/alignment/cmv/K27ac_2-12-3_liver.ALL.SEACR.stringent.bed
    wildcards: genome=cmv, sample=K27ac_2-12-3_liver
    resources: tmpdir=/tmp

[Wed Nov 13 10:56:37 2024]
rule SEACR:
    input: data/alignment/cmv/K27ac_2-12-2_liver.ALL.bedgraph, data/alignment/cmv/K27ac_2-12-2_liver.FILT.SIZE.bedgraph
    output: data/alignment/cmv/K27ac_2-12-2_liver.ALL.SEACR.stringent.bed, data/alignment/cmv/K27ac_2-12-2_liver.FILT.SIZE.SEACR.stringent.bed
    jobid: 222
    reason: Missing output files: data/alignment/cmv/K27ac_2-12-2_liver.ALL.SEACR.stringent.bed
    wildcards: genome=cmv, sample=K27ac_2-12-2_liver
    resources: tmpdir=/tmp

[Wed Nov 13 10:59:16 2024]
Finished job 11.
1 of 17 steps (6%) done
[Wed Nov 13 11:00:35 2024]
Finished job 71.
2 of 17 steps (12%) done
Shutting down, this might take some time.
Exiting because a job execution failed. Look above for error message
Complete log: .snakemake/log/2024-11-13T105634.374703.snakemake.log
