Building DAG of jobs...
Using shell: /usr/bin/bash
Provided cores: 14
Rules claiming more threads will be scaled down.
Job stats:
job          count    min threads    max threads
---------  -------  -------------  -------------
all              1              1              1
bamqc_ALL       28              1              1
total           29              1              1

Select jobs to execute...

[Thu Oct 10 14:50:50 2024]
rule bamqc_ALL:
    input: data/alignment/cmv_mouse/K27ac_2-12-3_liver.ALL.bam, data/alignment/cmv_mouse/K27ac_2-12-3_liver.FILT.bam, data/alignment/cmv_mouse/K27ac_2-12-3_liver.SIZE.bam, data/alignment/cmv_mouse/K27ac_2-12-3_liver.FILT.SIZE.bam
    output: data/alignment/cmv_mouse/QC/K27ac_2-12-3_liver.ALL, data/alignment/cmv_mouse/QC/K27ac_2-12-3_liver.FILT, data/alignment/cmv_mouse/QC/K27ac_2-12-3_liver.SIZE, data/alignment/cmv_mouse/QC/K27ac_2-12-3_liver.FILT.SIZE, data/alignment/cmv_mouse/QC/K27ac_2-12-3_liver.ALL/genome_results.txt, data/alignment/cmv_mouse/QC/K27ac_2-12-3_liver.FILT/genome_results.txt, data/alignment/cmv_mouse/QC/K27ac_2-12-3_liver.SIZE/genome_results.txt, data/alignment/cmv_mouse/QC/K27ac_2-12-3_liver.FILT.SIZE/genome_results.txt
    jobid: 91
    reason: Missing output files: data/alignment/cmv_mouse/QC/K27ac_2-12-3_liver.ALL/genome_results.txt
    wildcards: genome=cmv_mouse, sample=K27ac_2-12-3_liver
    resources: tmpdir=/tmp

[Thu Oct 10 14:50:50 2024]
rule bamqc_ALL:
    input: data/alignment/cmv/K27ac_2-2-2_liver.ALL.bam, data/alignment/cmv/K27ac_2-2-2_liver.FILT.bam, data/alignment/cmv/K27ac_2-2-2_liver.SIZE.bam, data/alignment/cmv/K27ac_2-2-2_liver.FILT.SIZE.bam
    output: data/alignment/cmv/QC/K27ac_2-2-2_liver.ALL, data/alignment/cmv/QC/K27ac_2-2-2_liver.FILT, data/alignment/cmv/QC/K27ac_2-2-2_liver.SIZE, data/alignment/cmv/QC/K27ac_2-2-2_liver.FILT.SIZE, data/alignment/cmv/QC/K27ac_2-2-2_liver.ALL/genome_results.txt, data/alignment/cmv/QC/K27ac_2-2-2_liver.FILT/genome_results.txt, data/alignment/cmv/QC/K27ac_2-2-2_liver.SIZE/genome_results.txt, data/alignment/cmv/QC/K27ac_2-2-2_liver.FILT.SIZE/genome_results.txt
    jobid: 151
    reason: Missing output files: data/alignment/cmv/QC/K27ac_2-2-2_liver.ALL/genome_results.txt
    wildcards: genome=cmv, sample=K27ac_2-2-2_liver
    resources: tmpdir=/tmp

[Thu Oct 10 14:50:50 2024]
rule bamqc_ALL:
    input: data/alignment/cmv_mouse/K27ac_9-2-1_liver.ALL.bam, data/alignment/cmv_mouse/K27ac_9-2-1_liver.FILT.bam, data/alignment/cmv_mouse/K27ac_9-2-1_liver.SIZE.bam, data/alignment/cmv_mouse/K27ac_9-2-1_liver.FILT.SIZE.bam
    output: data/alignment/cmv_mouse/QC/K27ac_9-2-1_liver.ALL, data/alignment/cmv_mouse/QC/K27ac_9-2-1_liver.FILT, data/alignment/cmv_mouse/QC/K27ac_9-2-1_liver.SIZE, data/alignment/cmv_mouse/QC/K27ac_9-2-1_liver.FILT.SIZE, data/alignment/cmv_mouse/QC/K27ac_9-2-1_liver.ALL/genome_results.txt, data/alignment/cmv_mouse/QC/K27ac_9-2-1_liver.FILT/genome_results.txt, data/alignment/cmv_mouse/QC/K27ac_9-2-1_liver.SIZE/genome_results.txt, data/alignment/cmv_mouse/QC/K27ac_9-2-1_liver.FILT.SIZE/genome_results.txt
    jobid: 46
    reason: Missing output files: data/alignment/cmv_mouse/QC/K27ac_9-2-1_liver.ALL/genome_results.txt
    wildcards: genome=cmv_mouse, sample=K27ac_9-2-1_liver
    resources: tmpdir=/tmp

[Thu Oct 10 14:50:50 2024]
rule bamqc_ALL:
    input: data/alignment/cmv/K27ac_9-12-1_liver.ALL.bam, data/alignment/cmv/K27ac_9-12-1_liver.FILT.bam, data/alignment/cmv/K27ac_9-12-1_liver.SIZE.bam, data/alignment/cmv/K27ac_9-12-1_liver.FILT.SIZE.bam
    output: data/alignment/cmv/QC/K27ac_9-12-1_liver.ALL, data/alignment/cmv/QC/K27ac_9-12-1_liver.FILT, data/alignment/cmv/QC/K27ac_9-12-1_liver.SIZE, data/alignment/cmv/QC/K27ac_9-12-1_liver.FILT.SIZE, data/alignment/cmv/QC/K27ac_9-12-1_liver.ALL/genome_results.txt, data/alignment/cmv/QC/K27ac_9-12-1_liver.FILT/genome_results.txt, data/alignment/cmv/QC/K27ac_9-12-1_liver.SIZE/genome_results.txt, data/alignment/cmv/QC/K27ac_9-12-1_liver.FILT.SIZE/genome_results.txt
    jobid: 215
    reason: Missing output files: data/alignment/cmv/QC/K27ac_9-12-1_liver.ALL/genome_results.txt
    wildcards: genome=cmv, sample=K27ac_9-12-1_liver
    resources: tmpdir=/tmp

[Thu Oct 10 14:50:51 2024]
rule bamqc_ALL:
    input: data/alignment/cmv/K27ac_2-6-3_liver.ALL.bam, data/alignment/cmv/K27ac_2-6-3_liver.FILT.bam, data/alignment/cmv/K27ac_2-6-3_liver.SIZE.bam, data/alignment/cmv/K27ac_2-6-3_liver.FILT.SIZE.bam
    output: data/alignment/cmv/QC/K27ac_2-6-3_liver.ALL, data/alignment/cmv/QC/K27ac_2-6-3_liver.FILT, data/alignment/cmv/QC/K27ac_2-6-3_liver.SIZE, data/alignment/cmv/QC/K27ac_2-6-3_liver.FILT.SIZE, data/alignment/cmv/QC/K27ac_2-6-3_liver.ALL/genome_results.txt, data/alignment/cmv/QC/K27ac_2-6-3_liver.FILT/genome_results.txt, data/alignment/cmv/QC/K27ac_2-6-3_liver.SIZE/genome_results.txt, data/alignment/cmv/QC/K27ac_2-6-3_liver.FILT.SIZE/genome_results.txt
    jobid: 127
    reason: Missing output files: data/alignment/cmv/QC/K27ac_2-6-3_liver.ALL/genome_results.txt
    wildcards: genome=cmv, sample=K27ac_2-6-3_liver
    resources: tmpdir=/tmp

[Thu Oct 10 14:50:51 2024]
rule bamqc_ALL:
    input: data/alignment/cmv/K27ac_2-2-3_liver.ALL.bam, data/alignment/cmv/K27ac_2-2-3_liver.FILT.bam, data/alignment/cmv/K27ac_2-2-3_liver.SIZE.bam, data/alignment/cmv/K27ac_2-2-3_liver.FILT.SIZE.bam
    output: data/alignment/cmv/QC/K27ac_2-2-3_liver.ALL, data/alignment/cmv/QC/K27ac_2-2-3_liver.FILT, data/alignment/cmv/QC/K27ac_2-2-3_liver.SIZE, data/alignment/cmv/QC/K27ac_2-2-3_liver.FILT.SIZE, data/alignment/cmv/QC/K27ac_2-2-3_liver.ALL/genome_results.txt, data/alignment/cmv/QC/K27ac_2-2-3_liver.FILT/genome_results.txt, data/alignment/cmv/QC/K27ac_2-2-3_liver.SIZE/genome_results.txt, data/alignment/cmv/QC/K27ac_2-2-3_liver.FILT.SIZE/genome_results.txt
    jobid: 159
    reason: Missing output files: data/alignment/cmv/QC/K27ac_2-2-3_liver.ALL/genome_results.txt
    wildcards: genome=cmv, sample=K27ac_2-2-3_liver
    resources: tmpdir=/tmp

[Thu Oct 10 14:50:51 2024]
rule bamqc_ALL:
    input: data/alignment/cmv/K27ac_9-12-3_liver.ALL.bam, data/alignment/cmv/K27ac_9-12-3_liver.FILT.bam, data/alignment/cmv/K27ac_9-12-3_liver.SIZE.bam, data/alignment/cmv/K27ac_9-12-3_liver.FILT.SIZE.bam
    output: data/alignment/cmv/QC/K27ac_9-12-3_liver.ALL, data/alignment/cmv/QC/K27ac_9-12-3_liver.FILT, data/alignment/cmv/QC/K27ac_9-12-3_liver.SIZE, data/alignment/cmv/QC/K27ac_9-12-3_liver.FILT.SIZE, data/alignment/cmv/QC/K27ac_9-12-3_liver.ALL/genome_results.txt, data/alignment/cmv/QC/K27ac_9-12-3_liver.FILT/genome_results.txt, data/alignment/cmv/QC/K27ac_9-12-3_liver.SIZE/genome_results.txt, data/alignment/cmv/QC/K27ac_9-12-3_liver.FILT.SIZE/genome_results.txt
    jobid: 231
    reason: Missing output files: data/alignment/cmv/QC/K27ac_9-12-3_liver.ALL/genome_results.txt
    wildcards: genome=cmv, sample=K27ac_9-12-3_liver
    resources: tmpdir=/tmp

[Thu Oct 10 14:50:51 2024]
rule bamqc_ALL:
    input: data/alignment/cmv/K27ac_9-12-2_liver.ALL.bam, data/alignment/cmv/K27ac_9-12-2_liver.FILT.bam, data/alignment/cmv/K27ac_9-12-2_liver.SIZE.bam, data/alignment/cmv/K27ac_9-12-2_liver.FILT.SIZE.bam
    output: data/alignment/cmv/QC/K27ac_9-12-2_liver.ALL, data/alignment/cmv/QC/K27ac_9-12-2_liver.FILT, data/alignment/cmv/QC/K27ac_9-12-2_liver.SIZE, data/alignment/cmv/QC/K27ac_9-12-2_liver.FILT.SIZE, data/alignment/cmv/QC/K27ac_9-12-2_liver.ALL/genome_results.txt, data/alignment/cmv/QC/K27ac_9-12-2_liver.FILT/genome_results.txt, data/alignment/cmv/QC/K27ac_9-12-2_liver.SIZE/genome_results.txt, data/alignment/cmv/QC/K27ac_9-12-2_liver.FILT.SIZE/genome_results.txt
    jobid: 223
    reason: Missing output files: data/alignment/cmv/QC/K27ac_9-12-2_liver.ALL/genome_results.txt
    wildcards: genome=cmv, sample=K27ac_9-12-2_liver
    resources: tmpdir=/tmp

[Thu Oct 10 14:50:51 2024]
rule bamqc_ALL:
    input: data/alignment/cmv_mouse/K27ac_2-2-2_liver.ALL.bam, data/alignment/cmv_mouse/K27ac_2-2-2_liver.FILT.bam, data/alignment/cmv_mouse/K27ac_2-2-2_liver.SIZE.bam, data/alignment/cmv_mouse/K27ac_2-2-2_liver.FILT.SIZE.bam
    output: data/alignment/cmv_mouse/QC/K27ac_2-2-2_liver.ALL, data/alignment/cmv_mouse/QC/K27ac_2-2-2_liver.FILT, data/alignment/cmv_mouse/QC/K27ac_2-2-2_liver.SIZE, data/alignment/cmv_mouse/QC/K27ac_2-2-2_liver.FILT.SIZE, data/alignment/cmv_mouse/QC/K27ac_2-2-2_liver.ALL/genome_results.txt, data/alignment/cmv_mouse/QC/K27ac_2-2-2_liver.FILT/genome_results.txt, data/alignment/cmv_mouse/QC/K27ac_2-2-2_liver.SIZE/genome_results.txt, data/alignment/cmv_mouse/QC/K27ac_2-2-2_liver.FILT.SIZE/genome_results.txt
    jobid: 28
    reason: Missing output files: data/alignment/cmv_mouse/QC/K27ac_2-2-2_liver.ALL/genome_results.txt
    wildcards: genome=cmv_mouse, sample=K27ac_2-2-2_liver
    resources: tmpdir=/tmp

[Thu Oct 10 14:50:51 2024]
rule bamqc_ALL:
    input: data/alignment/cmv_mouse/K27ac_2-12-1_liver.ALL.bam, data/alignment/cmv_mouse/K27ac_2-12-1_liver.FILT.bam, data/alignment/cmv_mouse/K27ac_2-12-1_liver.SIZE.bam, data/alignment/cmv_mouse/K27ac_2-12-1_liver.FILT.SIZE.bam
    output: data/alignment/cmv_mouse/QC/K27ac_2-12-1_liver.ALL, data/alignment/cmv_mouse/QC/K27ac_2-12-1_liver.FILT, data/alignment/cmv_mouse/QC/K27ac_2-12-1_liver.SIZE, data/alignment/cmv_mouse/QC/K27ac_2-12-1_liver.FILT.SIZE, data/alignment/cmv_mouse/QC/K27ac_2-12-1_liver.ALL/genome_results.txt, data/alignment/cmv_mouse/QC/K27ac_2-12-1_liver.FILT/genome_results.txt, data/alignment/cmv_mouse/QC/K27ac_2-12-1_liver.SIZE/genome_results.txt, data/alignment/cmv_mouse/QC/K27ac_2-12-1_liver.FILT.SIZE/genome_results.txt
    jobid: 73
    reason: Missing output files: data/alignment/cmv_mouse/QC/K27ac_2-12-1_liver.ALL/genome_results.txt
    wildcards: genome=cmv_mouse, sample=K27ac_2-12-1_liver
    resources: tmpdir=/tmp

[Thu Oct 10 14:50:51 2024]
rule bamqc_ALL:
    input: data/alignment/cmv_mouse/K27ac_9-12-3_liver.ALL.bam, data/alignment/cmv_mouse/K27ac_9-12-3_liver.FILT.bam, data/alignment/cmv_mouse/K27ac_9-12-3_liver.SIZE.bam, data/alignment/cmv_mouse/K27ac_9-12-3_liver.FILT.SIZE.bam
    output: data/alignment/cmv_mouse/QC/K27ac_9-12-3_liver.ALL, data/alignment/cmv_mouse/QC/K27ac_9-12-3_liver.FILT, data/alignment/cmv_mouse/QC/K27ac_9-12-3_liver.SIZE, data/alignment/cmv_mouse/QC/K27ac_9-12-3_liver.FILT.SIZE, data/alignment/cmv_mouse/QC/K27ac_9-12-3_liver.ALL/genome_results.txt, data/alignment/cmv_mouse/QC/K27ac_9-12-3_liver.FILT/genome_results.txt, data/alignment/cmv_mouse/QC/K27ac_9-12-3_liver.SIZE/genome_results.txt, data/alignment/cmv_mouse/QC/K27ac_9-12-3_liver.FILT.SIZE/genome_results.txt
    jobid: 118
    reason: Missing output files: data/alignment/cmv_mouse/QC/K27ac_9-12-3_liver.ALL/genome_results.txt
    wildcards: genome=cmv_mouse, sample=K27ac_9-12-3_liver
    resources: tmpdir=/tmp

[Thu Oct 10 14:50:51 2024]
rule bamqc_ALL:
    input: data/alignment/cmv/K27ac_9-6-3_liver.ALL.bam, data/alignment/cmv/K27ac_9-6-3_liver.FILT.bam, data/alignment/cmv/K27ac_9-6-3_liver.SIZE.bam, data/alignment/cmv/K27ac_9-6-3_liver.FILT.SIZE.bam
    output: data/alignment/cmv/QC/K27ac_9-6-3_liver.ALL, data/alignment/cmv/QC/K27ac_9-6-3_liver.FILT, data/alignment/cmv/QC/K27ac_9-6-3_liver.SIZE, data/alignment/cmv/QC/K27ac_9-6-3_liver.FILT.SIZE, data/alignment/cmv/QC/K27ac_9-6-3_liver.ALL/genome_results.txt, data/alignment/cmv/QC/K27ac_9-6-3_liver.FILT/genome_results.txt, data/alignment/cmv/QC/K27ac_9-6-3_liver.SIZE/genome_results.txt, data/alignment/cmv/QC/K27ac_9-6-3_liver.FILT.SIZE/genome_results.txt
    jobid: 135
    reason: Missing output files: data/alignment/cmv/QC/K27ac_9-6-3_liver.ALL/genome_results.txt
    wildcards: genome=cmv, sample=K27ac_9-6-3_liver
    resources: tmpdir=/tmp

[Thu Oct 10 14:50:51 2024]
rule bamqc_ALL:
    input: data/alignment/cmv/K27ac_2-2-1_liver.ALL.bam, data/alignment/cmv/K27ac_2-2-1_liver.FILT.bam, data/alignment/cmv/K27ac_2-2-1_liver.SIZE.bam, data/alignment/cmv/K27ac_2-2-1_liver.FILT.SIZE.bam
    output: data/alignment/cmv/QC/K27ac_2-2-1_liver.ALL, data/alignment/cmv/QC/K27ac_2-2-1_liver.FILT, data/alignment/cmv/QC/K27ac_2-2-1_liver.SIZE, data/alignment/cmv/QC/K27ac_2-2-1_liver.FILT.SIZE, data/alignment/cmv/QC/K27ac_2-2-1_liver.ALL/genome_results.txt, data/alignment/cmv/QC/K27ac_2-2-1_liver.FILT/genome_results.txt, data/alignment/cmv/QC/K27ac_2-2-1_liver.SIZE/genome_results.txt, data/alignment/cmv/QC/K27ac_2-2-1_liver.FILT.SIZE/genome_results.txt
    jobid: 143
    reason: Missing output files: data/alignment/cmv/QC/K27ac_2-2-1_liver.ALL/genome_results.txt
    wildcards: genome=cmv, sample=K27ac_2-2-1_liver
    resources: tmpdir=/tmp

[Thu Oct 10 14:50:51 2024]
rule bamqc_ALL:
    input: data/alignment/cmv/K27ac_2-12-3_liver.ALL.bam, data/alignment/cmv/K27ac_2-12-3_liver.FILT.bam, data/alignment/cmv/K27ac_2-12-3_liver.SIZE.bam, data/alignment/cmv/K27ac_2-12-3_liver.FILT.SIZE.bam
    output: data/alignment/cmv/QC/K27ac_2-12-3_liver.ALL, data/alignment/cmv/QC/K27ac_2-12-3_liver.FILT, data/alignment/cmv/QC/K27ac_2-12-3_liver.SIZE, data/alignment/cmv/QC/K27ac_2-12-3_liver.FILT.SIZE, data/alignment/cmv/QC/K27ac_2-12-3_liver.ALL/genome_results.txt, data/alignment/cmv/QC/K27ac_2-12-3_liver.FILT/genome_results.txt, data/alignment/cmv/QC/K27ac_2-12-3_liver.SIZE/genome_results.txt, data/alignment/cmv/QC/K27ac_2-12-3_liver.FILT.SIZE/genome_results.txt
    jobid: 207
    reason: Missing output files: data/alignment/cmv/QC/K27ac_2-12-3_liver.ALL/genome_results.txt
    wildcards: genome=cmv, sample=K27ac_2-12-3_liver
    resources: tmpdir=/tmp

[Thu Oct 10 15:24:29 2024]
Finished job 223.
1 of 29 steps (3%) done
Select jobs to execute...

[Thu Oct 10 15:24:31 2024]
rule bamqc_ALL:
    input: data/alignment/cmv_mouse/K27ac_9-2-3_liver.ALL.bam, data/alignment/cmv_mouse/K27ac_9-2-3_liver.FILT.bam, data/alignment/cmv_mouse/K27ac_9-2-3_liver.SIZE.bam, data/alignment/cmv_mouse/K27ac_9-2-3_liver.FILT.SIZE.bam
    output: data/alignment/cmv_mouse/QC/K27ac_9-2-3_liver.ALL, data/alignment/cmv_mouse/QC/K27ac_9-2-3_liver.FILT, data/alignment/cmv_mouse/QC/K27ac_9-2-3_liver.SIZE, data/alignment/cmv_mouse/QC/K27ac_9-2-3_liver.FILT.SIZE, data/alignment/cmv_mouse/QC/K27ac_9-2-3_liver.ALL/genome_results.txt, data/alignment/cmv_mouse/QC/K27ac_9-2-3_liver.FILT/genome_results.txt, data/alignment/cmv_mouse/QC/K27ac_9-2-3_liver.SIZE/genome_results.txt, data/alignment/cmv_mouse/QC/K27ac_9-2-3_liver.FILT.SIZE/genome_results.txt
    jobid: 64
    reason: Missing output files: data/alignment/cmv_mouse/QC/K27ac_9-2-3_liver.ALL/genome_results.txt
    wildcards: genome=cmv_mouse, sample=K27ac_9-2-3_liver
    resources: tmpdir=/tmp

[Thu Oct 10 15:31:25 2024]
Finished job 135.
2 of 29 steps (7%) done
Select jobs to execute...

[Thu Oct 10 15:31:27 2024]
rule bamqc_ALL:
    input: data/alignment/cmv_mouse/K27ac_9-12-2_liver.ALL.bam, data/alignment/cmv_mouse/K27ac_9-12-2_liver.FILT.bam, data/alignment/cmv_mouse/K27ac_9-12-2_liver.SIZE.bam, data/alignment/cmv_mouse/K27ac_9-12-2_liver.FILT.SIZE.bam
    output: data/alignment/cmv_mouse/QC/K27ac_9-12-2_liver.ALL, data/alignment/cmv_mouse/QC/K27ac_9-12-2_liver.FILT, data/alignment/cmv_mouse/QC/K27ac_9-12-2_liver.SIZE, data/alignment/cmv_mouse/QC/K27ac_9-12-2_liver.FILT.SIZE, data/alignment/cmv_mouse/QC/K27ac_9-12-2_liver.ALL/genome_results.txt, data/alignment/cmv_mouse/QC/K27ac_9-12-2_liver.FILT/genome_results.txt, data/alignment/cmv_mouse/QC/K27ac_9-12-2_liver.SIZE/genome_results.txt, data/alignment/cmv_mouse/QC/K27ac_9-12-2_liver.FILT.SIZE/genome_results.txt
    jobid: 109
    reason: Missing output files: data/alignment/cmv_mouse/QC/K27ac_9-12-2_liver.ALL/genome_results.txt
    wildcards: genome=cmv_mouse, sample=K27ac_9-12-2_liver
    resources: tmpdir=/tmp

[Thu Oct 10 15:44:23 2024]
Finished job 231.
3 of 29 steps (10%) done
Select jobs to execute...

[Thu Oct 10 15:44:25 2024]
rule bamqc_ALL:
    input: data/alignment/cmv_mouse/K27ac_9-12-1_liver.ALL.bam, data/alignment/cmv_mouse/K27ac_9-12-1_liver.FILT.bam, data/alignment/cmv_mouse/K27ac_9-12-1_liver.SIZE.bam, data/alignment/cmv_mouse/K27ac_9-12-1_liver.FILT.SIZE.bam
    output: data/alignment/cmv_mouse/QC/K27ac_9-12-1_liver.ALL, data/alignment/cmv_mouse/QC/K27ac_9-12-1_liver.FILT, data/alignment/cmv_mouse/QC/K27ac_9-12-1_liver.SIZE, data/alignment/cmv_mouse/QC/K27ac_9-12-1_liver.FILT.SIZE, data/alignment/cmv_mouse/QC/K27ac_9-12-1_liver.ALL/genome_results.txt, data/alignment/cmv_mouse/QC/K27ac_9-12-1_liver.FILT/genome_results.txt, data/alignment/cmv_mouse/QC/K27ac_9-12-1_liver.SIZE/genome_results.txt, data/alignment/cmv_mouse/QC/K27ac_9-12-1_liver.FILT.SIZE/genome_results.txt
    jobid: 100
    reason: Missing output files: data/alignment/cmv_mouse/QC/K27ac_9-12-1_liver.ALL/genome_results.txt
    wildcards: genome=cmv_mouse, sample=K27ac_9-12-1_liver
    resources: tmpdir=/tmp

[Thu Oct 10 15:45:00 2024]
Finished job 151.
4 of 29 steps (14%) done
Select jobs to execute...

[Thu Oct 10 15:45:01 2024]
rule bamqc_ALL:
    input: data/alignment/cmv_mouse/K27ac_9-6-3_liver.ALL.bam, data/alignment/cmv_mouse/K27ac_9-6-3_liver.FILT.bam, data/alignment/cmv_mouse/K27ac_9-6-3_liver.SIZE.bam, data/alignment/cmv_mouse/K27ac_9-6-3_liver.FILT.SIZE.bam
    output: data/alignment/cmv_mouse/QC/K27ac_9-6-3_liver.ALL, data/alignment/cmv_mouse/QC/K27ac_9-6-3_liver.FILT, data/alignment/cmv_mouse/QC/K27ac_9-6-3_liver.SIZE, data/alignment/cmv_mouse/QC/K27ac_9-6-3_liver.FILT.SIZE, data/alignment/cmv_mouse/QC/K27ac_9-6-3_liver.ALL/genome_results.txt, data/alignment/cmv_mouse/QC/K27ac_9-6-3_liver.FILT/genome_results.txt, data/alignment/cmv_mouse/QC/K27ac_9-6-3_liver.SIZE/genome_results.txt, data/alignment/cmv_mouse/QC/K27ac_9-6-3_liver.FILT.SIZE/genome_results.txt
    jobid: 10
    reason: Missing output files: data/alignment/cmv_mouse/QC/K27ac_9-6-3_liver.ALL/genome_results.txt
    wildcards: genome=cmv_mouse, sample=K27ac_9-6-3_liver
    resources: tmpdir=/tmp

[Thu Oct 10 15:56:00 2024]
Finished job 159.
5 of 29 steps (17%) done
Select jobs to execute...

[Thu Oct 10 15:56:01 2024]
rule bamqc_ALL:
    input: data/alignment/cmv/K27ac_9-2-2_liver.ALL.bam, data/alignment/cmv/K27ac_9-2-2_liver.FILT.bam, data/alignment/cmv/K27ac_9-2-2_liver.SIZE.bam, data/alignment/cmv/K27ac_9-2-2_liver.FILT.SIZE.bam
    output: data/alignment/cmv/QC/K27ac_9-2-2_liver.ALL, data/alignment/cmv/QC/K27ac_9-2-2_liver.FILT, data/alignment/cmv/QC/K27ac_9-2-2_liver.SIZE, data/alignment/cmv/QC/K27ac_9-2-2_liver.FILT.SIZE, data/alignment/cmv/QC/K27ac_9-2-2_liver.ALL/genome_results.txt, data/alignment/cmv/QC/K27ac_9-2-2_liver.FILT/genome_results.txt, data/alignment/cmv/QC/K27ac_9-2-2_liver.SIZE/genome_results.txt, data/alignment/cmv/QC/K27ac_9-2-2_liver.FILT.SIZE/genome_results.txt
    jobid: 175
    reason: Missing output files: data/alignment/cmv/QC/K27ac_9-2-2_liver.ALL/genome_results.txt
    wildcards: genome=cmv, sample=K27ac_9-2-2_liver
    resources: tmpdir=/tmp

[Thu Oct 10 15:56:56 2024]
Finished job 207.
6 of 29 steps (21%) done
Select jobs to execute...

[Thu Oct 10 15:56:58 2024]
rule bamqc_ALL:
    input: data/alignment/cmv_mouse/K27ac_9-2-2_liver.ALL.bam, data/alignment/cmv_mouse/K27ac_9-2-2_liver.FILT.bam, data/alignment/cmv_mouse/K27ac_9-2-2_liver.SIZE.bam, data/alignment/cmv_mouse/K27ac_9-2-2_liver.FILT.SIZE.bam
    output: data/alignment/cmv_mouse/QC/K27ac_9-2-2_liver.ALL, data/alignment/cmv_mouse/QC/K27ac_9-2-2_liver.FILT, data/alignment/cmv_mouse/QC/K27ac_9-2-2_liver.SIZE, data/alignment/cmv_mouse/QC/K27ac_9-2-2_liver.FILT.SIZE, data/alignment/cmv_mouse/QC/K27ac_9-2-2_liver.ALL/genome_results.txt, data/alignment/cmv_mouse/QC/K27ac_9-2-2_liver.FILT/genome_results.txt, data/alignment/cmv_mouse/QC/K27ac_9-2-2_liver.SIZE/genome_results.txt, data/alignment/cmv_mouse/QC/K27ac_9-2-2_liver.FILT.SIZE/genome_results.txt
    jobid: 55
    reason: Missing output files: data/alignment/cmv_mouse/QC/K27ac_9-2-2_liver.ALL/genome_results.txt
    wildcards: genome=cmv_mouse, sample=K27ac_9-2-2_liver
    resources: tmpdir=/tmp

[Thu Oct 10 15:58:27 2024]
Finished job 127.
7 of 29 steps (24%) done
Select jobs to execute...

[Thu Oct 10 15:58:28 2024]
rule bamqc_ALL:
    input: data/alignment/cmv/K27ac_9-2-1_liver.ALL.bam, data/alignment/cmv/K27ac_9-2-1_liver.FILT.bam, data/alignment/cmv/K27ac_9-2-1_liver.SIZE.bam, data/alignment/cmv/K27ac_9-2-1_liver.FILT.SIZE.bam
    output: data/alignment/cmv/QC/K27ac_9-2-1_liver.ALL, data/alignment/cmv/QC/K27ac_9-2-1_liver.FILT, data/alignment/cmv/QC/K27ac_9-2-1_liver.SIZE, data/alignment/cmv/QC/K27ac_9-2-1_liver.FILT.SIZE, data/alignment/cmv/QC/K27ac_9-2-1_liver.ALL/genome_results.txt, data/alignment/cmv/QC/K27ac_9-2-1_liver.FILT/genome_results.txt, data/alignment/cmv/QC/K27ac_9-2-1_liver.SIZE/genome_results.txt, data/alignment/cmv/QC/K27ac_9-2-1_liver.FILT.SIZE/genome_results.txt
    jobid: 167
    reason: Missing output files: data/alignment/cmv/QC/K27ac_9-2-1_liver.ALL/genome_results.txt
    wildcards: genome=cmv, sample=K27ac_9-2-1_liver
    resources: tmpdir=/tmp

[Thu Oct 10 15:59:26 2024]
Finished job 215.
8 of 29 steps (28%) done
Select jobs to execute...

[Thu Oct 10 15:59:27 2024]
rule bamqc_ALL:
    input: data/alignment/cmv_mouse/K27ac_2-2-1_liver.ALL.bam, data/alignment/cmv_mouse/K27ac_2-2-1_liver.FILT.bam, data/alignment/cmv_mouse/K27ac_2-2-1_liver.SIZE.bam, data/alignment/cmv_mouse/K27ac_2-2-1_liver.FILT.SIZE.bam
    output: data/alignment/cmv_mouse/QC/K27ac_2-2-1_liver.ALL, data/alignment/cmv_mouse/QC/K27ac_2-2-1_liver.FILT, data/alignment/cmv_mouse/QC/K27ac_2-2-1_liver.SIZE, data/alignment/cmv_mouse/QC/K27ac_2-2-1_liver.FILT.SIZE, data/alignment/cmv_mouse/QC/K27ac_2-2-1_liver.ALL/genome_results.txt, data/alignment/cmv_mouse/QC/K27ac_2-2-1_liver.FILT/genome_results.txt, data/alignment/cmv_mouse/QC/K27ac_2-2-1_liver.SIZE/genome_results.txt, data/alignment/cmv_mouse/QC/K27ac_2-2-1_liver.FILT.SIZE/genome_results.txt
    jobid: 19
    reason: Missing output files: data/alignment/cmv_mouse/QC/K27ac_2-2-1_liver.ALL/genome_results.txt
    wildcards: genome=cmv_mouse, sample=K27ac_2-2-1_liver
    resources: tmpdir=/tmp

[Thu Oct 10 16:05:57 2024]
Finished job 143.
9 of 29 steps (31%) done
Select jobs to execute...

[Thu Oct 10 16:05:58 2024]
rule bamqc_ALL:
    input: data/alignment/cmv/K27ac_2-12-2_liver.ALL.bam, data/alignment/cmv/K27ac_2-12-2_liver.FILT.bam, data/alignment/cmv/K27ac_2-12-2_liver.SIZE.bam, data/alignment/cmv/K27ac_2-12-2_liver.FILT.SIZE.bam
    output: data/alignment/cmv/QC/K27ac_2-12-2_liver.ALL, data/alignment/cmv/QC/K27ac_2-12-2_liver.FILT, data/alignment/cmv/QC/K27ac_2-12-2_liver.SIZE, data/alignment/cmv/QC/K27ac_2-12-2_liver.FILT.SIZE, data/alignment/cmv/QC/K27ac_2-12-2_liver.ALL/genome_results.txt, data/alignment/cmv/QC/K27ac_2-12-2_liver.FILT/genome_results.txt, data/alignment/cmv/QC/K27ac_2-12-2_liver.SIZE/genome_results.txt, data/alignment/cmv/QC/K27ac_2-12-2_liver.FILT.SIZE/genome_results.txt
    jobid: 199
    reason: Missing output files: data/alignment/cmv/QC/K27ac_2-12-2_liver.ALL/genome_results.txt
    wildcards: genome=cmv, sample=K27ac_2-12-2_liver
    resources: tmpdir=/tmp

[Thu Oct 10 16:40:11 2024]
Finished job 199.
10 of 29 steps (34%) done
Select jobs to execute...

[Thu Oct 10 16:40:12 2024]
rule bamqc_ALL:
    input: data/alignment/cmv/K27ac_2-12-1_liver.ALL.bam, data/alignment/cmv/K27ac_2-12-1_liver.FILT.bam, data/alignment/cmv/K27ac_2-12-1_liver.SIZE.bam, data/alignment/cmv/K27ac_2-12-1_liver.FILT.SIZE.bam
    output: data/alignment/cmv/QC/K27ac_2-12-1_liver.ALL, data/alignment/cmv/QC/K27ac_2-12-1_liver.FILT, data/alignment/cmv/QC/K27ac_2-12-1_liver.SIZE, data/alignment/cmv/QC/K27ac_2-12-1_liver.FILT.SIZE, data/alignment/cmv/QC/K27ac_2-12-1_liver.ALL/genome_results.txt, data/alignment/cmv/QC/K27ac_2-12-1_liver.FILT/genome_results.txt, data/alignment/cmv/QC/K27ac_2-12-1_liver.SIZE/genome_results.txt, data/alignment/cmv/QC/K27ac_2-12-1_liver.FILT.SIZE/genome_results.txt
    jobid: 191
    reason: Missing output files: data/alignment/cmv/QC/K27ac_2-12-1_liver.ALL/genome_results.txt
    wildcards: genome=cmv, sample=K27ac_2-12-1_liver
    resources: tmpdir=/tmp

[Thu Oct 10 16:57:48 2024]
Finished job 175.
11 of 29 steps (38%) done
Select jobs to execute...

[Thu Oct 10 16:57:49 2024]
rule bamqc_ALL:
    input: data/alignment/cmv/K27ac_9-2-3_liver.ALL.bam, data/alignment/cmv/K27ac_9-2-3_liver.FILT.bam, data/alignment/cmv/K27ac_9-2-3_liver.SIZE.bam, data/alignment/cmv/K27ac_9-2-3_liver.FILT.SIZE.bam
    output: data/alignment/cmv/QC/K27ac_9-2-3_liver.ALL, data/alignment/cmv/QC/K27ac_9-2-3_liver.FILT, data/alignment/cmv/QC/K27ac_9-2-3_liver.SIZE, data/alignment/cmv/QC/K27ac_9-2-3_liver.FILT.SIZE, data/alignment/cmv/QC/K27ac_9-2-3_liver.ALL/genome_results.txt, data/alignment/cmv/QC/K27ac_9-2-3_liver.FILT/genome_results.txt, data/alignment/cmv/QC/K27ac_9-2-3_liver.SIZE/genome_results.txt, data/alignment/cmv/QC/K27ac_9-2-3_liver.FILT.SIZE/genome_results.txt
    jobid: 183
    reason: Missing output files: data/alignment/cmv/QC/K27ac_9-2-3_liver.ALL/genome_results.txt
    wildcards: genome=cmv, sample=K27ac_9-2-3_liver
    resources: tmpdir=/tmp

[Thu Oct 10 16:59:22 2024]
Finished job 73.
12 of 29 steps (41%) done
Select jobs to execute...

[Thu Oct 10 16:59:23 2024]
rule bamqc_ALL:
    input: data/alignment/cmv_mouse/K27ac_2-6-3_liver.ALL.bam, data/alignment/cmv_mouse/K27ac_2-6-3_liver.FILT.bam, data/alignment/cmv_mouse/K27ac_2-6-3_liver.SIZE.bam, data/alignment/cmv_mouse/K27ac_2-6-3_liver.FILT.SIZE.bam
    output: data/alignment/cmv_mouse/QC/K27ac_2-6-3_liver.ALL, data/alignment/cmv_mouse/QC/K27ac_2-6-3_liver.FILT, data/alignment/cmv_mouse/QC/K27ac_2-6-3_liver.SIZE, data/alignment/cmv_mouse/QC/K27ac_2-6-3_liver.FILT.SIZE, data/alignment/cmv_mouse/QC/K27ac_2-6-3_liver.ALL/genome_results.txt, data/alignment/cmv_mouse/QC/K27ac_2-6-3_liver.FILT/genome_results.txt, data/alignment/cmv_mouse/QC/K27ac_2-6-3_liver.SIZE/genome_results.txt, data/alignment/cmv_mouse/QC/K27ac_2-6-3_liver.FILT.SIZE/genome_results.txt
    jobid: 1
    reason: Missing output files: data/alignment/cmv_mouse/QC/K27ac_2-6-3_liver.ALL/genome_results.txt
    wildcards: genome=cmv_mouse, sample=K27ac_2-6-3_liver
    resources: tmpdir=/tmp

[Thu Oct 10 16:59:51 2024]
Finished job 167.
13 of 29 steps (45%) done
Select jobs to execute...

[Thu Oct 10 16:59:54 2024]
rule bamqc_ALL:
    input: data/alignment/cmv_mouse/K27ac_2-2-3_liver.ALL.bam, data/alignment/cmv_mouse/K27ac_2-2-3_liver.FILT.bam, data/alignment/cmv_mouse/K27ac_2-2-3_liver.SIZE.bam, data/alignment/cmv_mouse/K27ac_2-2-3_liver.FILT.SIZE.bam
    output: data/alignment/cmv_mouse/QC/K27ac_2-2-3_liver.ALL, data/alignment/cmv_mouse/QC/K27ac_2-2-3_liver.FILT, data/alignment/cmv_mouse/QC/K27ac_2-2-3_liver.SIZE, data/alignment/cmv_mouse/QC/K27ac_2-2-3_liver.FILT.SIZE, data/alignment/cmv_mouse/QC/K27ac_2-2-3_liver.ALL/genome_results.txt, data/alignment/cmv_mouse/QC/K27ac_2-2-3_liver.FILT/genome_results.txt, data/alignment/cmv_mouse/QC/K27ac_2-2-3_liver.SIZE/genome_results.txt, data/alignment/cmv_mouse/QC/K27ac_2-2-3_liver.FILT.SIZE/genome_results.txt
    jobid: 37
    reason: Missing output files: data/alignment/cmv_mouse/QC/K27ac_2-2-3_liver.ALL/genome_results.txt
    wildcards: genome=cmv_mouse, sample=K27ac_2-2-3_liver
    resources: tmpdir=/tmp

[Thu Oct 10 17:06:09 2024]
Finished job 191.
14 of 29 steps (48%) done
Select jobs to execute...

[Thu Oct 10 17:06:10 2024]
rule bamqc_ALL:
    input: data/alignment/cmv_mouse/K27ac_2-12-2_liver.ALL.bam, data/alignment/cmv_mouse/K27ac_2-12-2_liver.FILT.bam, data/alignment/cmv_mouse/K27ac_2-12-2_liver.SIZE.bam, data/alignment/cmv_mouse/K27ac_2-12-2_liver.FILT.SIZE.bam
    output: data/alignment/cmv_mouse/QC/K27ac_2-12-2_liver.ALL, data/alignment/cmv_mouse/QC/K27ac_2-12-2_liver.FILT, data/alignment/cmv_mouse/QC/K27ac_2-12-2_liver.SIZE, data/alignment/cmv_mouse/QC/K27ac_2-12-2_liver.FILT.SIZE, data/alignment/cmv_mouse/QC/K27ac_2-12-2_liver.ALL/genome_results.txt, data/alignment/cmv_mouse/QC/K27ac_2-12-2_liver.FILT/genome_results.txt, data/alignment/cmv_mouse/QC/K27ac_2-12-2_liver.SIZE/genome_results.txt, data/alignment/cmv_mouse/QC/K27ac_2-12-2_liver.FILT.SIZE/genome_results.txt
    jobid: 82
    reason: Missing output files: data/alignment/cmv_mouse/QC/K27ac_2-12-2_liver.ALL/genome_results.txt
    wildcards: genome=cmv_mouse, sample=K27ac_2-12-2_liver
    resources: tmpdir=/tmp

[Thu Oct 10 17:52:34 2024]
Finished job 183.
15 of 29 steps (52%) done
[Thu Oct 10 18:44:01 2024]
Finished job 109.
16 of 29 steps (55%) done
[Thu Oct 10 19:47:44 2024]
Finished job 10.
17 of 29 steps (59%) done
[Thu Oct 10 20:03:05 2024]
Finished job 82.
18 of 29 steps (62%) done
[Thu Oct 10 20:29:32 2024]
Finished job 118.
19 of 29 steps (66%) done
[Thu Oct 10 20:54:16 2024]
Finished job 46.
20 of 29 steps (69%) done
[Thu Oct 10 21:02:59 2024]
Finished job 28.
21 of 29 steps (72%) done
[Thu Oct 10 21:08:09 2024]
Finished job 91.
22 of 29 steps (76%) done
[Thu Oct 10 21:29:01 2024]
Finished job 100.
23 of 29 steps (79%) done
[Thu Oct 10 21:30:26 2024]
Finished job 64.
24 of 29 steps (83%) done
[Thu Oct 10 21:42:05 2024]
Finished job 37.
25 of 29 steps (86%) done
[Thu Oct 10 21:48:07 2024]
Finished job 1.
26 of 29 steps (90%) done
Terminating processes on user request, this might take some time.
Cancelling snakemake on user request.
