Building DAG of jobs...
Using shell: /usr/bin/bash
Provided cores: 4
Rules claiming more threads will be scaled down.
Job stats:
job          count    min threads    max threads
---------  -------  -------------  -------------
all              1              1              1
bamqc_ALL        2              1              1
total            3              1              1

Select jobs to execute...

[Fri Oct 11 18:13:13 2024]
rule bamqc_ALL:
    input: data/alignment/cmv_mouse/K27ac_2-2-1_liver.ALL.bam, data/alignment/cmv_mouse/K27ac_2-2-1_liver.FILT.bam, data/alignment/cmv_mouse/K27ac_2-2-1_liver.SIZE.bam, data/alignment/cmv_mouse/K27ac_2-2-1_liver.FILT.SIZE.bam
    output: data/alignment/cmv_mouse/QC/K27ac_2-2-1_liver.ALL, data/alignment/cmv_mouse/QC/K27ac_2-2-1_liver.FILT, data/alignment/cmv_mouse/QC/K27ac_2-2-1_liver.SIZE, data/alignment/cmv_mouse/QC/K27ac_2-2-1_liver.FILT.SIZE, data/alignment/cmv_mouse/QC/K27ac_2-2-1_liver.ALL/genome_results.txt, data/alignment/cmv_mouse/QC/K27ac_2-2-1_liver.FILT/genome_results.txt, data/alignment/cmv_mouse/QC/K27ac_2-2-1_liver.SIZE/genome_results.txt, data/alignment/cmv_mouse/QC/K27ac_2-2-1_liver.FILT.SIZE/genome_results.txt
    jobid: 19
    reason: Forced execution
    wildcards: genome=cmv_mouse, sample=K27ac_2-2-1_liver
    resources: tmpdir=/tmp

[Fri Oct 11 18:13:13 2024]
rule bamqc_ALL:
    input: data/alignment/cmv_mouse/K27ac_9-2-2_liver.ALL.bam, data/alignment/cmv_mouse/K27ac_9-2-2_liver.FILT.bam, data/alignment/cmv_mouse/K27ac_9-2-2_liver.SIZE.bam, data/alignment/cmv_mouse/K27ac_9-2-2_liver.FILT.SIZE.bam
    output: data/alignment/cmv_mouse/QC/K27ac_9-2-2_liver.ALL, data/alignment/cmv_mouse/QC/K27ac_9-2-2_liver.FILT, data/alignment/cmv_mouse/QC/K27ac_9-2-2_liver.SIZE, data/alignment/cmv_mouse/QC/K27ac_9-2-2_liver.FILT.SIZE, data/alignment/cmv_mouse/QC/K27ac_9-2-2_liver.ALL/genome_results.txt, data/alignment/cmv_mouse/QC/K27ac_9-2-2_liver.FILT/genome_results.txt, data/alignment/cmv_mouse/QC/K27ac_9-2-2_liver.SIZE/genome_results.txt, data/alignment/cmv_mouse/QC/K27ac_9-2-2_liver.FILT.SIZE/genome_results.txt
    jobid: 55
    reason: Missing output files: data/alignment/cmv_mouse/QC/K27ac_9-2-2_liver.ALL/genome_results.txt
    wildcards: genome=cmv_mouse, sample=K27ac_9-2-2_liver
    resources: tmpdir=/tmp

[Fri Oct 11 18:53:07 2024]
Finished job 55.
1 of 3 steps (33%) done
Terminating processes on user request, this might take some time.
Cancelling snakemake on user request.
