Building DAG of jobs...
Using shell: /usr/bin/bash
Provided cores: 16
Rules claiming more threads will be scaled down.
Job stats:
job      count    min threads    max threads
-----  -------  -------------  -------------
SEACR       19              1              1
all          1              1              1
total       20              1              1

Select jobs to execute...

[Wed Nov 13 10:46:38 2024]
rule SEACR:
    input: data/alignment/cmv/K27ac_2-2-3_liver.ALL.bedgraph, data/alignment/cmv/K27ac_2-2-3_liver.FILT.SIZE.bedgraph
    output: data/alignment/cmv/K27ac_2-2-3_liver.ALL.SEACR.stringent.bed, data/alignment/cmv/K27ac_2-2-3_liver.FILT.SIZE.SEACR.stringent.bed
    jobid: 177
    reason: Missing output files: data/alignment/cmv/K27ac_2-2-3_liver.ALL.SEACR.stringent.bed
    wildcards: genome=cmv, sample=K27ac_2-2-3_liver
    resources: tmpdir=/tmp

[Wed Nov 13 10:46:38 2024]
rule SEACR:
    input: data/alignment/cmv/K27ac_2-12-1_liver.ALL.bedgraph, data/alignment/cmv/K27ac_2-12-1_liver.FILT.SIZE.bedgraph
    output: data/alignment/cmv/K27ac_2-12-1_liver.ALL.SEACR.stringent.bed, data/alignment/cmv/K27ac_2-12-1_liver.FILT.SIZE.SEACR.stringent.bed
    jobid: 213
    reason: Missing output files: data/alignment/cmv/K27ac_2-12-1_liver.ALL.SEACR.stringent.bed
    wildcards: genome=cmv, sample=K27ac_2-12-1_liver
    resources: tmpdir=/tmp

[Wed Nov 13 10:46:39 2024]
rule SEACR:
    input: data/alignment/cmv/K27ac_9-12-3_liver.ALL.bedgraph, data/alignment/cmv/K27ac_9-12-3_liver.FILT.SIZE.bedgraph
    output: data/alignment/cmv/K27ac_9-12-3_liver.ALL.SEACR.stringent.bed, data/alignment/cmv/K27ac_9-12-3_liver.FILT.SIZE.SEACR.stringent.bed
    jobid: 258
    reason: Missing output files: data/alignment/cmv/K27ac_9-12-3_liver.ALL.SEACR.stringent.bed
    wildcards: genome=cmv, sample=K27ac_9-12-3_liver
    resources: tmpdir=/tmp

[Wed Nov 13 10:46:39 2024]
rule SEACR:
    input: data/alignment/cmv/K27ac_2-2-2_liver.ALL.bedgraph, data/alignment/cmv/K27ac_2-2-2_liver.FILT.SIZE.bedgraph
    output: data/alignment/cmv/K27ac_2-2-2_liver.ALL.SEACR.stringent.bed, data/alignment/cmv/K27ac_2-2-2_liver.FILT.SIZE.SEACR.stringent.bed
    jobid: 168
    reason: Missing output files: data/alignment/cmv/K27ac_2-2-2_liver.ALL.SEACR.stringent.bed
    wildcards: genome=cmv, sample=K27ac_2-2-2_liver
    resources: tmpdir=/tmp

[Wed Nov 13 10:46:39 2024]
rule SEACR:
    input: data/alignment/cmv/K27ac_2-2-1_liver.ALL.bedgraph, data/alignment/cmv/K27ac_2-2-1_liver.FILT.SIZE.bedgraph
    output: data/alignment/cmv/K27ac_2-2-1_liver.ALL.SEACR.stringent.bed, data/alignment/cmv/K27ac_2-2-1_liver.FILT.SIZE.SEACR.stringent.bed
    jobid: 159
    reason: Missing output files: data/alignment/cmv/K27ac_2-2-1_liver.ALL.SEACR.stringent.bed
    wildcards: genome=cmv, sample=K27ac_2-2-1_liver
    resources: tmpdir=/tmp

[Wed Nov 13 10:46:39 2024]
rule SEACR:
    input: data/alignment/cmv/K27ac_9-2-3_liver.ALL.bedgraph, data/alignment/cmv/K27ac_9-2-3_liver.FILT.SIZE.bedgraph
    output: data/alignment/cmv/K27ac_9-2-3_liver.ALL.SEACR.stringent.bed, data/alignment/cmv/K27ac_9-2-3_liver.FILT.SIZE.SEACR.stringent.bed
    jobid: 204
    reason: Missing output files: data/alignment/cmv/K27ac_9-2-3_liver.ALL.SEACR.stringent.bed
    wildcards: genome=cmv, sample=K27ac_9-2-3_liver
    resources: tmpdir=/tmp

[Wed Nov 13 10:46:39 2024]
rule SEACR:
    input: data/alignment/cmv/K27ac_9-12-2_liver.ALL.bedgraph, data/alignment/cmv/K27ac_9-12-2_liver.FILT.SIZE.bedgraph
    output: data/alignment/cmv/K27ac_9-12-2_liver.ALL.SEACR.stringent.bed, data/alignment/cmv/K27ac_9-12-2_liver.FILT.SIZE.SEACR.stringent.bed
    jobid: 249
    reason: Missing output files: data/alignment/cmv/K27ac_9-12-2_liver.ALL.SEACR.stringent.bed
    wildcards: genome=cmv, sample=K27ac_9-12-2_liver
    resources: tmpdir=/tmp

[Wed Nov 13 10:46:39 2024]
rule SEACR:
    input: data/alignment/cmv_mouse/K27ac_2-12-3_liver.ALL.bedgraph, data/alignment/cmv_mouse/K27ac_2-12-3_liver.FILT.SIZE.bedgraph
    output: data/alignment/cmv_mouse/K27ac_2-12-3_liver.ALL.SEACR.stringent.bed, data/alignment/cmv_mouse/K27ac_2-12-3_liver.FILT.SIZE.SEACR.stringent.bed
    jobid: 101
    reason: Missing output files: data/alignment/cmv_mouse/K27ac_2-12-3_liver.ALL.SEACR.stringent.bed
    wildcards: genome=cmv_mouse, sample=K27ac_2-12-3_liver
    resources: tmpdir=/tmp

[Wed Nov 13 10:46:39 2024]
rule SEACR:
    input: data/alignment/cmv_mouse/K27ac_9-12-3_liver.ALL.bedgraph, data/alignment/cmv_mouse/K27ac_9-12-3_liver.FILT.SIZE.bedgraph
    output: data/alignment/cmv_mouse/K27ac_9-12-3_liver.ALL.SEACR.stringent.bed, data/alignment/cmv_mouse/K27ac_9-12-3_liver.FILT.SIZE.SEACR.stringent.bed
    jobid: 131
    reason: Missing output files: data/alignment/cmv_mouse/K27ac_9-12-3_liver.ALL.SEACR.stringent.bed
    wildcards: genome=cmv_mouse, sample=K27ac_9-12-3_liver
    resources: tmpdir=/tmp

[Wed Nov 13 10:46:39 2024]
rule SEACR:
    input: data/alignment/cmv/K27ac_2-6-3_liver.ALL.bedgraph, data/alignment/cmv/K27ac_2-6-3_liver.FILT.SIZE.bedgraph
    output: data/alignment/cmv/K27ac_2-6-3_liver.ALL.SEACR.stringent.bed, data/alignment/cmv/K27ac_2-6-3_liver.FILT.SIZE.SEACR.stringent.bed
    jobid: 141
    reason: Missing output files: data/alignment/cmv/K27ac_2-6-3_liver.ALL.SEACR.stringent.bed
    wildcards: genome=cmv, sample=K27ac_2-6-3_liver
    resources: tmpdir=/tmp

[Wed Nov 13 10:46:39 2024]
rule SEACR:
    input: data/alignment/cmv/K27ac_9-6-3_liver.ALL.bedgraph, data/alignment/cmv/K27ac_9-6-3_liver.FILT.SIZE.bedgraph
    output: data/alignment/cmv/K27ac_9-6-3_liver.ALL.SEACR.stringent.bed, data/alignment/cmv/K27ac_9-6-3_liver.FILT.SIZE.SEACR.stringent.bed
    jobid: 150
    reason: Missing output files: data/alignment/cmv/K27ac_9-6-3_liver.ALL.SEACR.stringent.bed
    wildcards: genome=cmv, sample=K27ac_9-6-3_liver
    resources: tmpdir=/tmp

[Wed Nov 13 10:46:39 2024]
rule SEACR:
    input: data/alignment/cmv/K27ac_9-12-1_liver.ALL.bedgraph, data/alignment/cmv/K27ac_9-12-1_liver.FILT.SIZE.bedgraph
    output: data/alignment/cmv/K27ac_9-12-1_liver.ALL.SEACR.stringent.bed, data/alignment/cmv/K27ac_9-12-1_liver.FILT.SIZE.SEACR.stringent.bed
    jobid: 240
    reason: Missing output files: data/alignment/cmv/K27ac_9-12-1_liver.ALL.SEACR.stringent.bed
    wildcards: genome=cmv, sample=K27ac_9-12-1_liver
    resources: tmpdir=/tmp

[Wed Nov 13 10:46:39 2024]
rule SEACR:
    input: data/alignment/cmv_mouse/K27ac_2-2-1_liver.ALL.bedgraph, data/alignment/cmv_mouse/K27ac_2-2-1_liver.FILT.SIZE.bedgraph
    output: data/alignment/cmv_mouse/K27ac_2-2-1_liver.ALL.SEACR.stringent.bed, data/alignment/cmv_mouse/K27ac_2-2-1_liver.FILT.SIZE.SEACR.stringent.bed
    jobid: 21
    reason: Missing output files: data/alignment/cmv_mouse/K27ac_2-2-1_liver.ALL.SEACR.stringent.bed
    wildcards: genome=cmv_mouse, sample=K27ac_2-2-1_liver
    resources: tmpdir=/tmp

[Wed Nov 13 10:46:39 2024]
rule SEACR:
    input: data/alignment/cmv/K27ac_9-2-1_liver.ALL.bedgraph, data/alignment/cmv/K27ac_9-2-1_liver.FILT.SIZE.bedgraph
    output: data/alignment/cmv/K27ac_9-2-1_liver.ALL.SEACR.stringent.bed, data/alignment/cmv/K27ac_9-2-1_liver.FILT.SIZE.SEACR.stringent.bed
    jobid: 186
    reason: Missing output files: data/alignment/cmv/K27ac_9-2-1_liver.ALL.SEACR.stringent.bed
    wildcards: genome=cmv, sample=K27ac_9-2-1_liver
    resources: tmpdir=/tmp

[Wed Nov 13 10:46:39 2024]
rule SEACR:
    input: data/alignment/cmv/K27ac_2-12-3_liver.ALL.bedgraph, data/alignment/cmv/K27ac_2-12-3_liver.FILT.SIZE.bedgraph
    output: data/alignment/cmv/K27ac_2-12-3_liver.ALL.SEACR.stringent.bed, data/alignment/cmv/K27ac_2-12-3_liver.FILT.SIZE.SEACR.stringent.bed
    jobid: 231
    reason: Missing output files: data/alignment/cmv/K27ac_2-12-3_liver.ALL.SEACR.stringent.bed
    wildcards: genome=cmv, sample=K27ac_2-12-3_liver
    resources: tmpdir=/tmp

[Wed Nov 13 10:46:39 2024]
rule SEACR:
    input: data/alignment/cmv/K27ac_2-12-2_liver.ALL.bedgraph, data/alignment/cmv/K27ac_2-12-2_liver.FILT.SIZE.bedgraph
    output: data/alignment/cmv/K27ac_2-12-2_liver.ALL.SEACR.stringent.bed, data/alignment/cmv/K27ac_2-12-2_liver.FILT.SIZE.SEACR.stringent.bed
    jobid: 222
    reason: Missing output files: data/alignment/cmv/K27ac_2-12-2_liver.ALL.SEACR.stringent.bed
    wildcards: genome=cmv, sample=K27ac_2-12-2_liver
    resources: tmpdir=/tmp

[Wed Nov 13 10:54:10 2024]
Finished job 131.
1 of 20 steps (5%) done
[Wed Nov 13 10:54:54 2024]
Finished job 21.
2 of 20 steps (10%) done
[Wed Nov 13 10:54:56 2024]
Finished job 101.
3 of 20 steps (15%) done
Shutting down, this might take some time.
Exiting because a job execution failed. Look above for error message
Complete log: .snakemake/log/2024-11-13T104635.888532.snakemake.log
