Building DAG of jobs...
Using shell: /usr/bin/bash
Provided cores: 4
Rules claiming more threads will be scaled down.
Job stats:
job                        count    min threads    max threads
-----------------------  -------  -------------  -------------
SEACR                         28              1              1
all                            1              1              1
bam_convert                   28              1              1
bam_coverage_ALL              28              1              1
bam_coverage_bedgraph         28              1              1
bam_coverage_rawnumbers       28              1              1
bam_sort_name                 28              1              1
bamqc_ALL                     28              1              1
bowtie_align                  14              1              1
fastqc                         1              1              1
filter_bam                    28              1              1
fixmates                      28              1              1
insert_size_metrics           28              1              1
mark_duplicates               28              1              1
multiqc                        1              1              1
seqkit_stats                   1              1              1
size_bam                      28              1              1
sort_fixmates                 28              1              1
total                        382              1              1

Select jobs to execute...

[Mon Sep 30 14:33:22 2024]
rule bowtie_align:
    input: data/raw_data/K27ac_9-2-2_liver_R1.fastq.gz, data/raw_data/K27ac_9-2-2_liver_R2.fastq.gz
    output: data/alignment/cmv_mouse/K27ac_9-2-2_liver.sam, data/alignment/cmv_mouse/bowtie2_logs/K27ac_9-2-2_liver.log, data/alignment/cmv/K27ac_9-2-2_liver.sam, data/alignment/cmv/bowtie2_logs/K27ac_9-2-2_liver.log
    jobid: 64
    reason: Missing output files: data/alignment/cmv/K27ac_9-2-2_liver.sam, data/alignment/cmv_mouse/K27ac_9-2-2_liver.sam
    wildcards: sample=K27ac_9-2-2_liver
    resources: tmpdir=/tmp


[Mon Sep 30 14:33:22 2024]
rule bowtie_align:
    input: data/raw_data/K27ac_2-12-2_liver_R1.fastq.gz, data/raw_data/K27ac_2-12-2_liver_R2.fastq.gz
    output: data/alignment/cmv_mouse/K27ac_2-12-2_liver.sam, data/alignment/cmv_mouse/bowtie2_logs/K27ac_2-12-2_liver.log, data/alignment/cmv/K27ac_2-12-2_liver.sam, data/alignment/cmv/bowtie2_logs/K27ac_2-12-2_liver.log
    jobid: 91
    reason: Missing output files: data/alignment/cmv/K27ac_2-12-2_liver.sam, data/alignment/cmv_mouse/K27ac_2-12-2_liver.sam
    wildcards: sample=K27ac_2-12-2_liver
    resources: tmpdir=/tmp


[Mon Sep 30 14:33:22 2024]
rule bowtie_align:
    input: data/raw_data/K27ac_2-2-3_liver_R1.fastq.gz, data/raw_data/K27ac_2-2-3_liver_R2.fastq.gz
    output: data/alignment/cmv_mouse/K27ac_2-2-3_liver.sam, data/alignment/cmv_mouse/bowtie2_logs/K27ac_2-2-3_liver.log, data/alignment/cmv/K27ac_2-2-3_liver.sam, data/alignment/cmv/bowtie2_logs/K27ac_2-2-3_liver.log
    jobid: 46
    reason: Missing output files: data/alignment/cmv_mouse/K27ac_2-2-3_liver.sam, data/alignment/cmv/K27ac_2-2-3_liver.sam
    wildcards: sample=K27ac_2-2-3_liver
    resources: tmpdir=/tmp


[Mon Sep 30 14:33:22 2024]
rule bowtie_align:
    input: data/raw_data/K27ac_9-6-3_liver_R1.fastq.gz, data/raw_data/K27ac_9-6-3_liver_R2.fastq.gz
    output: data/alignment/cmv_mouse/K27ac_9-6-3_liver.sam, data/alignment/cmv_mouse/bowtie2_logs/K27ac_9-6-3_liver.log, data/alignment/cmv/K27ac_9-6-3_liver.sam, data/alignment/cmv/bowtie2_logs/K27ac_9-6-3_liver.log
    jobid: 19
    reason: Missing output files: data/alignment/cmv_mouse/K27ac_9-6-3_liver.sam, data/alignment/cmv/K27ac_9-6-3_liver.sam
    wildcards: sample=K27ac_9-6-3_liver
    resources: tmpdir=/tmp

[Mon Sep 30 16:39:31 2024]
Finished job 91.
1 of 382 steps (0.3%) done
Select jobs to execute...

[Mon Sep 30 16:39:33 2024]
rule bam_convert:
    input: data/alignment/cmv_mouse/K27ac_2-12-2_liver.sam
    output: data/alignment/cmv_mouse/K27ac_2-12-2_liver.unsorted.bam
    jobid: 90
    reason: Missing output files: data/alignment/cmv_mouse/K27ac_2-12-2_liver.unsorted.bam; Input files updated by another job: data/alignment/cmv_mouse/K27ac_2-12-2_liver.sam
    wildcards: genome=cmv_mouse, sample=K27ac_2-12-2_liver
    resources: tmpdir=/tmp

[Mon Sep 30 16:58:13 2024]
Finished job 19.
2 of 382 steps (1%) done
Select jobs to execute...

[Mon Sep 30 16:58:14 2024]
rule bam_convert:
    input: data/alignment/cmv_mouse/K27ac_9-6-3_liver.sam
    output: data/alignment/cmv_mouse/K27ac_9-6-3_liver.unsorted.bam
    jobid: 18
    reason: Missing output files: data/alignment/cmv_mouse/K27ac_9-6-3_liver.unsorted.bam; Input files updated by another job: data/alignment/cmv_mouse/K27ac_9-6-3_liver.sam
    wildcards: genome=cmv_mouse, sample=K27ac_9-6-3_liver
    resources: tmpdir=/tmp

[Mon Sep 30 18:05:32 2024]
Finished job 64.
3 of 382 steps (1%) done
Select jobs to execute...

[Mon Sep 30 18:05:32 2024]
rule bam_convert:
    input: data/alignment/cmv_mouse/K27ac_9-2-2_liver.sam
    output: data/alignment/cmv_mouse/K27ac_9-2-2_liver.unsorted.bam
    jobid: 63
    reason: Missing output files: data/alignment/cmv_mouse/K27ac_9-2-2_liver.unsorted.bam; Input files updated by another job: data/alignment/cmv_mouse/K27ac_9-2-2_liver.sam
    wildcards: genome=cmv_mouse, sample=K27ac_9-2-2_liver
    resources: tmpdir=/tmp

[Mon Sep 30 18:05:38 2024]
Finished job 46.
4 of 382 steps (1%) done
Select jobs to execute...

[Mon Sep 30 18:05:39 2024]
rule bam_convert:
    input: data/alignment/cmv_mouse/K27ac_2-2-3_liver.sam
    output: data/alignment/cmv_mouse/K27ac_2-2-3_liver.unsorted.bam
    jobid: 45
    reason: Missing output files: data/alignment/cmv_mouse/K27ac_2-2-3_liver.unsorted.bam; Input files updated by another job: data/alignment/cmv_mouse/K27ac_2-2-3_liver.sam
    wildcards: genome=cmv_mouse, sample=K27ac_2-2-3_liver
    resources: tmpdir=/tmp

[Mon Sep 30 18:21:29 2024]
Finished job 90.
5 of 382 steps (1%) done
Removing temporary output data/alignment/cmv_mouse/K27ac_2-12-2_liver.sam.
Select jobs to execute...

[Mon Sep 30 18:21:31 2024]
rule bam_convert:
    input: data/alignment/cmv/K27ac_2-2-3_liver.sam
    output: data/alignment/cmv/K27ac_2-2-3_liver.unsorted.bam
    jobid: 167
    reason: Missing output files: data/alignment/cmv/K27ac_2-2-3_liver.unsorted.bam; Input files updated by another job: data/alignment/cmv/K27ac_2-2-3_liver.sam
    wildcards: genome=cmv, sample=K27ac_2-2-3_liver
    resources: tmpdir=/tmp

[Mon Sep 30 18:39:06 2024]
Finished job 18.
6 of 382 steps (2%) done
Removing temporary output data/alignment/cmv_mouse/K27ac_9-6-3_liver.sam.
Select jobs to execute...

[Mon Sep 30 18:39:08 2024]
rule bam_convert:
    input: data/alignment/cmv/K27ac_9-2-2_liver.sam
    output: data/alignment/cmv/K27ac_9-2-2_liver.unsorted.bam
    jobid: 183
    reason: Missing output files: data/alignment/cmv/K27ac_9-2-2_liver.unsorted.bam; Input files updated by another job: data/alignment/cmv/K27ac_9-2-2_liver.sam
    wildcards: genome=cmv, sample=K27ac_9-2-2_liver
    resources: tmpdir=/tmp

[Mon Sep 30 20:00:29 2024]
Finished job 167.
7 of 382 steps (2%) done
Removing temporary output data/alignment/cmv/K27ac_2-2-3_liver.sam.
Select jobs to execute...

[Mon Sep 30 20:00:31 2024]
rule bam_convert:
    input: data/alignment/cmv/K27ac_9-6-3_liver.sam
    output: data/alignment/cmv/K27ac_9-6-3_liver.unsorted.bam
    jobid: 143
    reason: Missing output files: data/alignment/cmv/K27ac_9-6-3_liver.unsorted.bam; Input files updated by another job: data/alignment/cmv/K27ac_9-6-3_liver.sam
    wildcards: genome=cmv, sample=K27ac_9-6-3_liver
    resources: tmpdir=/tmp

[Mon Sep 30 20:16:21 2024]
Finished job 183.
8 of 382 steps (2%) done
Removing temporary output data/alignment/cmv/K27ac_9-2-2_liver.sam.
Select jobs to execute...

[Mon Sep 30 20:16:23 2024]
rule bam_convert:
    input: data/alignment/cmv/K27ac_2-12-2_liver.sam
    output: data/alignment/cmv/K27ac_2-12-2_liver.unsorted.bam
    jobid: 207
    reason: Missing output files: data/alignment/cmv/K27ac_2-12-2_liver.unsorted.bam; Input files updated by another job: data/alignment/cmv/K27ac_2-12-2_liver.sam
    wildcards: genome=cmv, sample=K27ac_2-12-2_liver
    resources: tmpdir=/tmp

[Mon Sep 30 20:28:47 2024]
Finished job 63.
9 of 382 steps (2%) done
Removing temporary output data/alignment/cmv_mouse/K27ac_9-2-2_liver.sam.
Select jobs to execute...

[Mon Sep 30 20:28:49 2024]
rule bam_sort_name:
    input: data/alignment/cmv_mouse/K27ac_9-2-2_liver.unsorted.bam
    output: data/alignment/cmv_mouse/K27ac_9-2-2_liver.n_sorted.bam
    jobid: 62
    reason: Missing output files: data/alignment/cmv_mouse/K27ac_9-2-2_liver.n_sorted.bam; Input files updated by another job: data/alignment/cmv_mouse/K27ac_9-2-2_liver.unsorted.bam
    wildcards: genome=cmv_mouse, sample=K27ac_9-2-2_liver
    resources: tmpdir=/tmp

[Mon Sep 30 20:31:05 2024]
Finished job 45.
10 of 382 steps (3%) done
Removing temporary output data/alignment/cmv_mouse/K27ac_2-2-3_liver.sam.
Select jobs to execute...

[Mon Sep 30 20:31:07 2024]
rule bam_sort_name:
    input: data/alignment/cmv_mouse/K27ac_2-2-3_liver.unsorted.bam
    output: data/alignment/cmv_mouse/K27ac_2-2-3_liver.n_sorted.bam
    jobid: 44
    reason: Missing output files: data/alignment/cmv_mouse/K27ac_2-2-3_liver.n_sorted.bam; Input files updated by another job: data/alignment/cmv_mouse/K27ac_2-2-3_liver.unsorted.bam
    wildcards: genome=cmv_mouse, sample=K27ac_2-2-3_liver
    resources: tmpdir=/tmp

[Mon Sep 30 21:04:04 2024]
Finished job 143.
11 of 382 steps (3%) done
Removing temporary output data/alignment/cmv/K27ac_9-6-3_liver.sam.
Select jobs to execute...

[Mon Sep 30 21:04:05 2024]
rule bam_sort_name:
    input: data/alignment/cmv/K27ac_2-2-3_liver.unsorted.bam
    output: data/alignment/cmv/K27ac_2-2-3_liver.n_sorted.bam
    jobid: 166
    reason: Missing output files: data/alignment/cmv/K27ac_2-2-3_liver.n_sorted.bam; Input files updated by another job: data/alignment/cmv/K27ac_2-2-3_liver.unsorted.bam
    wildcards: genome=cmv, sample=K27ac_2-2-3_liver
    resources: tmpdir=/tmp

[Mon Sep 30 21:14:20 2024]
Finished job 207.
12 of 382 steps (3%) done
Removing temporary output data/alignment/cmv/K27ac_2-12-2_liver.sam.
Select jobs to execute...

[Mon Sep 30 21:14:21 2024]
rule bam_sort_name:
    input: data/alignment/cmv/K27ac_9-2-2_liver.unsorted.bam
    output: data/alignment/cmv/K27ac_9-2-2_liver.n_sorted.bam
    jobid: 182
    reason: Missing output files: data/alignment/cmv/K27ac_9-2-2_liver.n_sorted.bam; Input files updated by another job: data/alignment/cmv/K27ac_9-2-2_liver.unsorted.bam
    wildcards: genome=cmv, sample=K27ac_9-2-2_liver
    resources: tmpdir=/tmp

[Mon Sep 30 21:34:39 2024]
Finished job 62.
13 of 382 steps (3%) done
Removing temporary output data/alignment/cmv_mouse/K27ac_9-2-2_liver.unsorted.bam.
Select jobs to execute...

[Mon Sep 30 21:34:39 2024]
rule fixmates:
    input: data/alignment/cmv_mouse/K27ac_9-2-2_liver.n_sorted.bam
    output: data/alignment/cmv_mouse/K27ac_9-2-2_liver.fixmate.tmp
    jobid: 61
    reason: Missing output files: data/alignment/cmv_mouse/K27ac_9-2-2_liver.fixmate.tmp; Input files updated by another job: data/alignment/cmv_mouse/K27ac_9-2-2_liver.n_sorted.bam
    wildcards: genome=cmv_mouse, sample=K27ac_9-2-2_liver
    resources: tmpdir=/tmp

[Mon Sep 30 21:38:08 2024]
Finished job 44.
14 of 382 steps (4%) done
Removing temporary output data/alignment/cmv_mouse/K27ac_2-2-3_liver.unsorted.bam.
Select jobs to execute...

[Mon Sep 30 21:38:08 2024]
rule fixmates:
    input: data/alignment/cmv_mouse/K27ac_2-2-3_liver.n_sorted.bam
    output: data/alignment/cmv_mouse/K27ac_2-2-3_liver.fixmate.tmp
    jobid: 43
    reason: Missing output files: data/alignment/cmv_mouse/K27ac_2-2-3_liver.fixmate.tmp; Input files updated by another job: data/alignment/cmv_mouse/K27ac_2-2-3_liver.n_sorted.bam
    wildcards: genome=cmv_mouse, sample=K27ac_2-2-3_liver
    resources: tmpdir=/tmp

[Mon Sep 30 21:46:33 2024]
Finished job 166.
15 of 382 steps (4%) done
Removing temporary output data/alignment/cmv/K27ac_2-2-3_liver.unsorted.bam.
Select jobs to execute...

[Mon Sep 30 21:46:33 2024]
rule fixmates:
    input: data/alignment/cmv/K27ac_2-2-3_liver.n_sorted.bam
    output: data/alignment/cmv/K27ac_2-2-3_liver.fixmate.tmp
    jobid: 165
    reason: Missing output files: data/alignment/cmv/K27ac_2-2-3_liver.fixmate.tmp; Input files updated by another job: data/alignment/cmv/K27ac_2-2-3_liver.n_sorted.bam
    wildcards: genome=cmv, sample=K27ac_2-2-3_liver
    resources: tmpdir=/tmp

[Mon Sep 30 21:55:56 2024]
Finished job 182.
16 of 382 steps (4%) done
Removing temporary output data/alignment/cmv/K27ac_9-2-2_liver.unsorted.bam.
Select jobs to execute...

[Mon Sep 30 21:55:57 2024]
rule fixmates:
    input: data/alignment/cmv/K27ac_9-2-2_liver.n_sorted.bam
    output: data/alignment/cmv/K27ac_9-2-2_liver.fixmate.tmp
    jobid: 181
    reason: Missing output files: data/alignment/cmv/K27ac_9-2-2_liver.fixmate.tmp; Input files updated by another job: data/alignment/cmv/K27ac_9-2-2_liver.n_sorted.bam
    wildcards: genome=cmv, sample=K27ac_9-2-2_liver
    resources: tmpdir=/tmp

[Mon Sep 30 22:02:39 2024]
Finished job 61.
17 of 382 steps (4%) done
Removing temporary output data/alignment/cmv_mouse/K27ac_9-2-2_liver.n_sorted.bam.
Select jobs to execute...

[Mon Sep 30 22:02:40 2024]
rule sort_fixmates:
    input: data/alignment/cmv_mouse/K27ac_9-2-2_liver.fixmate.tmp
    output: data/alignment/cmv_mouse/K27ac_9-2-2_liver.fixmate.sorted.tmp
    jobid: 60
    reason: Missing output files: data/alignment/cmv_mouse/K27ac_9-2-2_liver.fixmate.sorted.tmp; Input files updated by another job: data/alignment/cmv_mouse/K27ac_9-2-2_liver.fixmate.tmp
    wildcards: genome=cmv_mouse, sample=K27ac_9-2-2_liver
    resources: tmpdir=/tmp

[Mon Sep 30 22:03:56 2024]
Finished job 165.
18 of 382 steps (5%) done
Removing temporary output data/alignment/cmv/K27ac_2-2-3_liver.n_sorted.bam.
Select jobs to execute...

[Mon Sep 30 22:03:57 2024]
rule sort_fixmates:
    input: data/alignment/cmv/K27ac_2-2-3_liver.fixmate.tmp
    output: data/alignment/cmv/K27ac_2-2-3_liver.fixmate.sorted.tmp
    jobid: 164
    reason: Missing output files: data/alignment/cmv/K27ac_2-2-3_liver.fixmate.sorted.tmp; Input files updated by another job: data/alignment/cmv/K27ac_2-2-3_liver.fixmate.tmp
    wildcards: genome=cmv, sample=K27ac_2-2-3_liver
    resources: tmpdir=/tmp

[Mon Sep 30 22:05:21 2024]
Finished job 43.
19 of 382 steps (5%) done
Removing temporary output data/alignment/cmv_mouse/K27ac_2-2-3_liver.n_sorted.bam.
Select jobs to execute...

[Mon Sep 30 22:05:22 2024]
rule sort_fixmates:
    input: data/alignment/cmv_mouse/K27ac_2-2-3_liver.fixmate.tmp
    output: data/alignment/cmv_mouse/K27ac_2-2-3_liver.fixmate.sorted.tmp
    jobid: 42
    reason: Missing output files: data/alignment/cmv_mouse/K27ac_2-2-3_liver.fixmate.sorted.tmp; Input files updated by another job: data/alignment/cmv_mouse/K27ac_2-2-3_liver.fixmate.tmp
    wildcards: genome=cmv_mouse, sample=K27ac_2-2-3_liver
    resources: tmpdir=/tmp

[Mon Sep 30 22:14:47 2024]
Finished job 181.
20 of 382 steps (5%) done
Removing temporary output data/alignment/cmv/K27ac_9-2-2_liver.n_sorted.bam.
Select jobs to execute...

[Mon Sep 30 22:14:48 2024]
rule sort_fixmates:
    input: data/alignment/cmv/K27ac_9-2-2_liver.fixmate.tmp
    output: data/alignment/cmv/K27ac_9-2-2_liver.fixmate.sorted.tmp
    jobid: 180
    reason: Missing output files: data/alignment/cmv/K27ac_9-2-2_liver.fixmate.sorted.tmp; Input files updated by another job: data/alignment/cmv/K27ac_9-2-2_liver.fixmate.tmp
    wildcards: genome=cmv, sample=K27ac_9-2-2_liver
    resources: tmpdir=/tmp

[Mon Sep 30 22:56:44 2024]
Finished job 164.
21 of 382 steps (5%) done
Removing temporary output data/alignment/cmv/K27ac_2-2-3_liver.fixmate.tmp.
Select jobs to execute...

[Mon Sep 30 22:56:45 2024]
rule mark_duplicates:
    input: data/alignment/cmv/K27ac_2-2-3_liver.fixmate.sorted.tmp
    output: data/alignment/cmv/K27ac_2-2-3_liver.ALL.bam
    jobid: 163
    reason: Missing output files: data/alignment/cmv/K27ac_2-2-3_liver.ALL.bam; Input files updated by another job: data/alignment/cmv/K27ac_2-2-3_liver.fixmate.sorted.tmp
    wildcards: genome=cmv, sample=K27ac_2-2-3_liver
    resources: tmpdir=/tmp

[Mon Sep 30 23:02:53 2024]
Finished job 60.
22 of 382 steps (6%) done
Removing temporary output data/alignment/cmv_mouse/K27ac_9-2-2_liver.fixmate.tmp.
Select jobs to execute...

[Mon Sep 30 23:02:53 2024]
rule bam_sort_name:
    input: data/alignment/cmv_mouse/K27ac_9-6-3_liver.unsorted.bam
    output: data/alignment/cmv_mouse/K27ac_9-6-3_liver.n_sorted.bam
    jobid: 17
    reason: Missing output files: data/alignment/cmv_mouse/K27ac_9-6-3_liver.n_sorted.bam; Input files updated by another job: data/alignment/cmv_mouse/K27ac_9-6-3_liver.unsorted.bam
    wildcards: genome=cmv_mouse, sample=K27ac_9-6-3_liver
    resources: tmpdir=/tmp

[Mon Sep 30 23:02:55 2024]
Finished job 180.
23 of 382 steps (6%) done
Removing temporary output data/alignment/cmv/K27ac_9-2-2_liver.fixmate.tmp.
Select jobs to execute...

[Mon Sep 30 23:02:56 2024]
rule mark_duplicates:
    input: data/alignment/cmv/K27ac_9-2-2_liver.fixmate.sorted.tmp
    output: data/alignment/cmv/K27ac_9-2-2_liver.ALL.bam
    jobid: 179
    reason: Missing output files: data/alignment/cmv/K27ac_9-2-2_liver.ALL.bam; Input files updated by another job: data/alignment/cmv/K27ac_9-2-2_liver.fixmate.sorted.tmp
    wildcards: genome=cmv, sample=K27ac_9-2-2_liver
    resources: tmpdir=/tmp

[Mon Sep 30 23:06:35 2024]
Finished job 42.
24 of 382 steps (6%) done
Removing temporary output data/alignment/cmv_mouse/K27ac_2-2-3_liver.fixmate.tmp.
Select jobs to execute...

[Mon Sep 30 23:06:36 2024]
rule mark_duplicates:
    input: data/alignment/cmv_mouse/K27ac_2-2-3_liver.fixmate.sorted.tmp
    output: data/alignment/cmv_mouse/K27ac_2-2-3_liver.ALL.bam
    jobid: 41
    reason: Missing output files: data/alignment/cmv_mouse/K27ac_2-2-3_liver.ALL.bam; Input files updated by another job: data/alignment/cmv_mouse/K27ac_2-2-3_liver.fixmate.sorted.tmp
    wildcards: genome=cmv_mouse, sample=K27ac_2-2-3_liver
    resources: tmpdir=/tmp

[Mon Sep 30 23:33:57 2024]
Finished job 163.
25 of 382 steps (7%) done
Removing temporary output data/alignment/cmv/K27ac_2-2-3_liver.fixmate.sorted.tmp.
Select jobs to execute...

[Mon Sep 30 23:33:58 2024]
rule mark_duplicates:
    input: data/alignment/cmv_mouse/K27ac_9-2-2_liver.fixmate.sorted.tmp
    output: data/alignment/cmv_mouse/K27ac_9-2-2_liver.ALL.bam
    jobid: 59
    reason: Missing output files: data/alignment/cmv_mouse/K27ac_9-2-2_liver.ALL.bam; Input files updated by another job: data/alignment/cmv_mouse/K27ac_9-2-2_liver.fixmate.sorted.tmp
    wildcards: genome=cmv_mouse, sample=K27ac_9-2-2_liver
    resources: tmpdir=/tmp

[Mon Sep 30 23:35:24 2024]
Finished job 17.
26 of 382 steps (7%) done
Removing temporary output data/alignment/cmv_mouse/K27ac_9-6-3_liver.unsorted.bam.
Select jobs to execute...

[Mon Sep 30 23:35:24 2024]
rule fixmates:
    input: data/alignment/cmv_mouse/K27ac_9-6-3_liver.n_sorted.bam
    output: data/alignment/cmv_mouse/K27ac_9-6-3_liver.fixmate.tmp
    jobid: 16
    reason: Missing output files: data/alignment/cmv_mouse/K27ac_9-6-3_liver.fixmate.tmp; Input files updated by another job: data/alignment/cmv_mouse/K27ac_9-6-3_liver.n_sorted.bam
    wildcards: genome=cmv_mouse, sample=K27ac_9-6-3_liver
    resources: tmpdir=/tmp

[Mon Sep 30 23:38:34 2024]
Finished job 41.
27 of 382 steps (7%) done
Removing temporary output data/alignment/cmv_mouse/K27ac_2-2-3_liver.fixmate.sorted.tmp.
Select jobs to execute...

[Mon Sep 30 23:38:35 2024]
rule bam_sort_name:
    input: data/alignment/cmv_mouse/K27ac_2-12-2_liver.unsorted.bam
    output: data/alignment/cmv_mouse/K27ac_2-12-2_liver.n_sorted.bam
    jobid: 89
    reason: Missing output files: data/alignment/cmv_mouse/K27ac_2-12-2_liver.n_sorted.bam; Input files updated by another job: data/alignment/cmv_mouse/K27ac_2-12-2_liver.unsorted.bam
    wildcards: genome=cmv_mouse, sample=K27ac_2-12-2_liver
    resources: tmpdir=/tmp

[Mon Sep 30 23:38:44 2024]
Finished job 179.
28 of 382 steps (7%) done
Removing temporary output data/alignment/cmv/K27ac_9-2-2_liver.fixmate.sorted.tmp.
Select jobs to execute...

[Mon Sep 30 23:38:44 2024]
rule bam_sort_name:
    input: data/alignment/cmv/K27ac_9-6-3_liver.unsorted.bam
    output: data/alignment/cmv/K27ac_9-6-3_liver.n_sorted.bam
    jobid: 142
    reason: Missing output files: data/alignment/cmv/K27ac_9-6-3_liver.n_sorted.bam; Input files updated by another job: data/alignment/cmv/K27ac_9-6-3_liver.unsorted.bam
    wildcards: genome=cmv, sample=K27ac_9-6-3_liver
    resources: tmpdir=/tmp

[Mon Sep 30 23:53:00 2024]
Finished job 16.
29 of 382 steps (8%) done
Removing temporary output data/alignment/cmv_mouse/K27ac_9-6-3_liver.n_sorted.bam.
Select jobs to execute...

[Mon Sep 30 23:53:01 2024]
rule sort_fixmates:
    input: data/alignment/cmv_mouse/K27ac_9-6-3_liver.fixmate.tmp
    output: data/alignment/cmv_mouse/K27ac_9-6-3_liver.fixmate.sorted.tmp
    jobid: 15
    reason: Missing output files: data/alignment/cmv_mouse/K27ac_9-6-3_liver.fixmate.sorted.tmp; Input files updated by another job: data/alignment/cmv_mouse/K27ac_9-6-3_liver.fixmate.tmp
    wildcards: genome=cmv_mouse, sample=K27ac_9-6-3_liver
    resources: tmpdir=/tmp

[Tue Oct  1 00:04:37 2024]
Finished job 142.
30 of 382 steps (8%) done
Removing temporary output data/alignment/cmv/K27ac_9-6-3_liver.unsorted.bam.
Select jobs to execute...

[Tue Oct  1 00:04:38 2024]
rule fixmates:
    input: data/alignment/cmv/K27ac_9-6-3_liver.n_sorted.bam
    output: data/alignment/cmv/K27ac_9-6-3_liver.fixmate.tmp
    jobid: 141
    reason: Missing output files: data/alignment/cmv/K27ac_9-6-3_liver.fixmate.tmp; Input files updated by another job: data/alignment/cmv/K27ac_9-6-3_liver.n_sorted.bam
    wildcards: genome=cmv, sample=K27ac_9-6-3_liver
    resources: tmpdir=/tmp

[Tue Oct  1 00:07:47 2024]
Finished job 59.
31 of 382 steps (8%) done
Removing temporary output data/alignment/cmv_mouse/K27ac_9-2-2_liver.fixmate.sorted.tmp.
Select jobs to execute...

[Tue Oct  1 00:07:47 2024]
rule bam_sort_name:
    input: data/alignment/cmv/K27ac_2-12-2_liver.unsorted.bam
    output: data/alignment/cmv/K27ac_2-12-2_liver.n_sorted.bam
    jobid: 206
    reason: Missing output files: data/alignment/cmv/K27ac_2-12-2_liver.n_sorted.bam; Input files updated by another job: data/alignment/cmv/K27ac_2-12-2_liver.unsorted.bam
    wildcards: genome=cmv, sample=K27ac_2-12-2_liver
    resources: tmpdir=/tmp

[Tue Oct  1 00:11:32 2024]
Finished job 89.
32 of 382 steps (8%) done
Removing temporary output data/alignment/cmv_mouse/K27ac_2-12-2_liver.unsorted.bam.
Select jobs to execute...

[Tue Oct  1 00:11:34 2024]
rule fixmates:
    input: data/alignment/cmv_mouse/K27ac_2-12-2_liver.n_sorted.bam
    output: data/alignment/cmv_mouse/K27ac_2-12-2_liver.fixmate.tmp
    jobid: 88
    reason: Missing output files: data/alignment/cmv_mouse/K27ac_2-12-2_liver.fixmate.tmp; Input files updated by another job: data/alignment/cmv_mouse/K27ac_2-12-2_liver.n_sorted.bam
    wildcards: genome=cmv_mouse, sample=K27ac_2-12-2_liver
    resources: tmpdir=/tmp

[Tue Oct  1 00:16:49 2024]
Finished job 141.
33 of 382 steps (9%) done
Removing temporary output data/alignment/cmv/K27ac_9-6-3_liver.n_sorted.bam.
Select jobs to execute...

[Tue Oct  1 00:16:49 2024]
rule sort_fixmates:
    input: data/alignment/cmv/K27ac_9-6-3_liver.fixmate.tmp
    output: data/alignment/cmv/K27ac_9-6-3_liver.fixmate.sorted.tmp
    jobid: 140
    reason: Missing output files: data/alignment/cmv/K27ac_9-6-3_liver.fixmate.sorted.tmp; Input files updated by another job: data/alignment/cmv/K27ac_9-6-3_liver.fixmate.tmp
    wildcards: genome=cmv, sample=K27ac_9-6-3_liver
    resources: tmpdir=/tmp

[Tue Oct  1 00:27:15 2024]
Finished job 15.
34 of 382 steps (9%) done
Removing temporary output data/alignment/cmv_mouse/K27ac_9-6-3_liver.fixmate.tmp.
Select jobs to execute...

[Tue Oct  1 00:27:15 2024]
rule mark_duplicates:
    input: data/alignment/cmv_mouse/K27ac_9-6-3_liver.fixmate.sorted.tmp
    output: data/alignment/cmv_mouse/K27ac_9-6-3_liver.ALL.bam
    jobid: 14
    reason: Missing output files: data/alignment/cmv_mouse/K27ac_9-6-3_liver.ALL.bam; Input files updated by another job: data/alignment/cmv_mouse/K27ac_9-6-3_liver.fixmate.sorted.tmp
    wildcards: genome=cmv_mouse, sample=K27ac_9-6-3_liver
    resources: tmpdir=/tmp

[Tue Oct  1 00:27:26 2024]
Finished job 88.
35 of 382 steps (9%) done
Removing temporary output data/alignment/cmv_mouse/K27ac_2-12-2_liver.n_sorted.bam.
Select jobs to execute...

[Tue Oct  1 00:27:27 2024]
rule sort_fixmates:
    input: data/alignment/cmv_mouse/K27ac_2-12-2_liver.fixmate.tmp
    output: data/alignment/cmv_mouse/K27ac_2-12-2_liver.fixmate.sorted.tmp
    jobid: 87
    reason: Missing output files: data/alignment/cmv_mouse/K27ac_2-12-2_liver.fixmate.sorted.tmp; Input files updated by another job: data/alignment/cmv_mouse/K27ac_2-12-2_liver.fixmate.tmp
    wildcards: genome=cmv_mouse, sample=K27ac_2-12-2_liver
    resources: tmpdir=/tmp

[Tue Oct  1 00:29:09 2024]
Finished job 206.
36 of 382 steps (9%) done
Removing temporary output data/alignment/cmv/K27ac_2-12-2_liver.unsorted.bam.
Select jobs to execute...

[Tue Oct  1 00:29:09 2024]
rule fixmates:
    input: data/alignment/cmv/K27ac_2-12-2_liver.n_sorted.bam
    output: data/alignment/cmv/K27ac_2-12-2_liver.fixmate.tmp
    jobid: 205
    reason: Missing output files: data/alignment/cmv/K27ac_2-12-2_liver.fixmate.tmp; Input files updated by another job: data/alignment/cmv/K27ac_2-12-2_liver.n_sorted.bam
    wildcards: genome=cmv, sample=K27ac_2-12-2_liver
    resources: tmpdir=/tmp

[Tue Oct  1 00:38:41 2024]
Finished job 205.
37 of 382 steps (10%) done
Removing temporary output data/alignment/cmv/K27ac_2-12-2_liver.n_sorted.bam.
Select jobs to execute...

[Tue Oct  1 00:38:42 2024]
rule sort_fixmates:
    input: data/alignment/cmv/K27ac_2-12-2_liver.fixmate.tmp
    output: data/alignment/cmv/K27ac_2-12-2_liver.fixmate.sorted.tmp
    jobid: 204
    reason: Missing output files: data/alignment/cmv/K27ac_2-12-2_liver.fixmate.sorted.tmp; Input files updated by another job: data/alignment/cmv/K27ac_2-12-2_liver.fixmate.tmp
    wildcards: genome=cmv, sample=K27ac_2-12-2_liver
    resources: tmpdir=/tmp

[Tue Oct  1 00:43:14 2024]
Finished job 140.
38 of 382 steps (10%) done
Removing temporary output data/alignment/cmv/K27ac_9-6-3_liver.fixmate.tmp.
Select jobs to execute...

[Tue Oct  1 00:43:15 2024]
rule mark_duplicates:
    input: data/alignment/cmv/K27ac_9-6-3_liver.fixmate.sorted.tmp
    output: data/alignment/cmv/K27ac_9-6-3_liver.ALL.bam
    jobid: 139
    reason: Missing output files: data/alignment/cmv/K27ac_9-6-3_liver.ALL.bam; Input files updated by another job: data/alignment/cmv/K27ac_9-6-3_liver.fixmate.sorted.tmp
    wildcards: genome=cmv, sample=K27ac_9-6-3_liver
    resources: tmpdir=/tmp

[Tue Oct  1 00:48:30 2024]
Finished job 14.
39 of 382 steps (10%) done
Removing temporary output data/alignment/cmv_mouse/K27ac_9-6-3_liver.fixmate.sorted.tmp.
Select jobs to execute...

[Tue Oct  1 00:48:31 2024]
rule filter_bam:
    input: data/alignment/cmv/K27ac_2-2-3_liver.ALL.bam
    output: data/alignment/cmv/K27ac_2-2-3_liver.FILT.bam
    jobid: 168
    reason: Missing output files: data/alignment/cmv/K27ac_2-2-3_liver.FILT.bam; Input files updated by another job: data/alignment/cmv/K27ac_2-2-3_liver.ALL.bam
    wildcards: genome=cmv, sample=K27ac_2-2-3_liver
    resources: tmpdir=/tmp

[Tue Oct  1 00:54:40 2024]
Finished job 87.
40 of 382 steps (10%) done
Removing temporary output data/alignment/cmv_mouse/K27ac_2-12-2_liver.fixmate.tmp.
Select jobs to execute...

[Tue Oct  1 00:54:41 2024]
rule mark_duplicates:
    input: data/alignment/cmv_mouse/K27ac_2-12-2_liver.fixmate.sorted.tmp
    output: data/alignment/cmv_mouse/K27ac_2-12-2_liver.ALL.bam
    jobid: 86
    reason: Missing output files: data/alignment/cmv_mouse/K27ac_2-12-2_liver.ALL.bam; Input files updated by another job: data/alignment/cmv_mouse/K27ac_2-12-2_liver.fixmate.sorted.tmp
    wildcards: genome=cmv_mouse, sample=K27ac_2-12-2_liver
    resources: tmpdir=/tmp

[Tue Oct  1 01:01:02 2024]
Finished job 204.
41 of 382 steps (11%) done
Removing temporary output data/alignment/cmv/K27ac_2-12-2_liver.fixmate.tmp.
Select jobs to execute...

[Tue Oct  1 01:01:03 2024]
rule mark_duplicates:
    input: data/alignment/cmv/K27ac_2-12-2_liver.fixmate.sorted.tmp
    output: data/alignment/cmv/K27ac_2-12-2_liver.ALL.bam
    jobid: 203
    reason: Missing output files: data/alignment/cmv/K27ac_2-12-2_liver.ALL.bam; Input files updated by another job: data/alignment/cmv/K27ac_2-12-2_liver.fixmate.sorted.tmp
    wildcards: genome=cmv, sample=K27ac_2-12-2_liver
    resources: tmpdir=/tmp

[Tue Oct  1 01:04:10 2024]
Finished job 139.
42 of 382 steps (11%) done
Removing temporary output data/alignment/cmv/K27ac_9-6-3_liver.fixmate.sorted.tmp.
Select jobs to execute...

[Tue Oct  1 01:04:11 2024]
rule filter_bam:
    input: data/alignment/cmv_mouse/K27ac_9-6-3_liver.ALL.bam
    output: data/alignment/cmv_mouse/K27ac_9-6-3_liver.FILT.bam
    jobid: 20
    reason: Missing output files: data/alignment/cmv_mouse/K27ac_9-6-3_liver.FILT.bam; Input files updated by another job: data/alignment/cmv_mouse/K27ac_9-6-3_liver.ALL.bam
    wildcards: genome=cmv_mouse, sample=K27ac_9-6-3_liver
    resources: tmpdir=/tmp

[Tue Oct  1 01:05:36 2024]
Finished job 168.
43 of 382 steps (11%) done
Select jobs to execute...

[Tue Oct  1 01:05:36 2024]
rule seqkit_stats:
    input: data/raw_data/K27ac_2-6-3_liver_R1.fastq.gz, data/raw_data/K27ac_9-6-3_liver_R1.fastq.gz, data/raw_data/K27ac_2-2-1_liver_R1.fastq.gz, data/raw_data/K27ac_2-2-2_liver_R1.fastq.gz, data/raw_data/K27ac_2-2-3_liver_R1.fastq.gz, data/raw_data/K27ac_9-2-1_liver_R1.fastq.gz, data/raw_data/K27ac_9-2-2_liver_R1.fastq.gz, data/raw_data/K27ac_9-2-3_liver_R1.fastq.gz, data/raw_data/K27ac_2-12-1_liver_R1.fastq.gz, data/raw_data/K27ac_2-12-2_liver_R1.fastq.gz, data/raw_data/K27ac_2-12-3_liver_R1.fastq.gz, data/raw_data/K27ac_9-12-1_liver_R1.fastq.gz, data/raw_data/K27ac_9-12-2_liver_R1.fastq.gz, data/raw_data/K27ac_9-12-3_liver_R1.fastq.gz, data/raw_data/K27ac_2-6-3_liver_R2.fastq.gz, data/raw_data/K27ac_9-6-3_liver_R2.fastq.gz, data/raw_data/K27ac_2-2-1_liver_R2.fastq.gz, data/raw_data/K27ac_2-2-2_liver_R2.fastq.gz, data/raw_data/K27ac_2-2-3_liver_R2.fastq.gz, data/raw_data/K27ac_9-2-1_liver_R2.fastq.gz, data/raw_data/K27ac_9-2-2_liver_R2.fastq.gz, data/raw_data/K27ac_9-2-3_liver_R2.fastq.gz, data/raw_data/K27ac_2-12-1_liver_R2.fastq.gz, data/raw_data/K27ac_2-12-2_liver_R2.fastq.gz, data/raw_data/K27ac_2-12-3_liver_R2.fastq.gz, data/raw_data/K27ac_9-12-1_liver_R2.fastq.gz, data/raw_data/K27ac_9-12-2_liver_R2.fastq.gz, data/raw_data/K27ac_9-12-3_liver_R2.fastq.gz
    output: data/raw_data/stats
    jobid: 3
    reason: Missing output files: data/raw_data/stats
    resources: tmpdir=/tmp

Warning: the following output files of rule seqkit_stats were not present when the DAG was created:
{'data/raw_data/stats'}
[Tue Oct  1 01:14:24 2024]
Finished job 86.
44 of 382 steps (12%) done
Removing temporary output data/alignment/cmv_mouse/K27ac_2-12-2_liver.fixmate.sorted.tmp.
Select jobs to execute...

[Tue Oct  1 01:14:25 2024]
rule bowtie_align:
    input: data/raw_data/K27ac_2-2-2_liver_R1.fastq.gz, data/raw_data/K27ac_2-2-2_liver_R2.fastq.gz
    output: data/alignment/cmv_mouse/K27ac_2-2-2_liver.sam, data/alignment/cmv_mouse/bowtie2_logs/K27ac_2-2-2_liver.log, data/alignment/cmv/K27ac_2-2-2_liver.sam, data/alignment/cmv/bowtie2_logs/K27ac_2-2-2_liver.log
    jobid: 37
    reason: Missing output files: data/alignment/cmv/K27ac_2-2-2_liver.sam, data/alignment/cmv_mouse/K27ac_2-2-2_liver.sam
    wildcards: sample=K27ac_2-2-2_liver
    resources: tmpdir=/tmp

[Tue Oct  1 01:22:37 2024]
Finished job 20.
45 of 382 steps (12%) done
Select jobs to execute...

[Tue Oct  1 01:22:37 2024]
rule filter_bam:
    input: data/alignment/cmv_mouse/K27ac_9-2-2_liver.ALL.bam
    output: data/alignment/cmv_mouse/K27ac_9-2-2_liver.FILT.bam
    jobid: 65
    reason: Missing output files: data/alignment/cmv_mouse/K27ac_9-2-2_liver.FILT.bam; Input files updated by another job: data/alignment/cmv_mouse/K27ac_9-2-2_liver.ALL.bam
    wildcards: genome=cmv_mouse, sample=K27ac_9-2-2_liver
    resources: tmpdir=/tmp

[Tue Oct  1 01:25:20 2024]
Finished job 203.
46 of 382 steps (12%) done
Removing temporary output data/alignment/cmv/K27ac_2-12-2_liver.fixmate.sorted.tmp.
Select jobs to execute...

[Tue Oct  1 01:25:22 2024]
rule bowtie_align:
    input: data/raw_data/K27ac_2-12-1_liver_R1.fastq.gz, data/raw_data/K27ac_2-12-1_liver_R2.fastq.gz
    output: data/alignment/cmv_mouse/K27ac_2-12-1_liver.sam, data/alignment/cmv_mouse/bowtie2_logs/K27ac_2-12-1_liver.log, data/alignment/cmv/K27ac_2-12-1_liver.sam, data/alignment/cmv/bowtie2_logs/K27ac_2-12-1_liver.log
    jobid: 82
    reason: Missing output files: data/alignment/cmv/K27ac_2-12-1_liver.sam, data/alignment/cmv_mouse/K27ac_2-12-1_liver.sam
    wildcards: sample=K27ac_2-12-1_liver
    resources: tmpdir=/tmp

[Tue Oct  1 01:47:20 2024]
Finished job 65.
47 of 382 steps (12%) done
Select jobs to execute...

[Tue Oct  1 01:47:20 2024]
rule bowtie_align:
    input: data/raw_data/K27ac_9-12-3_liver_R1.fastq.gz, data/raw_data/K27ac_9-12-3_liver_R2.fastq.gz
    output: data/alignment/cmv_mouse/K27ac_9-12-3_liver.sam, data/alignment/cmv_mouse/bowtie2_logs/K27ac_9-12-3_liver.log, data/alignment/cmv/K27ac_9-12-3_liver.sam, data/alignment/cmv/bowtie2_logs/K27ac_9-12-3_liver.log
    jobid: 127
    reason: Missing output files: data/alignment/cmv/K27ac_9-12-3_liver.sam, data/alignment/cmv_mouse/K27ac_9-12-3_liver.sam
    wildcards: sample=K27ac_9-12-3_liver
    resources: tmpdir=/tmp

[Tue Oct  1 02:22:34 2024]
Finished job 3.
48 of 382 steps (13%) done
Select jobs to execute...

[Tue Oct  1 02:22:34 2024]
rule filter_bam:
    input: data/alignment/cmv/K27ac_9-6-3_liver.ALL.bam
    output: data/alignment/cmv/K27ac_9-6-3_liver.FILT.bam
    jobid: 144
    reason: Missing output files: data/alignment/cmv/K27ac_9-6-3_liver.FILT.bam; Input files updated by another job: data/alignment/cmv/K27ac_9-6-3_liver.ALL.bam
    wildcards: genome=cmv, sample=K27ac_9-6-3_liver
    resources: tmpdir=/tmp

[Tue Oct  1 02:25:28 2024]
Finished job 144.
49 of 382 steps (13%) done
Select jobs to execute...

[Tue Oct  1 02:25:28 2024]
rule bowtie_align:
    input: data/raw_data/K27ac_2-2-1_liver_R1.fastq.gz, data/raw_data/K27ac_2-2-1_liver_R2.fastq.gz
    output: data/alignment/cmv_mouse/K27ac_2-2-1_liver.sam, data/alignment/cmv_mouse/bowtie2_logs/K27ac_2-2-1_liver.log, data/alignment/cmv/K27ac_2-2-1_liver.sam, data/alignment/cmv/bowtie2_logs/K27ac_2-2-1_liver.log
    jobid: 28
    reason: Missing output files: data/alignment/cmv_mouse/K27ac_2-2-1_liver.sam, data/alignment/cmv/K27ac_2-2-1_liver.sam
    wildcards: sample=K27ac_2-2-1_liver
    resources: tmpdir=/tmp

[Tue Oct  1 03:00:58 2024]
Finished job 82.
50 of 382 steps (13%) done
Select jobs to execute...

[Tue Oct  1 03:00:58 2024]
rule bam_convert:
    input: data/alignment/cmv_mouse/K27ac_2-12-1_liver.sam
    output: data/alignment/cmv_mouse/K27ac_2-12-1_liver.unsorted.bam
    jobid: 81
    reason: Missing output files: data/alignment/cmv_mouse/K27ac_2-12-1_liver.unsorted.bam; Input files updated by another job: data/alignment/cmv_mouse/K27ac_2-12-1_liver.sam
    wildcards: genome=cmv_mouse, sample=K27ac_2-12-1_liver
    resources: tmpdir=/tmp

[Tue Oct  1 03:54:35 2024]
Finished job 81.
51 of 382 steps (13%) done
Removing temporary output data/alignment/cmv_mouse/K27ac_2-12-1_liver.sam.
Select jobs to execute...

[Tue Oct  1 03:54:38 2024]
rule bam_convert:
    input: data/alignment/cmv/K27ac_2-12-1_liver.sam
    output: data/alignment/cmv/K27ac_2-12-1_liver.unsorted.bam
    jobid: 199
    reason: Missing output files: data/alignment/cmv/K27ac_2-12-1_liver.unsorted.bam; Input files updated by another job: data/alignment/cmv/K27ac_2-12-1_liver.sam
    wildcards: genome=cmv, sample=K27ac_2-12-1_liver
    resources: tmpdir=/tmp

[Tue Oct  1 04:22:34 2024]
Finished job 37.
52 of 382 steps (14%) done
Select jobs to execute...

[Tue Oct  1 04:22:38 2024]
rule bam_convert:
    input: data/alignment/cmv_mouse/K27ac_2-2-2_liver.sam
    output: data/alignment/cmv_mouse/K27ac_2-2-2_liver.unsorted.bam
    jobid: 36
    reason: Missing output files: data/alignment/cmv_mouse/K27ac_2-2-2_liver.unsorted.bam; Input files updated by another job: data/alignment/cmv_mouse/K27ac_2-2-2_liver.sam
    wildcards: genome=cmv_mouse, sample=K27ac_2-2-2_liver
    resources: tmpdir=/tmp

[Tue Oct  1 04:40:12 2024]
Finished job 127.
53 of 382 steps (14%) done
Select jobs to execute...

[Tue Oct  1 04:40:13 2024]
rule bam_convert:
    input: data/alignment/cmv_mouse/K27ac_9-12-3_liver.sam
    output: data/alignment/cmv_mouse/K27ac_9-12-3_liver.unsorted.bam
    jobid: 126
    reason: Missing output files: data/alignment/cmv_mouse/K27ac_9-12-3_liver.unsorted.bam; Input files updated by another job: data/alignment/cmv_mouse/K27ac_9-12-3_liver.sam
    wildcards: genome=cmv_mouse, sample=K27ac_9-12-3_liver
    resources: tmpdir=/tmp

[Tue Oct  1 04:55:23 2024]
Finished job 199.
54 of 382 steps (14%) done
Removing temporary output data/alignment/cmv/K27ac_2-12-1_liver.sam.
Select jobs to execute...

[Tue Oct  1 04:55:24 2024]
rule bam_convert:
    input: data/alignment/cmv/K27ac_9-12-3_liver.sam
    output: data/alignment/cmv/K27ac_9-12-3_liver.unsorted.bam
    jobid: 239
    reason: Missing output files: data/alignment/cmv/K27ac_9-12-3_liver.unsorted.bam; Input files updated by another job: data/alignment/cmv/K27ac_9-12-3_liver.sam
    wildcards: genome=cmv, sample=K27ac_9-12-3_liver
    resources: tmpdir=/tmp

[Tue Oct  1 05:31:49 2024]
Finished job 28.
55 of 382 steps (14%) done
Select jobs to execute...

[Tue Oct  1 05:31:49 2024]
rule bam_convert:
    input: data/alignment/cmv_mouse/K27ac_2-2-1_liver.sam
    output: data/alignment/cmv_mouse/K27ac_2-2-1_liver.unsorted.bam
    jobid: 27
    reason: Missing output files: data/alignment/cmv_mouse/K27ac_2-2-1_liver.unsorted.bam; Input files updated by another job: data/alignment/cmv_mouse/K27ac_2-2-1_liver.sam
    wildcards: genome=cmv_mouse, sample=K27ac_2-2-1_liver
    resources: tmpdir=/tmp

[Tue Oct  1 06:29:37 2024]
Finished job 239.
56 of 382 steps (15%) done
Removing temporary output data/alignment/cmv/K27ac_9-12-3_liver.sam.
Select jobs to execute...

[Tue Oct  1 06:29:39 2024]
rule bam_convert:
    input: data/alignment/cmv/K27ac_2-2-1_liver.sam
    output: data/alignment/cmv/K27ac_2-2-1_liver.unsorted.bam
    jobid: 151
    reason: Missing output files: data/alignment/cmv/K27ac_2-2-1_liver.unsorted.bam; Input files updated by another job: data/alignment/cmv/K27ac_2-2-1_liver.sam
    wildcards: genome=cmv, sample=K27ac_2-2-1_liver
    resources: tmpdir=/tmp

[Tue Oct  1 06:39:47 2024]
Finished job 36.
57 of 382 steps (15%) done
Removing temporary output data/alignment/cmv_mouse/K27ac_2-2-2_liver.sam.
Select jobs to execute...

[Tue Oct  1 06:39:49 2024]
rule bam_convert:
    input: data/alignment/cmv/K27ac_2-2-2_liver.sam
    output: data/alignment/cmv/K27ac_2-2-2_liver.unsorted.bam
    jobid: 159
    reason: Missing output files: data/alignment/cmv/K27ac_2-2-2_liver.unsorted.bam; Input files updated by another job: data/alignment/cmv/K27ac_2-2-2_liver.sam
    wildcards: genome=cmv, sample=K27ac_2-2-2_liver
    resources: tmpdir=/tmp

[Tue Oct  1 06:48:47 2024]
Finished job 126.
58 of 382 steps (15%) done
Removing temporary output data/alignment/cmv_mouse/K27ac_9-12-3_liver.sam.
Select jobs to execute...

[Tue Oct  1 06:48:48 2024]
rule bam_sort_name:
    input: data/alignment/cmv_mouse/K27ac_2-2-2_liver.unsorted.bam
    output: data/alignment/cmv_mouse/K27ac_2-2-2_liver.n_sorted.bam
    jobid: 35
    reason: Missing output files: data/alignment/cmv_mouse/K27ac_2-2-2_liver.n_sorted.bam; Input files updated by another job: data/alignment/cmv_mouse/K27ac_2-2-2_liver.unsorted.bam
    wildcards: genome=cmv_mouse, sample=K27ac_2-2-2_liver
    resources: tmpdir=/tmp

[Tue Oct  1 07:36:45 2024]
Finished job 35.
59 of 382 steps (15%) done
Removing temporary output data/alignment/cmv_mouse/K27ac_2-2-2_liver.unsorted.bam.
Select jobs to execute...

[Tue Oct  1 07:36:46 2024]
rule fixmates:
    input: data/alignment/cmv_mouse/K27ac_2-2-2_liver.n_sorted.bam
    output: data/alignment/cmv_mouse/K27ac_2-2-2_liver.fixmate.tmp
    jobid: 34
    reason: Missing output files: data/alignment/cmv_mouse/K27ac_2-2-2_liver.fixmate.tmp; Input files updated by another job: data/alignment/cmv_mouse/K27ac_2-2-2_liver.n_sorted.bam
    wildcards: genome=cmv_mouse, sample=K27ac_2-2-2_liver
    resources: tmpdir=/tmp

[Tue Oct  1 07:58:11 2024]
Finished job 34.
60 of 382 steps (16%) done
Removing temporary output data/alignment/cmv_mouse/K27ac_2-2-2_liver.n_sorted.bam.
Select jobs to execute...

[Tue Oct  1 07:58:12 2024]
rule sort_fixmates:
    input: data/alignment/cmv_mouse/K27ac_2-2-2_liver.fixmate.tmp
    output: data/alignment/cmv_mouse/K27ac_2-2-2_liver.fixmate.sorted.tmp
    jobid: 33
    reason: Missing output files: data/alignment/cmv_mouse/K27ac_2-2-2_liver.fixmate.sorted.tmp; Input files updated by another job: data/alignment/cmv_mouse/K27ac_2-2-2_liver.fixmate.tmp
    wildcards: genome=cmv_mouse, sample=K27ac_2-2-2_liver
    resources: tmpdir=/tmp

[Tue Oct  1 08:02:49 2024]
Finished job 159.
61 of 382 steps (16%) done
Removing temporary output data/alignment/cmv/K27ac_2-2-2_liver.sam.
Select jobs to execute...

[Tue Oct  1 08:02:50 2024]
rule bam_sort_name:
    input: data/alignment/cmv_mouse/K27ac_9-12-3_liver.unsorted.bam
    output: data/alignment/cmv_mouse/K27ac_9-12-3_liver.n_sorted.bam
    jobid: 125
    reason: Missing output files: data/alignment/cmv_mouse/K27ac_9-12-3_liver.n_sorted.bam; Input files updated by another job: data/alignment/cmv_mouse/K27ac_9-12-3_liver.unsorted.bam
    wildcards: genome=cmv_mouse, sample=K27ac_9-12-3_liver
    resources: tmpdir=/tmp

[Tue Oct  1 08:30:03 2024]
Finished job 27.
62 of 382 steps (16%) done
Removing temporary output data/alignment/cmv_mouse/K27ac_2-2-1_liver.sam.
Select jobs to execute...

[Tue Oct  1 08:30:05 2024]
rule bam_sort_name:
    input: data/alignment/cmv_mouse/K27ac_2-2-1_liver.unsorted.bam
    output: data/alignment/cmv_mouse/K27ac_2-2-1_liver.n_sorted.bam
    jobid: 26
    reason: Missing output files: data/alignment/cmv_mouse/K27ac_2-2-1_liver.n_sorted.bam; Input files updated by another job: data/alignment/cmv_mouse/K27ac_2-2-1_liver.unsorted.bam
    wildcards: genome=cmv_mouse, sample=K27ac_2-2-1_liver
    resources: tmpdir=/tmp

[Tue Oct  1 08:33:35 2024]
Finished job 151.
63 of 382 steps (16%) done
Removing temporary output data/alignment/cmv/K27ac_2-2-1_liver.sam.
Select jobs to execute...

[Tue Oct  1 08:33:37 2024]
rule bam_sort_name:
    input: data/alignment/cmv/K27ac_2-2-1_liver.unsorted.bam
    output: data/alignment/cmv/K27ac_2-2-1_liver.n_sorted.bam
    jobid: 150
    reason: Missing output files: data/alignment/cmv/K27ac_2-2-1_liver.n_sorted.bam; Input files updated by another job: data/alignment/cmv/K27ac_2-2-1_liver.unsorted.bam
    wildcards: genome=cmv, sample=K27ac_2-2-1_liver
    resources: tmpdir=/tmp

[Tue Oct  1 08:48:18 2024]
Finished job 33.
64 of 382 steps (17%) done
Removing temporary output data/alignment/cmv_mouse/K27ac_2-2-2_liver.fixmate.tmp.
Select jobs to execute...

[Tue Oct  1 08:48:19 2024]
rule bam_sort_name:
    input: data/alignment/cmv/K27ac_2-2-2_liver.unsorted.bam
    output: data/alignment/cmv/K27ac_2-2-2_liver.n_sorted.bam
    jobid: 158
    reason: Missing output files: data/alignment/cmv/K27ac_2-2-2_liver.n_sorted.bam; Input files updated by another job: data/alignment/cmv/K27ac_2-2-2_liver.unsorted.bam
    wildcards: genome=cmv, sample=K27ac_2-2-2_liver
    resources: tmpdir=/tmp

[Tue Oct  1 08:59:55 2024]
Finished job 125.
65 of 382 steps (17%) done
Removing temporary output data/alignment/cmv_mouse/K27ac_9-12-3_liver.unsorted.bam.
Select jobs to execute...

[Tue Oct  1 08:59:55 2024]
rule fixmates:
    input: data/alignment/cmv_mouse/K27ac_9-12-3_liver.n_sorted.bam
    output: data/alignment/cmv_mouse/K27ac_9-12-3_liver.fixmate.tmp
    jobid: 124
    reason: Missing output files: data/alignment/cmv_mouse/K27ac_9-12-3_liver.fixmate.tmp; Input files updated by another job: data/alignment/cmv_mouse/K27ac_9-12-3_liver.n_sorted.bam
    wildcards: genome=cmv_mouse, sample=K27ac_9-12-3_liver
    resources: tmpdir=/tmp

[Tue Oct  1 09:24:04 2024]
Finished job 158.
66 of 382 steps (17%) done
Removing temporary output data/alignment/cmv/K27ac_2-2-2_liver.unsorted.bam.
Select jobs to execute...

[Tue Oct  1 09:24:05 2024]
rule bam_sort_name:
    input: data/alignment/cmv/K27ac_9-12-3_liver.unsorted.bam
    output: data/alignment/cmv/K27ac_9-12-3_liver.n_sorted.bam
    jobid: 238
    reason: Missing output files: data/alignment/cmv/K27ac_9-12-3_liver.n_sorted.bam; Input files updated by another job: data/alignment/cmv/K27ac_9-12-3_liver.unsorted.bam
    wildcards: genome=cmv, sample=K27ac_9-12-3_liver
    resources: tmpdir=/tmp

[Tue Oct  1 09:24:23 2024]
Finished job 124.
67 of 382 steps (18%) done
Removing temporary output data/alignment/cmv_mouse/K27ac_9-12-3_liver.n_sorted.bam.
Select jobs to execute...

[Tue Oct  1 09:24:24 2024]
rule sort_fixmates:
    input: data/alignment/cmv_mouse/K27ac_9-12-3_liver.fixmate.tmp
    output: data/alignment/cmv_mouse/K27ac_9-12-3_liver.fixmate.sorted.tmp
    jobid: 123
    reason: Missing output files: data/alignment/cmv_mouse/K27ac_9-12-3_liver.fixmate.sorted.tmp; Input files updated by another job: data/alignment/cmv_mouse/K27ac_9-12-3_liver.fixmate.tmp
    wildcards: genome=cmv_mouse, sample=K27ac_9-12-3_liver
    resources: tmpdir=/tmp

[Tue Oct  1 09:25:50 2024]
Finished job 150.
68 of 382 steps (18%) done
Removing temporary output data/alignment/cmv/K27ac_2-2-1_liver.unsorted.bam.
Select jobs to execute...

[Tue Oct  1 09:25:51 2024]
rule fixmates:
    input: data/alignment/cmv/K27ac_2-2-1_liver.n_sorted.bam
    output: data/alignment/cmv/K27ac_2-2-1_liver.fixmate.tmp
    jobid: 149
    reason: Missing output files: data/alignment/cmv/K27ac_2-2-1_liver.fixmate.tmp; Input files updated by another job: data/alignment/cmv/K27ac_2-2-1_liver.n_sorted.bam
    wildcards: genome=cmv, sample=K27ac_2-2-1_liver
    resources: tmpdir=/tmp

[Tue Oct  1 09:49:58 2024]
Finished job 26.
69 of 382 steps (18%) done
Removing temporary output data/alignment/cmv_mouse/K27ac_2-2-1_liver.unsorted.bam.
Select jobs to execute...

[Tue Oct  1 09:49:58 2024]
rule fixmates:
    input: data/alignment/cmv_mouse/K27ac_2-2-1_liver.n_sorted.bam
    output: data/alignment/cmv_mouse/K27ac_2-2-1_liver.fixmate.tmp
    jobid: 25
    reason: Missing output files: data/alignment/cmv_mouse/K27ac_2-2-1_liver.fixmate.tmp; Input files updated by another job: data/alignment/cmv_mouse/K27ac_2-2-1_liver.n_sorted.bam
    wildcards: genome=cmv_mouse, sample=K27ac_2-2-1_liver
    resources: tmpdir=/tmp

[Tue Oct  1 09:50:42 2024]
Finished job 149.
70 of 382 steps (18%) done
Removing temporary output data/alignment/cmv/K27ac_2-2-1_liver.n_sorted.bam.
Select jobs to execute...

[Tue Oct  1 09:50:42 2024]
rule sort_fixmates:
    input: data/alignment/cmv/K27ac_2-2-1_liver.fixmate.tmp
    output: data/alignment/cmv/K27ac_2-2-1_liver.fixmate.sorted.tmp
    jobid: 148
    reason: Missing output files: data/alignment/cmv/K27ac_2-2-1_liver.fixmate.sorted.tmp; Input files updated by another job: data/alignment/cmv/K27ac_2-2-1_liver.fixmate.tmp
    wildcards: genome=cmv, sample=K27ac_2-2-1_liver
    resources: tmpdir=/tmp

[Tue Oct  1 10:00:34 2024]
Finished job 238.
71 of 382 steps (19%) done
Removing temporary output data/alignment/cmv/K27ac_9-12-3_liver.unsorted.bam.
Select jobs to execute...

[Tue Oct  1 10:00:35 2024]
rule fixmates:
    input: data/alignment/cmv/K27ac_2-2-2_liver.n_sorted.bam
    output: data/alignment/cmv/K27ac_2-2-2_liver.fixmate.tmp
    jobid: 157
    reason: Missing output files: data/alignment/cmv/K27ac_2-2-2_liver.fixmate.tmp; Input files updated by another job: data/alignment/cmv/K27ac_2-2-2_liver.n_sorted.bam
    wildcards: genome=cmv, sample=K27ac_2-2-2_liver
    resources: tmpdir=/tmp

[Tue Oct  1 10:16:20 2024]
Finished job 123.
72 of 382 steps (19%) done
Removing temporary output data/alignment/cmv_mouse/K27ac_9-12-3_liver.fixmate.tmp.
Select jobs to execute...

[Tue Oct  1 10:16:21 2024]
rule fixmates:
    input: data/alignment/cmv/K27ac_9-12-3_liver.n_sorted.bam
    output: data/alignment/cmv/K27ac_9-12-3_liver.fixmate.tmp
    jobid: 237
    reason: Missing output files: data/alignment/cmv/K27ac_9-12-3_liver.fixmate.tmp; Input files updated by another job: data/alignment/cmv/K27ac_9-12-3_liver.n_sorted.bam
    wildcards: genome=cmv, sample=K27ac_9-12-3_liver
    resources: tmpdir=/tmp

[Tue Oct  1 10:17:09 2024]
Finished job 157.
73 of 382 steps (19%) done
Removing temporary output data/alignment/cmv/K27ac_2-2-2_liver.n_sorted.bam.
Select jobs to execute...

[Tue Oct  1 10:17:10 2024]
rule sort_fixmates:
    input: data/alignment/cmv/K27ac_2-2-2_liver.fixmate.tmp
    output: data/alignment/cmv/K27ac_2-2-2_liver.fixmate.sorted.tmp
    jobid: 156
    reason: Missing output files: data/alignment/cmv/K27ac_2-2-2_liver.fixmate.sorted.tmp; Input files updated by another job: data/alignment/cmv/K27ac_2-2-2_liver.fixmate.tmp
    wildcards: genome=cmv, sample=K27ac_2-2-2_liver
    resources: tmpdir=/tmp

[Tue Oct  1 10:27:54 2024]
Finished job 25.
74 of 382 steps (19%) done
Removing temporary output data/alignment/cmv_mouse/K27ac_2-2-1_liver.n_sorted.bam.
Select jobs to execute...

[Tue Oct  1 10:27:55 2024]
rule sort_fixmates:
    input: data/alignment/cmv_mouse/K27ac_2-2-1_liver.fixmate.tmp
    output: data/alignment/cmv_mouse/K27ac_2-2-1_liver.fixmate.sorted.tmp
    jobid: 24
    reason: Missing output files: data/alignment/cmv_mouse/K27ac_2-2-1_liver.fixmate.sorted.tmp; Input files updated by another job: data/alignment/cmv_mouse/K27ac_2-2-1_liver.fixmate.tmp
    wildcards: genome=cmv_mouse, sample=K27ac_2-2-1_liver
    resources: tmpdir=/tmp

[Tue Oct  1 10:34:27 2024]
Finished job 237.
75 of 382 steps (20%) done
Removing temporary output data/alignment/cmv/K27ac_9-12-3_liver.n_sorted.bam.
Select jobs to execute...

[Tue Oct  1 10:34:36 2024]
rule sort_fixmates:
    input: data/alignment/cmv/K27ac_9-12-3_liver.fixmate.tmp
    output: data/alignment/cmv/K27ac_9-12-3_liver.fixmate.sorted.tmp
    jobid: 236
    reason: Missing output files: data/alignment/cmv/K27ac_9-12-3_liver.fixmate.sorted.tmp; Input files updated by another job: data/alignment/cmv/K27ac_9-12-3_liver.fixmate.tmp
    wildcards: genome=cmv, sample=K27ac_9-12-3_liver
    resources: tmpdir=/tmp

[Tue Oct  1 10:51:39 2024]
Finished job 148.
76 of 382 steps (20%) done
Removing temporary output data/alignment/cmv/K27ac_2-2-1_liver.fixmate.tmp.
Select jobs to execute...

[Tue Oct  1 10:51:40 2024]
rule mark_duplicates:
    input: data/alignment/cmv/K27ac_2-2-1_liver.fixmate.sorted.tmp
    output: data/alignment/cmv/K27ac_2-2-1_liver.ALL.bam
    jobid: 147
    reason: Missing output files: data/alignment/cmv/K27ac_2-2-1_liver.ALL.bam; Input files updated by another job: data/alignment/cmv/K27ac_2-2-1_liver.fixmate.sorted.tmp
    wildcards: genome=cmv, sample=K27ac_2-2-1_liver
    resources: tmpdir=/tmp

[Tue Oct  1 10:57:27 2024]
Finished job 156.
77 of 382 steps (20%) done
Removing temporary output data/alignment/cmv/K27ac_2-2-2_liver.fixmate.tmp.
Select jobs to execute...

[Tue Oct  1 10:57:27 2024]
rule mark_duplicates:
    input: data/alignment/cmv/K27ac_2-2-2_liver.fixmate.sorted.tmp
    output: data/alignment/cmv/K27ac_2-2-2_liver.ALL.bam
    jobid: 155
    reason: Missing output files: data/alignment/cmv/K27ac_2-2-2_liver.ALL.bam; Input files updated by another job: data/alignment/cmv/K27ac_2-2-2_liver.fixmate.sorted.tmp
    wildcards: genome=cmv, sample=K27ac_2-2-2_liver
    resources: tmpdir=/tmp

[Tue Oct  1 11:12:05 2024]
Finished job 236.
78 of 382 steps (20%) done
Removing temporary output data/alignment/cmv/K27ac_9-12-3_liver.fixmate.tmp.
Select jobs to execute...

[Tue Oct  1 11:12:06 2024]
rule mark_duplicates:
    input: data/alignment/cmv/K27ac_9-12-3_liver.fixmate.sorted.tmp
    output: data/alignment/cmv/K27ac_9-12-3_liver.ALL.bam
    jobid: 235
    reason: Missing output files: data/alignment/cmv/K27ac_9-12-3_liver.ALL.bam; Input files updated by another job: data/alignment/cmv/K27ac_9-12-3_liver.fixmate.sorted.tmp
    wildcards: genome=cmv, sample=K27ac_9-12-3_liver
    resources: tmpdir=/tmp

Terminating processes on user request, this might take some time.
[Tue Oct  1 11:25:48 2024]
[Tue Oct  1 11:25:48 2024]
[Tue Oct  1 11:25:48 2024]
Error in rule mark_duplicates:
    jobid: 155
    input: data/alignment/cmv/K27ac_2-2-2_liver.fixmate.sorted.tmp
    output: data/alignment/cmv/K27ac_2-2-2_liver.ALL.bam
    shell:
        samtools markdup -@ 4 data/alignment/cmv/K27ac_2-2-2_liver.fixmate.sorted.tmp data/alignment/cmv/K27ac_2-2-2_liver.ALL.bam; samtools index data/alignment/cmv/K27ac_2-2-2_liver.ALL.bam
        (one of the commands exited with non-zero exit code; note that snakemake uses bash strict mode!)

Error in rule mark_duplicates:
    jobid: 235
    input: data/alignment/cmv/K27ac_9-12-3_liver.fixmate.sorted.tmp
    output: data/alignment/cmv/K27ac_9-12-3_liver.ALL.bam
    shell:
        samtools markdup -@ 4 data/alignment/cmv/K27ac_9-12-3_liver.fixmate.sorted.tmp data/alignment/cmv/K27ac_9-12-3_liver.ALL.bam; samtools index data/alignment/cmv/K27ac_9-12-3_liver.ALL.bam
        (one of the commands exited with non-zero exit code; note that snakemake uses bash strict mode!)

Error in rule mark_duplicates:
    jobid: 147
    input: data/alignment/cmv/K27ac_2-2-1_liver.fixmate.sorted.tmp
    output: data/alignment/cmv/K27ac_2-2-1_liver.ALL.bam
    shell:
        samtools markdup -@ 4 data/alignment/cmv/K27ac_2-2-1_liver.fixmate.sorted.tmp data/alignment/cmv/K27ac_2-2-1_liver.ALL.bam; samtools index data/alignment/cmv/K27ac_2-2-1_liver.ALL.bam
        (one of the commands exited with non-zero exit code; note that snakemake uses bash strict mode!)

[Tue Oct  1 11:25:48 2024]
Error in rule sort_fixmates:
    jobid: 24
    input: data/alignment/cmv_mouse/K27ac_2-2-1_liver.fixmate.tmp
    output: data/alignment/cmv_mouse/K27ac_2-2-1_liver.fixmate.sorted.tmp
    shell:
        samtools sort -@ 4 data/alignment/cmv_mouse/K27ac_2-2-1_liver.fixmate.tmp > data/alignment/cmv_mouse/K27ac_2-2-1_liver.fixmate.sorted.tmp
        (one of the commands exited with non-zero exit code; note that snakemake uses bash strict mode!)

Cancelling snakemake on user request.
