Building DAG of jobs...
Using shell: /usr/bin/bash
Provided cores: 8
Rules claiming more threads will be scaled down.
Job stats:
job           count    min threads    max threads
----------  -------  -------------  -------------
all               1              1              1
bam_to_bed        8              1              1
genomecov         8              1              1
total            17              1              1

Select jobs to execute...

[Wed Aug 28 16:41:47 2024]
rule bam_to_bed:
    input: data/alignment/cmv_mouse/K27ac_261_liver.ALL.bam
    output: data/alignment/cmv_mouse/K27ac_261_liver.ALL.bed
    jobid: 97
    reason: Missing output files: data/alignment/cmv_mouse/K27ac_261_liver.ALL.bed
    wildcards: genome=cmv_mouse, sample=K27ac_261_liver
    resources: tmpdir=/tmp


[Wed Aug 28 16:41:47 2024]
rule bam_to_bed:
    input: data/alignment/cmv_mouse/K27ac_262_liver.ALL.bam
    output: data/alignment/cmv_mouse/K27ac_262_liver.ALL.bed
    jobid: 99
    reason: Missing output files: data/alignment/cmv_mouse/K27ac_262_liver.ALL.bed
    wildcards: genome=cmv_mouse, sample=K27ac_262_liver
    resources: tmpdir=/tmp


[Wed Aug 28 16:41:47 2024]
rule bam_to_bed:
    input: data/alignment/cmv_mouse/K27ac_961_liver.ALL.bam
    output: data/alignment/cmv_mouse/K27ac_961_liver.ALL.bed
    jobid: 101
    reason: Missing output files: data/alignment/cmv_mouse/K27ac_961_liver.ALL.bed
    wildcards: genome=cmv_mouse, sample=K27ac_961_liver
    resources: tmpdir=/tmp


[Wed Aug 28 16:41:48 2024]
rule bam_to_bed:
    input: data/alignment/cmv_mouse/K27ac_962_liver.ALL.bam
    output: data/alignment/cmv_mouse/K27ac_962_liver.ALL.bed
    jobid: 103
    reason: Missing output files: data/alignment/cmv_mouse/K27ac_962_liver.ALL.bed
    wildcards: genome=cmv_mouse, sample=K27ac_962_liver
    resources: tmpdir=/tmp


[Wed Aug 28 16:41:48 2024]
rule bam_to_bed:
    input: data/alignment/cmv/K27ac_261_liver.ALL.bam
    output: data/alignment/cmv/K27ac_261_liver.ALL.bed
    jobid: 105
    reason: Missing output files: data/alignment/cmv/K27ac_261_liver.ALL.bed
    wildcards: genome=cmv, sample=K27ac_261_liver
    resources: tmpdir=/tmp


[Wed Aug 28 16:41:48 2024]
rule bam_to_bed:
    input: data/alignment/cmv/K27ac_262_liver.ALL.bam
    output: data/alignment/cmv/K27ac_262_liver.ALL.bed
    jobid: 107
    reason: Missing output files: data/alignment/cmv/K27ac_262_liver.ALL.bed
    wildcards: genome=cmv, sample=K27ac_262_liver
    resources: tmpdir=/tmp


[Wed Aug 28 16:41:48 2024]
rule bam_to_bed:
    input: data/alignment/cmv/K27ac_961_liver.ALL.bam
    output: data/alignment/cmv/K27ac_961_liver.ALL.bed
    jobid: 109
    reason: Missing output files: data/alignment/cmv/K27ac_961_liver.ALL.bed
    wildcards: genome=cmv, sample=K27ac_961_liver
    resources: tmpdir=/tmp


[Wed Aug 28 16:41:49 2024]
rule bam_to_bed:
    input: data/alignment/cmv/K27ac_962_liver.ALL.bam
    output: data/alignment/cmv/K27ac_962_liver.ALL.bed
    jobid: 111
    reason: Missing output files: data/alignment/cmv/K27ac_962_liver.ALL.bed
    wildcards: genome=cmv, sample=K27ac_962_liver
    resources: tmpdir=/tmp

Terminating processes on user request, this might take some time.
[Wed Aug 28 16:41:49 2024]
Error in rule bam_to_bed:
    jobid: 107
    input: data/alignment/cmv/K27ac_262_liver.ALL.bam
    output: data/alignment/cmv/K27ac_262_liver.ALL.bed
    shell:
        bedtools bamtobed -bedpe -i data/alignment/cmv/K27ac_262_liver.ALL.bam > data/alignment/cmv/K27ac_262_liver.ALL.bed
        (one of the commands exited with non-zero exit code; note that snakemake uses bash strict mode!)

[Wed Aug 28 16:41:49 2024]
[Wed Aug 28 16:41:49 2024]
[Wed Aug 28 16:41:49 2024]
Error in rule bam_to_bed:
    jobid: 103
    input: data/alignment/cmv_mouse/K27ac_962_liver.ALL.bam
    output: data/alignment/cmv_mouse/K27ac_962_liver.ALL.bed
    shell:
        bedtools bamtobed -bedpe -i data/alignment/cmv_mouse/K27ac_962_liver.ALL.bam > data/alignment/cmv_mouse/K27ac_962_liver.ALL.bed
        (one of the commands exited with non-zero exit code; note that snakemake uses bash strict mode!)

[Wed Aug 28 16:41:49 2024]
Error in rule bam_to_bed:
    jobid: 105
    input: data/alignment/cmv/K27ac_261_liver.ALL.bam
    output: data/alignment/cmv/K27ac_261_liver.ALL.bed
    shell:
        bedtools bamtobed -bedpe -i data/alignment/cmv/K27ac_261_liver.ALL.bam > data/alignment/cmv/K27ac_261_liver.ALL.bed
        (one of the commands exited with non-zero exit code; note that snakemake uses bash strict mode!)

[Wed Aug 28 16:41:49 2024]
Error in rule bam_to_bed:
    jobid: 99
    input: data/alignment/cmv_mouse/K27ac_262_liver.ALL.bam
    output: data/alignment/cmv_mouse/K27ac_262_liver.ALL.bed
    shell:
        bedtools bamtobed -bedpe -i data/alignment/cmv_mouse/K27ac_262_liver.ALL.bam > data/alignment/cmv_mouse/K27ac_262_liver.ALL.bed
        (one of the commands exited with non-zero exit code; note that snakemake uses bash strict mode!)

[Wed Aug 28 16:41:49 2024]
Error in rule bam_to_bed:
    jobid: 97
    input: data/alignment/cmv_mouse/K27ac_261_liver.ALL.bam
    output: data/alignment/cmv_mouse/K27ac_261_liver.ALL.bed
    shell:
        bedtools bamtobed -bedpe -i data/alignment/cmv_mouse/K27ac_261_liver.ALL.bam > data/alignment/cmv_mouse/K27ac_261_liver.ALL.bed
        (one of the commands exited with non-zero exit code; note that snakemake uses bash strict mode!)

Error in rule bam_to_bed:
    jobid: 109
    input: data/alignment/cmv/K27ac_961_liver.ALL.bam
    output: data/alignment/cmv/K27ac_961_liver.ALL.bed
    shell:
        bedtools bamtobed -bedpe -i data/alignment/cmv/K27ac_961_liver.ALL.bam > data/alignment/cmv/K27ac_961_liver.ALL.bed
        (one of the commands exited with non-zero exit code; note that snakemake uses bash strict mode!)

Error in rule bam_to_bed:
    jobid: 101
    input: data/alignment/cmv_mouse/K27ac_961_liver.ALL.bam
    output: data/alignment/cmv_mouse/K27ac_961_liver.ALL.bed
    shell:
        bedtools bamtobed -bedpe -i data/alignment/cmv_mouse/K27ac_961_liver.ALL.bam > data/alignment/cmv_mouse/K27ac_961_liver.ALL.bed
        (one of the commands exited with non-zero exit code; note that snakemake uses bash strict mode!)

Cancelling snakemake on user request.
