Building DAG of jobs...
Using shell: /usr/bin/bash
Provided cores: 8
Rules claiming more threads will be scaled down.
Job stats:
job      count    min threads    max threads
-----  -------  -------------  -------------
SEACR        8              1              1
all          1              1              1
total        9              1              1

Select jobs to execute...

[Tue Sep  3 14:56:36 2024]
rule SEACR:
    input: data/alignment/cmv/K27ac_261_liver.ALL.bedgraph
    output: data/alignment/cmv/K27ac_261_liver.ALL.SEACR.stringent.bed
    jobid: 104
    reason: Missing output files: data/alignment/cmv/K27ac_261_liver.ALL.SEACR.stringent.bed
    wildcards: genome=cmv, sample=K27ac_261_liver
    resources: tmpdir=/tmp


[Tue Sep  3 14:56:36 2024]
rule SEACR:
    input: data/alignment/cmv/K27ac_262_liver.ALL.bedgraph
    output: data/alignment/cmv/K27ac_262_liver.ALL.SEACR.stringent.bed
    jobid: 106
    reason: Missing output files: data/alignment/cmv/K27ac_262_liver.ALL.SEACR.stringent.bed
    wildcards: genome=cmv, sample=K27ac_262_liver
    resources: tmpdir=/tmp


[Tue Sep  3 14:56:36 2024]
rule SEACR:
    input: data/alignment/cmv/K27ac_961_liver.ALL.bedgraph
    output: data/alignment/cmv/K27ac_961_liver.ALL.SEACR.stringent.bed
    jobid: 108
    reason: Missing output files: data/alignment/cmv/K27ac_961_liver.ALL.SEACR.stringent.bed
    wildcards: genome=cmv, sample=K27ac_961_liver
    resources: tmpdir=/tmp


[Tue Sep  3 14:56:36 2024]
rule SEACR:
    input: data/alignment/cmv/K27ac_962_liver.ALL.bedgraph
    output: data/alignment/cmv/K27ac_962_liver.ALL.SEACR.stringent.bed
    jobid: 110
    reason: Missing output files: data/alignment/cmv/K27ac_962_liver.ALL.SEACR.stringent.bed
    wildcards: genome=cmv, sample=K27ac_962_liver
    resources: tmpdir=/tmp


[Tue Sep  3 14:56:36 2024]
rule SEACR:
    input: data/alignment/cmv_mouse/K27ac_261_liver.ALL.bedgraph
    output: data/alignment/cmv_mouse/K27ac_261_liver.ALL.SEACR.stringent.bed
    jobid: 96
    reason: Code has changed since last execution
    wildcards: genome=cmv_mouse, sample=K27ac_261_liver
    resources: tmpdir=/tmp


[Tue Sep  3 14:56:36 2024]
rule SEACR:
    input: data/alignment/cmv_mouse/K27ac_262_liver.ALL.bedgraph
    output: data/alignment/cmv_mouse/K27ac_262_liver.ALL.SEACR.stringent.bed
    jobid: 98
    reason: Code has changed since last execution
    wildcards: genome=cmv_mouse, sample=K27ac_262_liver
    resources: tmpdir=/tmp


[Tue Sep  3 14:56:36 2024]
rule SEACR:
    input: data/alignment/cmv_mouse/K27ac_961_liver.ALL.bedgraph
    output: data/alignment/cmv_mouse/K27ac_961_liver.ALL.SEACR.stringent.bed
    jobid: 100
    reason: Code has changed since last execution
    wildcards: genome=cmv_mouse, sample=K27ac_961_liver
    resources: tmpdir=/tmp


[Tue Sep  3 14:56:36 2024]
rule SEACR:
    input: data/alignment/cmv_mouse/K27ac_962_liver.ALL.bedgraph
    output: data/alignment/cmv_mouse/K27ac_962_liver.ALL.SEACR.stringent.bed
    jobid: 102
    reason: Code has changed since last execution
    wildcards: genome=cmv_mouse, sample=K27ac_962_liver
    resources: tmpdir=/tmp

[Tue Sep  3 14:56:38 2024]
Error in rule SEACR:
    jobid: 104
    input: data/alignment/cmv/K27ac_261_liver.ALL.bedgraph
    output: data/alignment/cmv/K27ac_261_liver.ALL.SEACR.stringent.bed
    shell:
        bash ~/applications/SEACR/SEACR_1.3.sh data/alignment/cmv/K27ac_261_liver.ALL.bedgraph 0.01 norm stringent data/alignment/cmv/K27ac_261_liver.ALL.SEACR
        (one of the commands exited with non-zero exit code; note that snakemake uses bash strict mode!)

[Tue Sep  3 14:56:38 2024]
Error in rule SEACR:
    jobid: 110
    input: data/alignment/cmv/K27ac_962_liver.ALL.bedgraph
    output: data/alignment/cmv/K27ac_962_liver.ALL.SEACR.stringent.bed
    shell:
        bash ~/applications/SEACR/SEACR_1.3.sh data/alignment/cmv/K27ac_962_liver.ALL.bedgraph 0.01 norm stringent data/alignment/cmv/K27ac_962_liver.ALL.SEACR
        (one of the commands exited with non-zero exit code; note that snakemake uses bash strict mode!)

[Tue Sep  3 14:56:38 2024]
Error in rule SEACR:
    jobid: 108
    input: data/alignment/cmv/K27ac_961_liver.ALL.bedgraph
    output: data/alignment/cmv/K27ac_961_liver.ALL.SEACR.stringent.bed
    shell:
        bash ~/applications/SEACR/SEACR_1.3.sh data/alignment/cmv/K27ac_961_liver.ALL.bedgraph 0.01 norm stringent data/alignment/cmv/K27ac_961_liver.ALL.SEACR
        (one of the commands exited with non-zero exit code; note that snakemake uses bash strict mode!)

[Tue Sep  3 14:56:38 2024]
Error in rule SEACR:
    jobid: 106
    input: data/alignment/cmv/K27ac_262_liver.ALL.bedgraph
    output: data/alignment/cmv/K27ac_262_liver.ALL.SEACR.stringent.bed
    shell:
        bash ~/applications/SEACR/SEACR_1.3.sh data/alignment/cmv/K27ac_262_liver.ALL.bedgraph 0.01 norm stringent data/alignment/cmv/K27ac_262_liver.ALL.SEACR
        (one of the commands exited with non-zero exit code; note that snakemake uses bash strict mode!)

[Tue Sep  3 15:00:52 2024]
Finished job 98.
1 of 9 steps (11%) done
[Tue Sep  3 15:01:21 2024]
Finished job 102.
2 of 9 steps (22%) done
[Tue Sep  3 15:01:48 2024]
Finished job 96.
3 of 9 steps (33%) done
[Tue Sep  3 15:02:05 2024]
Finished job 100.
4 of 9 steps (44%) done
Shutting down, this might take some time.
Exiting because a job execution failed. Look above for error message
Complete log: .snakemake/log/2024-09-03T145635.194042.snakemake.log
