Building DAG of jobs...
Using shell: /usr/bin/bash
Provided cores: 8
Rules claiming more threads will be scaled down.
Job stats:
job                    count    min threads    max threads
-------------------  -------  -------------  -------------
all                        1              1              1
insert_size_metrics        8              1              1
total                      9              1              1

Select jobs to execute...

[Wed Aug  7 18:06:44 2024]
rule insert_size_metrics:
    input: data/alignment/cmv_mouse/K27ac_261_liver.ALL.bam, data/alignment/cmv_mouse/K27ac_261_liver.FILT.bam, data/alignment/cmv_mouse/K27ac_261_liver.SIZE.bam, data/alignment/cmv_mouse/K27ac_261_liver.FILT.SIZE.bam
    output: data/alignment/cmv_mouse/K27ac_261_liver.ALL.H, data/alignment/cmv_mouse/K27ac_261_liver.FILT.H, data/alignment/cmv_mouse/K27ac_261_liver.SIZE.H, data/alignment/cmv_mouse/K27ac_261_liver.FILT.SIZE.H, data/alignment/cmv_mouse/K27ac_261_liver.ALL.histogram, data/alignment/cmv_mouse/K27ac_261_liver.FILT.histogram, data/alignment/cmv_mouse/K27ac_261_liver.SIZE.histogram, data/alignment/cmv_mouse/K27ac_261_liver.FILT.SIZE.histogram
    jobid: 72
    reason: Missing output files: data/alignment/cmv_mouse/K27ac_261_liver.ALL.histogram
    wildcards: genome=cmv_mouse, sample=K27ac_261_liver
    resources: tmpdir=/tmp

[Wed Aug  7 18:06:45 2024]
rule insert_size_metrics:
    input: data/alignment/cmv_mouse/K27ac_961_liver.ALL.bam, data/alignment/cmv_mouse/K27ac_961_liver.FILT.bam, data/alignment/cmv_mouse/K27ac_961_liver.SIZE.bam, data/alignment/cmv_mouse/K27ac_961_liver.FILT.SIZE.bam
    output: data/alignment/cmv_mouse/K27ac_961_liver.ALL.H, data/alignment/cmv_mouse/K27ac_961_liver.FILT.H, data/alignment/cmv_mouse/K27ac_961_liver.SIZE.H, data/alignment/cmv_mouse/K27ac_961_liver.FILT.SIZE.H, data/alignment/cmv_mouse/K27ac_961_liver.ALL.histogram, data/alignment/cmv_mouse/K27ac_961_liver.FILT.histogram, data/alignment/cmv_mouse/K27ac_961_liver.SIZE.histogram, data/alignment/cmv_mouse/K27ac_961_liver.FILT.SIZE.histogram
    jobid: 74
    reason: Missing output files: data/alignment/cmv_mouse/K27ac_961_liver.ALL.histogram
    wildcards: genome=cmv_mouse, sample=K27ac_961_liver
    resources: tmpdir=/tmp

[Wed Aug  7 18:06:45 2024]
rule insert_size_metrics:
    input: data/alignment/cmv/K27ac_261_liver.ALL.bam, data/alignment/cmv/K27ac_261_liver.FILT.bam, data/alignment/cmv/K27ac_261_liver.SIZE.bam, data/alignment/cmv/K27ac_261_liver.FILT.SIZE.bam
    output: data/alignment/cmv/K27ac_261_liver.ALL.H, data/alignment/cmv/K27ac_261_liver.FILT.H, data/alignment/cmv/K27ac_261_liver.SIZE.H, data/alignment/cmv/K27ac_261_liver.FILT.SIZE.H, data/alignment/cmv/K27ac_261_liver.ALL.histogram, data/alignment/cmv/K27ac_261_liver.FILT.histogram, data/alignment/cmv/K27ac_261_liver.SIZE.histogram, data/alignment/cmv/K27ac_261_liver.FILT.SIZE.histogram
    jobid: 76
    reason: Missing output files: data/alignment/cmv/K27ac_261_liver.ALL.histogram
    wildcards: genome=cmv, sample=K27ac_261_liver
    resources: tmpdir=/tmp

[Wed Aug  7 18:06:45 2024]
rule insert_size_metrics:
    input: data/alignment/cmv/K27ac_961_liver.ALL.bam, data/alignment/cmv/K27ac_961_liver.FILT.bam, data/alignment/cmv/K27ac_961_liver.SIZE.bam, data/alignment/cmv/K27ac_961_liver.FILT.SIZE.bam
    output: data/alignment/cmv/K27ac_961_liver.ALL.H, data/alignment/cmv/K27ac_961_liver.FILT.H, data/alignment/cmv/K27ac_961_liver.SIZE.H, data/alignment/cmv/K27ac_961_liver.FILT.SIZE.H, data/alignment/cmv/K27ac_961_liver.ALL.histogram, data/alignment/cmv/K27ac_961_liver.FILT.histogram, data/alignment/cmv/K27ac_961_liver.SIZE.histogram, data/alignment/cmv/K27ac_961_liver.FILT.SIZE.histogram
    jobid: 78
    reason: Missing output files: data/alignment/cmv/K27ac_961_liver.ALL.histogram
    wildcards: genome=cmv, sample=K27ac_961_liver
    resources: tmpdir=/tmp

[Wed Aug  7 18:06:45 2024]
rule insert_size_metrics:
    input: data/alignment/cmv_mouse/K27ac_262_liver.ALL.bam, data/alignment/cmv_mouse/K27ac_262_liver.FILT.bam, data/alignment/cmv_mouse/K27ac_262_liver.SIZE.bam, data/alignment/cmv_mouse/K27ac_262_liver.FILT.SIZE.bam
    output: data/alignment/cmv_mouse/K27ac_262_liver.ALL.H, data/alignment/cmv_mouse/K27ac_262_liver.FILT.H, data/alignment/cmv_mouse/K27ac_262_liver.SIZE.H, data/alignment/cmv_mouse/K27ac_262_liver.FILT.SIZE.H, data/alignment/cmv_mouse/K27ac_262_liver.ALL.histogram, data/alignment/cmv_mouse/K27ac_262_liver.FILT.histogram, data/alignment/cmv_mouse/K27ac_262_liver.SIZE.histogram, data/alignment/cmv_mouse/K27ac_262_liver.FILT.SIZE.histogram
    jobid: 73
    reason: Missing output files: data/alignment/cmv_mouse/K27ac_262_liver.ALL.histogram
    wildcards: genome=cmv_mouse, sample=K27ac_262_liver
    resources: tmpdir=/tmp

[Wed Aug  7 18:06:45 2024]
rule insert_size_metrics:
    input: data/alignment/cmv_mouse/K27ac_962_liver.ALL.bam, data/alignment/cmv_mouse/K27ac_962_liver.FILT.bam, data/alignment/cmv_mouse/K27ac_962_liver.SIZE.bam, data/alignment/cmv_mouse/K27ac_962_liver.FILT.SIZE.bam
    output: data/alignment/cmv_mouse/K27ac_962_liver.ALL.H, data/alignment/cmv_mouse/K27ac_962_liver.FILT.H, data/alignment/cmv_mouse/K27ac_962_liver.SIZE.H, data/alignment/cmv_mouse/K27ac_962_liver.FILT.SIZE.H, data/alignment/cmv_mouse/K27ac_962_liver.ALL.histogram, data/alignment/cmv_mouse/K27ac_962_liver.FILT.histogram, data/alignment/cmv_mouse/K27ac_962_liver.SIZE.histogram, data/alignment/cmv_mouse/K27ac_962_liver.FILT.SIZE.histogram
    jobid: 75
    reason: Missing output files: data/alignment/cmv_mouse/K27ac_962_liver.ALL.histogram
    wildcards: genome=cmv_mouse, sample=K27ac_962_liver
    resources: tmpdir=/tmp

[Wed Aug  7 18:06:45 2024]
rule insert_size_metrics:
    input: data/alignment/cmv/K27ac_262_liver.ALL.bam, data/alignment/cmv/K27ac_262_liver.FILT.bam, data/alignment/cmv/K27ac_262_liver.SIZE.bam, data/alignment/cmv/K27ac_262_liver.FILT.SIZE.bam
    output: data/alignment/cmv/K27ac_262_liver.ALL.H, data/alignment/cmv/K27ac_262_liver.FILT.H, data/alignment/cmv/K27ac_262_liver.SIZE.H, data/alignment/cmv/K27ac_262_liver.FILT.SIZE.H, data/alignment/cmv/K27ac_262_liver.ALL.histogram, data/alignment/cmv/K27ac_262_liver.FILT.histogram, data/alignment/cmv/K27ac_262_liver.SIZE.histogram, data/alignment/cmv/K27ac_262_liver.FILT.SIZE.histogram
    jobid: 77
    reason: Missing output files: data/alignment/cmv/K27ac_262_liver.ALL.histogram
    wildcards: genome=cmv, sample=K27ac_262_liver
    resources: tmpdir=/tmp

[Wed Aug  7 18:06:45 2024]
rule insert_size_metrics:
    input: data/alignment/cmv/K27ac_962_liver.ALL.bam, data/alignment/cmv/K27ac_962_liver.FILT.bam, data/alignment/cmv/K27ac_962_liver.SIZE.bam, data/alignment/cmv/K27ac_962_liver.FILT.SIZE.bam
    output: data/alignment/cmv/K27ac_962_liver.ALL.H, data/alignment/cmv/K27ac_962_liver.FILT.H, data/alignment/cmv/K27ac_962_liver.SIZE.H, data/alignment/cmv/K27ac_962_liver.FILT.SIZE.H, data/alignment/cmv/K27ac_962_liver.ALL.histogram, data/alignment/cmv/K27ac_962_liver.FILT.histogram, data/alignment/cmv/K27ac_962_liver.SIZE.histogram, data/alignment/cmv/K27ac_962_liver.FILT.SIZE.histogram
    jobid: 79
    reason: Missing output files: data/alignment/cmv/K27ac_962_liver.ALL.histogram
    wildcards: genome=cmv, sample=K27ac_962_liver
    resources: tmpdir=/tmp

[Wed Aug  7 18:07:26 2024]
Finished job 78.
1 of 9 steps (11%) done
[Wed Aug  7 18:07:36 2024]
Finished job 79.
2 of 9 steps (22%) done
[Wed Aug  7 18:07:48 2024]
Finished job 76.
3 of 9 steps (33%) done
[Wed Aug  7 18:08:01 2024]
Finished job 77.
4 of 9 steps (44%) done
[Wed Aug  7 19:47:58 2024]
Finished job 73.
5 of 9 steps (56%) done
[Wed Aug  7 19:58:39 2024]
Finished job 72.
6 of 9 steps (67%) done
[Wed Aug  7 20:02:25 2024]
Finished job 74.
7 of 9 steps (78%) done
[Wed Aug  7 20:04:32 2024]
Finished job 75.
8 of 9 steps (89%) done
Select jobs to execute...

[Wed Aug  7 20:04:32 2024]
localrule all:
    input: data/raw_data/QC/multiqc/multiqc_report.html, data/alignment/cmv_mouse/K27ac_261_liver.ALL.nreads, data/alignment/cmv_mouse/K27ac_262_liver.ALL.nreads, data/alignment/cmv_mouse/K27ac_961_liver.ALL.nreads, data/alignment/cmv_mouse/K27ac_962_liver.ALL.nreads, data/alignment/cmv/K27ac_261_liver.ALL.nreads, data/alignment/cmv/K27ac_262_liver.ALL.nreads, data/alignment/cmv/K27ac_961_liver.ALL.nreads, data/alignment/cmv/K27ac_962_liver.ALL.nreads, data/alignment/cmv_mouse/K27ac_261_liver.ALL.histogram, data/alignment/cmv_mouse/K27ac_262_liver.ALL.histogram, data/alignment/cmv_mouse/K27ac_961_liver.ALL.histogram, data/alignment/cmv_mouse/K27ac_962_liver.ALL.histogram, data/alignment/cmv/K27ac_261_liver.ALL.histogram, data/alignment/cmv/K27ac_262_liver.ALL.histogram, data/alignment/cmv/K27ac_961_liver.ALL.histogram, data/alignment/cmv/K27ac_962_liver.ALL.histogram, data/alignment/cmv_mouse/K27ac_261_liver.ALL.bw, data/alignment/cmv_mouse/K27ac_262_liver.ALL.bw, data/alignment/cmv_mouse/K27ac_961_liver.ALL.bw, data/alignment/cmv_mouse/K27ac_962_liver.ALL.bw, data/alignment/cmv/K27ac_261_liver.ALL.bw, data/alignment/cmv/K27ac_262_liver.ALL.bw, data/alignment/cmv/K27ac_961_liver.ALL.bw, data/alignment/cmv/K27ac_962_liver.ALL.bw, data/alignment/cmv_mouse/QC/K27ac_261_liver.ALL/genome_results.txt, data/alignment/cmv_mouse/QC/K27ac_262_liver.ALL/genome_results.txt, data/alignment/cmv_mouse/QC/K27ac_961_liver.ALL/genome_results.txt, data/alignment/cmv_mouse/QC/K27ac_962_liver.ALL/genome_results.txt, data/alignment/cmv/QC/K27ac_261_liver.ALL/genome_results.txt, data/alignment/cmv/QC/K27ac_262_liver.ALL/genome_results.txt, data/alignment/cmv/QC/K27ac_961_liver.ALL/genome_results.txt, data/alignment/cmv/QC/K27ac_962_liver.ALL/genome_results.txt
    jobid: 0
    reason: Input files updated by another job: data/alignment/cmv/K27ac_962_liver.ALL.histogram, data/alignment/cmv/K27ac_262_liver.ALL.histogram, data/alignment/cmv/K27ac_961_liver.ALL.histogram, data/alignment/cmv_mouse/K27ac_262_liver.ALL.histogram, data/alignment/cmv_mouse/K27ac_961_liver.ALL.histogram, data/alignment/cmv_mouse/K27ac_962_liver.ALL.histogram, data/alignment/cmv_mouse/K27ac_261_liver.ALL.histogram, data/alignment/cmv/K27ac_261_liver.ALL.histogram
    resources: tmpdir=/tmp

[Wed Aug  7 20:04:32 2024]
Finished job 0.
9 of 9 steps (100%) done
Complete log: .snakemake/log/2024-08-07T180643.771298.snakemake.log
